2023-10-31 01:10:10.333 +01:00 [Information] User profile is available. Using '"C:\Users\harun\AppData\Local\ASP.NET\DataProtection-Keys"' as key repository and Windows DPAPI to encrypt keys at rest.
2023-10-31 01:10:10.615 +01:00 [Information] Now listening on: "https://localhost:7290"
2023-10-31 01:10:10.615 +01:00 [Information] Now listening on: "http://localhost:5152"
2023-10-31 01:10:10.620 +01:00 [Information] Application started. Press Ctrl+C to shut down.
2023-10-31 01:10:10.621 +01:00 [Information] Hosting environment: "Development"
2023-10-31 01:10:10.621 +01:00 [Information] Content root path: "C:\Users\harun\OneDrive\Masaüstü\Forum\Forum\"
2023-10-31 01:10:11.375 +01:00 [Information] Request starting HTTP/2 GET https://localhost:7290/ - -
2023-10-31 01:10:11.693 +01:00 [Information] Executing endpoint '"Forum.Controllers.HomeController.Index (Forum)"'
2023-10-31 01:10:11.708 +01:00 [Information] Route matched with "{action = \"Index\", controller = \"Home\", page = \"\", area = \"\"}". Executing controller action with signature "Microsoft.AspNetCore.Mvc.IActionResult Index()" on controller "Forum.Controllers.HomeController" ("Forum").
2023-10-31 01:10:11.723 +01:00 [Information] Executing ViewResult, running view "Index".
2023-10-31 01:10:11.984 +01:00 [Information] Executed ViewResult - view "Index" executed in 263.6964ms.
2023-10-31 01:10:11.987 +01:00 [Information] Executed action "Forum.Controllers.HomeController.Index (Forum)" in 277.7577ms
2023-10-31 01:10:11.987 +01:00 [Information] Executed endpoint '"Forum.Controllers.HomeController.Index (Forum)"'
2023-10-31 01:10:12.022 +01:00 [Information] Request finished HTTP/2 GET https://localhost:7290/ - - - 200 - text/html;+charset=utf-8 652.2494ms
2023-10-31 01:10:12.040 +01:00 [Information] Request starting HTTP/2 GET https://localhost:7290/css/site.css?v=xb4QVjUfIwH3AAdWsQq0Z8PTgD-LybR3L14bbNR4Xc0 - -
2023-10-31 01:10:12.040 +01:00 [Information] Request starting HTTP/2 GET https://localhost:7290/lib/bootstrap/dist/css/bootstrap.min.css - -
2023-10-31 01:10:12.041 +01:00 [Information] Request starting HTTP/2 GET https://localhost:7290/Forum.styles.css?v=WLrVMYiZoeVtYvtsR1KO9jHv7jJpDgGkNNRPzibFmBk - -
2023-10-31 01:10:12.046 +01:00 [Information] Request starting HTTP/2 GET https://localhost:7290/_framework/aspnetcore-browser-refresh.js - -
2023-10-31 01:10:12.058 +01:00 [Information] Request starting HTTP/2 GET https://localhost:7290/lib/jquery/dist/jquery.min.js - -
2023-10-31 01:10:12.058 +01:00 [Information] Request starting HTTP/2 GET https://localhost:7290/lib/bootstrap/dist/js/bootstrap.bundle.min.js - -
2023-10-31 01:10:12.058 +01:00 [Information] Request starting HTTP/2 GET https://localhost:7290/js/site.js?v=4q1jwFhaPaZgr8WAUSrux6hAuh0XDg9kPS3xIVq36I0 - -
2023-10-31 01:10:12.059 +01:00 [Information] The file "/css/site.css" was not modified
2023-10-31 01:10:12.059 +01:00 [Information] The file "/lib/bootstrap/dist/css/bootstrap.min.css" was not modified
2023-10-31 01:10:12.059 +01:00 [Information] Request finished HTTP/2 GET https://localhost:7290/_framework/aspnetcore-browser-refresh.js - - - 200 12342 application/javascript;+charset=utf-8 12.9873ms
2023-10-31 01:10:12.059 +01:00 [Information] The file "/js/site.js" was not modified
2023-10-31 01:10:12.059 +01:00 [Information] The file "/lib/bootstrap/dist/js/bootstrap.bundle.min.js" was not modified
2023-10-31 01:10:12.059 +01:00 [Information] The file "/Forum.styles.css" was not modified
2023-10-31 01:10:12.059 +01:00 [Information] Request starting HTTP/2 GET https://localhost:7290/_vs/browserLink - -
2023-10-31 01:10:12.059 +01:00 [Information] Request finished HTTP/2 GET https://localhost:7290/css/site.css?v=xb4QVjUfIwH3AAdWsQq0Z8PTgD-LybR3L14bbNR4Xc0 - - - 304 - text/css 18.7812ms
2023-10-31 01:10:12.059 +01:00 [Information] The file "/lib/jquery/dist/jquery.min.js" was not modified
2023-10-31 01:10:12.059 +01:00 [Information] Request finished HTTP/2 GET https://localhost:7290/js/site.js?v=4q1jwFhaPaZgr8WAUSrux6hAuh0XDg9kPS3xIVq36I0 - - - 304 - application/javascript 0.7434ms
2023-10-31 01:10:12.065 +01:00 [Information] Request finished HTTP/2 GET https://localhost:7290/lib/jquery/dist/jquery.min.js - - - 304 - application/javascript 7.2630ms
2023-10-31 01:10:12.059 +01:00 [Information] Request finished HTTP/2 GET https://localhost:7290/Forum.styles.css?v=WLrVMYiZoeVtYvtsR1KO9jHv7jJpDgGkNNRPzibFmBk - - - 304 - text/css 18.6663ms
2023-10-31 01:10:12.059 +01:00 [Information] Request finished HTTP/2 GET https://localhost:7290/lib/bootstrap/dist/css/bootstrap.min.css - - - 304 - text/css 18.8843ms
2023-10-31 01:10:12.059 +01:00 [Information] Request finished HTTP/2 GET https://localhost:7290/lib/bootstrap/dist/js/bootstrap.bundle.min.js - - - 304 - application/javascript 0.9027ms
2023-10-31 01:10:12.106 +01:00 [Information] Request finished HTTP/2 GET https://localhost:7290/_vs/browserLink - - - 200 - text/javascript;+charset=UTF-8 46.4293ms
2023-10-31 01:10:16.057 +01:00 [Information] Request starting HTTP/2 GET https://localhost:7290/Questions - -
2023-10-31 01:10:16.069 +01:00 [Information] Executing endpoint '"Forum.Controllers.QuestionsController.Index (Forum)"'
2023-10-31 01:10:16.077 +01:00 [Information] Route matched with "{action = \"Index\", controller = \"Questions\", page = \"\", area = \"\"}". Executing controller action with signature "System.Threading.Tasks.Task`1[Microsoft.AspNetCore.Mvc.IActionResult] Index()" on controller "Forum.Controllers.QuestionsController" ("Forum").
2023-10-31 01:10:17.003 +01:00 [Information] Entity Framework Core "6.0.23" initialized '"ApplicationDbContext"' using provider '"Microsoft.EntityFrameworkCore.SqlServer":"6.0.23"' with options: "None"
2023-10-31 01:10:17.891 +01:00 [Information] Executing ViewResult, running view "Index".
2023-10-31 01:10:17.901 +01:00 [Information] Executed ViewResult - view "Index" executed in 10.7643ms.
2023-10-31 01:10:17.901 +01:00 [Information] Executed action "Forum.Controllers.QuestionsController.Index (Forum)" in 1823.7395ms
2023-10-31 01:10:17.902 +01:00 [Information] Executed endpoint '"Forum.Controllers.QuestionsController.Index (Forum)"'
2023-10-31 01:10:17.908 +01:00 [Information] Request finished HTTP/2 GET https://localhost:7290/Questions - - - 200 - text/html;+charset=utf-8 1850.7402ms
2023-10-31 01:10:17.913 +01:00 [Information] Request starting HTTP/2 GET https://localhost:7290/_vs/browserLink - -
2023-10-31 01:10:17.913 +01:00 [Information] Request starting HTTP/2 GET https://localhost:7290/_framework/aspnetcore-browser-refresh.js - -
2023-10-31 01:10:17.913 +01:00 [Information] Request finished HTTP/2 GET https://localhost:7290/_framework/aspnetcore-browser-refresh.js - - - 200 12342 application/javascript;+charset=utf-8 0.4239ms
2023-10-31 01:10:17.916 +01:00 [Information] Request finished HTTP/2 GET https://localhost:7290/_vs/browserLink - - - 200 - text/javascript;+charset=UTF-8 3.3221ms
2023-10-31 01:10:20.623 +01:00 [Information] Request starting HTTP/2 GET https://localhost:7290/Questions/Create - -
2023-10-31 01:10:20.654 +01:00 [Information] Executing endpoint '"Forum.Controllers.QuestionsController.Create (Forum)"'
2023-10-31 01:10:20.655 +01:00 [Information] Route matched with "{action = \"Create\", controller = \"Questions\", page = \"\", area = \"\"}". Executing controller action with signature "Microsoft.AspNetCore.Mvc.IActionResult Create()" on controller "Forum.Controllers.QuestionsController" ("Forum").
2023-10-31 01:10:20.656 +01:00 [Information] Executing ViewResult, running view "Create".
2023-10-31 01:10:20.682 +01:00 [Information] Executed ViewResult - view "Create" executed in 26.5773ms.
2023-10-31 01:10:20.682 +01:00 [Information] Executed action "Forum.Controllers.QuestionsController.Create (Forum)" in 27.0853ms
2023-10-31 01:10:20.682 +01:00 [Information] Executed endpoint '"Forum.Controllers.QuestionsController.Create (Forum)"'
2023-10-31 01:10:20.685 +01:00 [Information] Request finished HTTP/2 GET https://localhost:7290/Questions/Create - - - 200 - text/html;+charset=utf-8 61.6103ms
2023-10-31 01:10:20.691 +01:00 [Information] Request starting HTTP/2 GET https://localhost:7290/lib/jquery-validation/dist/jquery.validate.min.js - -
2023-10-31 01:10:20.692 +01:00 [Information] The file "/lib/jquery-validation/dist/jquery.validate.min.js" was not modified
2023-10-31 01:10:20.692 +01:00 [Information] Request finished HTTP/2 GET https://localhost:7290/lib/jquery-validation/dist/jquery.validate.min.js - - - 304 - application/javascript 0.5395ms
2023-10-31 01:10:20.692 +01:00 [Information] Request starting HTTP/2 GET https://localhost:7290/_framework/aspnetcore-browser-refresh.js - -
2023-10-31 01:10:20.692 +01:00 [Information] Request starting HTTP/2 GET https://localhost:7290/lib/jquery-validation-unobtrusive/jquery.validate.unobtrusive.min.js - -
2023-10-31 01:10:20.693 +01:00 [Information] Request finished HTTP/2 GET https://localhost:7290/_framework/aspnetcore-browser-refresh.js - - - 200 12342 application/javascript;+charset=utf-8 0.2464ms
2023-10-31 01:10:20.693 +01:00 [Information] The file "/lib/jquery-validation-unobtrusive/jquery.validate.unobtrusive.min.js" was not modified
2023-10-31 01:10:20.693 +01:00 [Information] Request finished HTTP/2 GET https://localhost:7290/lib/jquery-validation-unobtrusive/jquery.validate.unobtrusive.min.js - - - 304 - application/javascript 0.4681ms
2023-10-31 01:10:20.698 +01:00 [Information] Request starting HTTP/2 GET https://localhost:7290/_vs/browserLink - -
2023-10-31 01:10:20.701 +01:00 [Information] Request finished HTTP/2 GET https://localhost:7290/_vs/browserLink - - - 200 - text/javascript;+charset=UTF-8 2.8059ms
2023-10-31 01:10:31.752 +01:00 [Information] Request starting HTTP/2 POST https://localhost:7290/Questions/Create application/x-www-form-urlencoded 314
2023-10-31 01:10:31.758 +01:00 [Information] Executing endpoint '"Forum.Controllers.QuestionsController.Create (Forum)"'
2023-10-31 01:10:31.781 +01:00 [Information] Route matched with "{action = \"Create\", controller = \"Questions\", page = \"\", area = \"\"}". Executing controller action with signature "System.Threading.Tasks.Task`1[Microsoft.AspNetCore.Mvc.IActionResult] Create(Forum.Models.Question)" on controller "Forum.Controllers.QuestionsController" ("Forum").
2023-10-31 01:10:31.798 +01:00 [Information] Entity Framework Core "6.0.23" initialized '"ApplicationDbContext"' using provider '"Microsoft.EntityFrameworkCore.SqlServer":"6.0.23"' with options: "None"
2023-10-31 01:10:31.999 +01:00 [Information] Executing RedirectResult, redirecting to "/Questions".
2023-10-31 01:10:32.000 +01:00 [Information] Executed action "Forum.Controllers.QuestionsController.Create (Forum)" in 218.9933ms
2023-10-31 01:10:32.000 +01:00 [Information] Executed endpoint '"Forum.Controllers.QuestionsController.Create (Forum)"'
2023-10-31 01:10:32.000 +01:00 [Information] Request finished HTTP/2 POST https://localhost:7290/Questions/Create application/x-www-form-urlencoded 314 - 302 0 - 248.5675ms
2023-10-31 01:10:32.003 +01:00 [Information] Request starting HTTP/2 GET https://localhost:7290/Questions - -
2023-10-31 01:10:32.004 +01:00 [Information] Executing endpoint '"Forum.Controllers.QuestionsController.Index (Forum)"'
2023-10-31 01:10:32.004 +01:00 [Information] Route matched with "{action = \"Index\", controller = \"Questions\", page = \"\", area = \"\"}". Executing controller action with signature "System.Threading.Tasks.Task`1[Microsoft.AspNetCore.Mvc.IActionResult] Index()" on controller "Forum.Controllers.QuestionsController" ("Forum").
2023-10-31 01:10:32.053 +01:00 [Information] Entity Framework Core "6.0.23" initialized '"ApplicationDbContext"' using provider '"Microsoft.EntityFrameworkCore.SqlServer":"6.0.23"' with options: "None"
2023-10-31 01:10:32.065 +01:00 [Information] Executing ViewResult, running view "Index".
2023-10-31 01:10:32.070 +01:00 [Information] Executed ViewResult - view "Index" executed in 4.6414ms.
2023-10-31 01:10:32.070 +01:00 [Information] Executed action "Forum.Controllers.QuestionsController.Index (Forum)" in 66.0168ms
2023-10-31 01:10:32.070 +01:00 [Information] Executed endpoint '"Forum.Controllers.QuestionsController.Index (Forum)"'
2023-10-31 01:10:32.072 +01:00 [Information] Request finished HTTP/2 GET https://localhost:7290/Questions - - - 200 - text/html;+charset=utf-8 68.4769ms
2023-10-31 01:10:32.084 +01:00 [Information] Request starting HTTP/2 GET https://localhost:7290/_vs/browserLink - -
2023-10-31 01:10:32.084 +01:00 [Information] Request starting HTTP/2 GET https://localhost:7290/_framework/aspnetcore-browser-refresh.js - -
2023-10-31 01:10:32.084 +01:00 [Information] Request finished HTTP/2 GET https://localhost:7290/_framework/aspnetcore-browser-refresh.js - - - 200 12342 application/javascript;+charset=utf-8 0.3741ms
2023-10-31 01:10:32.096 +01:00 [Information] Request finished HTTP/2 GET https://localhost:7290/_vs/browserLink - - - 200 - text/javascript;+charset=UTF-8 12.7261ms
2023-10-31 01:10:59.239 +01:00 [Information] Request starting HTTP/2 GET https://localhost:7290/Questions/Details/3 - -
2023-10-31 01:10:59.242 +01:00 [Information] Executing endpoint '"Forum.Controllers.QuestionsController.Details (Forum)"'
2023-10-31 01:10:59.248 +01:00 [Information] Route matched with "{action = \"Details\", controller = \"Questions\", page = \"\", area = \"\"}". Executing controller action with signature "System.Threading.Tasks.Task`1[Microsoft.AspNetCore.Mvc.IActionResult] Details(System.Nullable`1[System.Int32])" on controller "Forum.Controllers.QuestionsController" ("Forum").
2023-10-31 01:10:59.254 +01:00 [Information] Entity Framework Core "6.0.23" initialized '"ApplicationDbContext"' using provider '"Microsoft.EntityFrameworkCore.SqlServer":"6.0.23"' with options: "None"
2023-10-31 01:10:59.323 +01:00 [Information] Executing ViewResult, running view "Details".
2023-10-31 01:10:59.332 +01:00 [Information] Executed ViewResult - view "Details" executed in 10.4794ms.
2023-10-31 01:10:59.332 +01:00 [Information] Executed action "Forum.Controllers.QuestionsController.Details (Forum)" in 83.8554ms
2023-10-31 01:10:59.332 +01:00 [Information] Executed endpoint '"Forum.Controllers.QuestionsController.Details (Forum)"'
2023-10-31 01:10:59.334 +01:00 [Information] Request finished HTTP/2 GET https://localhost:7290/Questions/Details/3 - - - 200 - text/html;+charset=utf-8 95.4270ms
2023-10-31 01:10:59.346 +01:00 [Information] Request starting HTTP/2 GET https://localhost:7290/_vs/browserLink - -
2023-10-31 01:10:59.346 +01:00 [Information] Request starting HTTP/2 GET https://localhost:7290/_framework/aspnetcore-browser-refresh.js - -
2023-10-31 01:10:59.347 +01:00 [Information] Request finished HTTP/2 GET https://localhost:7290/_framework/aspnetcore-browser-refresh.js - - - 200 12342 application/javascript;+charset=utf-8 0.2259ms
2023-10-31 01:10:59.349 +01:00 [Information] Request finished HTTP/2 GET https://localhost:7290/_vs/browserLink - - - 200 - text/javascript;+charset=UTF-8 3.5009ms
2023-10-31 01:11:03.768 +01:00 [Information] Request starting HTTP/2 POST https://localhost:7290/Questions/AddAnswer application/x-www-form-urlencoded 312
2023-10-31 01:11:03.772 +01:00 [Information] Executing endpoint '"Forum.Controllers.QuestionsController.AddAnswer (Forum)"'
2023-10-31 01:11:03.778 +01:00 [Information] Route matched with "{action = \"AddAnswer\", controller = \"Questions\", page = \"\", area = \"\"}". Executing controller action with signature "System.Threading.Tasks.Task`1[Microsoft.AspNetCore.Mvc.IActionResult] AddAnswer(Forum.Models.Answer)" on controller "Forum.Controllers.QuestionsController" ("Forum").
2023-10-31 01:11:03.783 +01:00 [Information] Entity Framework Core "6.0.23" initialized '"ApplicationDbContext"' using provider '"Microsoft.EntityFrameworkCore.SqlServer":"6.0.23"' with options: "None"
2023-10-31 01:11:03.819 +01:00 [Information] Executing RedirectResult, redirecting to "/Questions/Details/3".
2023-10-31 01:11:03.819 +01:00 [Information] Executed action "Forum.Controllers.QuestionsController.AddAnswer (Forum)" in 41.3623ms
2023-10-31 01:11:03.819 +01:00 [Information] Executed endpoint '"Forum.Controllers.QuestionsController.AddAnswer (Forum)"'
2023-10-31 01:11:03.820 +01:00 [Information] Request finished HTTP/2 POST https://localhost:7290/Questions/AddAnswer application/x-www-form-urlencoded 312 - 302 0 - 51.9111ms
2023-10-31 01:11:03.824 +01:00 [Information] Request starting HTTP/2 GET https://localhost:7290/Questions/Details/3 - -
2023-10-31 01:11:03.826 +01:00 [Information] Executing endpoint '"Forum.Controllers.QuestionsController.Details (Forum)"'
2023-10-31 01:11:03.826 +01:00 [Information] Route matched with "{action = \"Details\", controller = \"Questions\", page = \"\", area = \"\"}". Executing controller action with signature "System.Threading.Tasks.Task`1[Microsoft.AspNetCore.Mvc.IActionResult] Details(System.Nullable`1[System.Int32])" on controller "Forum.Controllers.QuestionsController" ("Forum").
2023-10-31 01:11:03.827 +01:00 [Information] Entity Framework Core "6.0.23" initialized '"ApplicationDbContext"' using provider '"Microsoft.EntityFrameworkCore.SqlServer":"6.0.23"' with options: "None"
2023-10-31 01:11:03.839 +01:00 [Information] Executing ViewResult, running view "Details".
2023-10-31 01:11:03.845 +01:00 [Information] Executed ViewResult - view "Details" executed in 6.0253ms.
2023-10-31 01:11:03.845 +01:00 [Information] Executed action "Forum.Controllers.QuestionsController.Details (Forum)" in 18.9687ms
2023-10-31 01:11:03.845 +01:00 [Information] Executed endpoint '"Forum.Controllers.QuestionsController.Details (Forum)"'
2023-10-31 01:11:03.847 +01:00 [Information] Request finished HTTP/2 GET https://localhost:7290/Questions/Details/3 - - - 200 - text/html;+charset=utf-8 22.6730ms
2023-10-31 01:11:03.865 +01:00 [Information] Request starting HTTP/2 GET https://localhost:7290/_vs/browserLink - -
2023-10-31 01:11:03.869 +01:00 [Information] Request starting HTTP/2 GET https://localhost:7290/_framework/aspnetcore-browser-refresh.js - -
2023-10-31 01:11:03.869 +01:00 [Information] Request finished HTTP/2 GET https://localhost:7290/_framework/aspnetcore-browser-refresh.js - - - 200 12342 application/javascript;+charset=utf-8 0.4309ms
2023-10-31 01:11:03.874 +01:00 [Information] Request finished HTTP/2 GET https://localhost:7290/_vs/browserLink - - - 200 - text/javascript;+charset=UTF-8 9.0318ms
2023-10-31 01:11:06.483 +01:00 [Information] Request starting HTTP/2 GET https://localhost:7290/Questions - -
2023-10-31 01:11:06.485 +01:00 [Information] Executing endpoint '"Forum.Controllers.QuestionsController.Index (Forum)"'
2023-10-31 01:11:06.485 +01:00 [Information] Route matched with "{action = \"Index\", controller = \"Questions\", page = \"\", area = \"\"}". Executing controller action with signature "System.Threading.Tasks.Task`1[Microsoft.AspNetCore.Mvc.IActionResult] Index()" on controller "Forum.Controllers.QuestionsController" ("Forum").
2023-10-31 01:11:06.486 +01:00 [Information] Entity Framework Core "6.0.23" initialized '"ApplicationDbContext"' using provider '"Microsoft.EntityFrameworkCore.SqlServer":"6.0.23"' with options: "None"
2023-10-31 01:11:06.497 +01:00 [Information] Executing ViewResult, running view "Index".
2023-10-31 01:11:06.504 +01:00 [Information] Executed ViewResult - view "Index" executed in 7.8902ms.
2023-10-31 01:11:06.505 +01:00 [Information] Executed action "Forum.Controllers.QuestionsController.Index (Forum)" in 19.4524ms
2023-10-31 01:11:06.505 +01:00 [Information] Executed endpoint '"Forum.Controllers.QuestionsController.Index (Forum)"'
2023-10-31 01:11:06.507 +01:00 [Information] Request finished HTTP/2 GET https://localhost:7290/Questions - - - 200 - text/html;+charset=utf-8 23.5772ms
2023-10-31 01:11:06.522 +01:00 [Information] Request starting HTTP/2 GET https://localhost:7290/_vs/browserLink - -
2023-10-31 01:11:06.523 +01:00 [Information] Request starting HTTP/2 GET https://localhost:7290/_framework/aspnetcore-browser-refresh.js - -
2023-10-31 01:11:06.524 +01:00 [Information] Request finished HTTP/2 GET https://localhost:7290/_framework/aspnetcore-browser-refresh.js - - - 200 12342 application/javascript;+charset=utf-8 0.4422ms
2023-10-31 01:11:06.527 +01:00 [Information] Request finished HTTP/2 GET https://localhost:7290/_vs/browserLink - - - 200 - text/javascript;+charset=UTF-8 4.3571ms
2023-10-31 01:11:13.606 +01:00 [Information] Request starting HTTP/2 GET https://localhost:7290/Questions/Edit/3 - -
2023-10-31 01:11:13.606 +01:00 [Information] Executing endpoint '"Forum.Controllers.QuestionsController.Edit (Forum)"'
2023-10-31 01:11:13.609 +01:00 [Information] Route matched with "{action = \"Edit\", controller = \"Questions\", page = \"\", area = \"\"}". Executing controller action with signature "System.Threading.Tasks.Task`1[Microsoft.AspNetCore.Mvc.IActionResult] Edit(System.Nullable`1[System.Int32])" on controller "Forum.Controllers.QuestionsController" ("Forum").
2023-10-31 01:11:13.611 +01:00 [Information] Entity Framework Core "6.0.23" initialized '"ApplicationDbContext"' using provider '"Microsoft.EntityFrameworkCore.SqlServer":"6.0.23"' with options: "None"
2023-10-31 01:11:13.630 +01:00 [Information] Executing ViewResult, running view "Edit".
2023-10-31 01:11:13.652 +01:00 [Information] Executed ViewResult - view "Edit" executed in 22.6589ms.
2023-10-31 01:11:13.653 +01:00 [Information] Executed action "Forum.Controllers.QuestionsController.Edit (Forum)" in 43.4563ms
2023-10-31 01:11:13.653 +01:00 [Information] Executed endpoint '"Forum.Controllers.QuestionsController.Edit (Forum)"'
2023-10-31 01:11:13.654 +01:00 [Information] Request finished HTTP/2 GET https://localhost:7290/Questions/Edit/3 - - - 200 - text/html;+charset=utf-8 48.4625ms
2023-10-31 01:11:13.667 +01:00 [Information] Request starting HTTP/2 GET https://localhost:7290/_framework/aspnetcore-browser-refresh.js - -
2023-10-31 01:11:13.667 +01:00 [Information] Request finished HTTP/2 GET https://localhost:7290/_framework/aspnetcore-browser-refresh.js - - - 200 12342 application/javascript;+charset=utf-8 0.3734ms
2023-10-31 01:11:13.671 +01:00 [Information] Request starting HTTP/2 GET https://localhost:7290/_vs/browserLink - -
2023-10-31 01:11:13.674 +01:00 [Information] Request finished HTTP/2 GET https://localhost:7290/_vs/browserLink - - - 200 - text/javascript;+charset=UTF-8 2.8132ms
2023-10-31 01:11:22.943 +01:00 [Information] Request starting HTTP/2 POST https://localhost:7290/Questions/Edit/3 application/x-www-form-urlencoded 325
2023-10-31 01:11:22.947 +01:00 [Information] Executing endpoint '"Forum.Controllers.QuestionsController.Edit (Forum)"'
2023-10-31 01:11:22.953 +01:00 [Information] Route matched with "{action = \"Edit\", controller = \"Questions\", page = \"\", area = \"\"}". Executing controller action with signature "System.Threading.Tasks.Task`1[Microsoft.AspNetCore.Mvc.IActionResult] Edit(Int32, Forum.Models.Question)" on controller "Forum.Controllers.QuestionsController" ("Forum").
2023-10-31 01:11:22.959 +01:00 [Information] Entity Framework Core "6.0.23" initialized '"ApplicationDbContext"' using provider '"Microsoft.EntityFrameworkCore.SqlServer":"6.0.23"' with options: "None"
2023-10-31 01:11:22.988 +01:00 [Information] Executing RedirectResult, redirecting to "/Questions".
2023-10-31 01:11:22.988 +01:00 [Information] Executed action "Forum.Controllers.QuestionsController.Edit (Forum)" in 34.2691ms
2023-10-31 01:11:22.988 +01:00 [Information] Executed endpoint '"Forum.Controllers.QuestionsController.Edit (Forum)"'
2023-10-31 01:11:22.988 +01:00 [Information] Request finished HTTP/2 POST https://localhost:7290/Questions/Edit/3 application/x-www-form-urlencoded 325 - 302 0 - 45.4569ms
2023-10-31 01:11:22.991 +01:00 [Information] Request starting HTTP/2 GET https://localhost:7290/Questions - -
2023-10-31 01:11:22.992 +01:00 [Information] Executing endpoint '"Forum.Controllers.QuestionsController.Index (Forum)"'
2023-10-31 01:11:22.992 +01:00 [Information] Route matched with "{action = \"Index\", controller = \"Questions\", page = \"\", area = \"\"}". Executing controller action with signature "System.Threading.Tasks.Task`1[Microsoft.AspNetCore.Mvc.IActionResult] Index()" on controller "Forum.Controllers.QuestionsController" ("Forum").
2023-10-31 01:11:22.993 +01:00 [Information] Entity Framework Core "6.0.23" initialized '"ApplicationDbContext"' using provider '"Microsoft.EntityFrameworkCore.SqlServer":"6.0.23"' with options: "None"
2023-10-31 01:11:23.007 +01:00 [Information] Executing ViewResult, running view "Index".
2023-10-31 01:11:23.011 +01:00 [Information] Executed ViewResult - view "Index" executed in 4.448ms.
2023-10-31 01:11:23.011 +01:00 [Information] Executed action "Forum.Controllers.QuestionsController.Index (Forum)" in 18.7709ms
2023-10-31 01:11:23.011 +01:00 [Information] Executed endpoint '"Forum.Controllers.QuestionsController.Index (Forum)"'
2023-10-31 01:11:23.013 +01:00 [Information] Request finished HTTP/2 GET https://localhost:7290/Questions - - - 200 - text/html;+charset=utf-8 21.4752ms
2023-10-31 01:11:23.026 +01:00 [Information] Request starting HTTP/2 GET https://localhost:7290/_vs/browserLink - -
2023-10-31 01:11:23.027 +01:00 [Information] Request starting HTTP/2 GET https://localhost:7290/_framework/aspnetcore-browser-refresh.js - -
2023-10-31 01:11:23.028 +01:00 [Information] Request finished HTTP/2 GET https://localhost:7290/_framework/aspnetcore-browser-refresh.js - - - 200 12342 application/javascript;+charset=utf-8 0.3806ms
2023-10-31 01:11:23.029 +01:00 [Information] Request finished HTTP/2 GET https://localhost:7290/_vs/browserLink - - - 200 - text/javascript;+charset=UTF-8 3.0010ms
2023-10-31 01:11:28.853 +01:00 [Information] Request starting HTTP/2 GET https://localhost:7290/Questions/Delete/6 - -
2023-10-31 01:11:28.854 +01:00 [Information] Executing endpoint '"Forum.Controllers.QuestionsController.Delete (Forum)"'
2023-10-31 01:11:28.862 +01:00 [Information] Route matched with "{action = \"Delete\", controller = \"Questions\", page = \"\", area = \"\"}". Executing controller action with signature "System.Threading.Tasks.Task`1[Microsoft.AspNetCore.Mvc.IActionResult] Delete(System.Nullable`1[System.Int32])" on controller "Forum.Controllers.QuestionsController" ("Forum").
2023-10-31 01:11:28.866 +01:00 [Information] Entity Framework Core "6.0.23" initialized '"ApplicationDbContext"' using provider '"Microsoft.EntityFrameworkCore.SqlServer":"6.0.23"' with options: "None"
2023-10-31 01:11:28.889 +01:00 [Information] Executing ViewResult, running view "Delete".
2023-10-31 01:11:28.913 +01:00 [Information] Executed ViewResult - view "Delete" executed in 25.3759ms.
2023-10-31 01:11:28.914 +01:00 [Information] Executed action "Forum.Controllers.QuestionsController.Delete (Forum)" in 51.2431ms
2023-10-31 01:11:28.914 +01:00 [Information] Executed endpoint '"Forum.Controllers.QuestionsController.Delete (Forum)"'
2023-10-31 01:11:28.915 +01:00 [Information] Request finished HTTP/2 GET https://localhost:7290/Questions/Delete/6 - - - 200 - text/html;+charset=utf-8 61.8802ms
2023-10-31 01:11:28.924 +01:00 [Information] Request starting HTTP/2 GET https://localhost:7290/_vs/browserLink - -
2023-10-31 01:11:28.927 +01:00 [Information] Request starting HTTP/2 GET https://localhost:7290/_framework/aspnetcore-browser-refresh.js - -
2023-10-31 01:11:28.927 +01:00 [Information] Request finished HTTP/2 GET https://localhost:7290/_framework/aspnetcore-browser-refresh.js - - - 200 12342 application/javascript;+charset=utf-8 0.4912ms
2023-10-31 01:11:28.929 +01:00 [Information] Request finished HTTP/2 GET https://localhost:7290/_vs/browserLink - - - 200 - text/javascript;+charset=UTF-8 4.8265ms
2023-10-31 01:11:30.304 +01:00 [Information] Request starting HTTP/2 POST https://localhost:7290/Questions/Delete/6 application/x-www-form-urlencoded 230
2023-10-31 01:11:30.305 +01:00 [Information] Executing endpoint '"Forum.Controllers.QuestionsController.DeleteConfirmed (Forum)"'
2023-10-31 01:11:30.311 +01:00 [Information] Route matched with "{action = \"Delete\", controller = \"Questions\", page = \"\", area = \"\"}". Executing controller action with signature "System.Threading.Tasks.Task`1[Microsoft.AspNetCore.Mvc.IActionResult] DeleteConfirmed(Int32)" on controller "Forum.Controllers.QuestionsController" ("Forum").
2023-10-31 01:11:30.317 +01:00 [Information] Entity Framework Core "6.0.23" initialized '"ApplicationDbContext"' using provider '"Microsoft.EntityFrameworkCore.SqlServer":"6.0.23"' with options: "None"
2023-10-31 01:11:30.379 +01:00 [Information] Executing RedirectResult, redirecting to "/Questions".
2023-10-31 01:11:30.379 +01:00 [Information] Executed action "Forum.Controllers.QuestionsController.DeleteConfirmed (Forum)" in 67.797ms
2023-10-31 01:11:30.379 +01:00 [Information] Executed endpoint '"Forum.Controllers.QuestionsController.DeleteConfirmed (Forum)"'
2023-10-31 01:11:30.379 +01:00 [Information] Request finished HTTP/2 POST https://localhost:7290/Questions/Delete/6 application/x-www-form-urlencoded 230 - 302 0 - 75.6713ms
2023-10-31 01:11:30.383 +01:00 [Information] Request starting HTTP/2 GET https://localhost:7290/Questions - -
2023-10-31 01:11:30.384 +01:00 [Information] Executing endpoint '"Forum.Controllers.QuestionsController.Index (Forum)"'
2023-10-31 01:11:30.384 +01:00 [Information] Route matched with "{action = \"Index\", controller = \"Questions\", page = \"\", area = \"\"}". Executing controller action with signature "System.Threading.Tasks.Task`1[Microsoft.AspNetCore.Mvc.IActionResult] Index()" on controller "Forum.Controllers.QuestionsController" ("Forum").
2023-10-31 01:11:30.384 +01:00 [Information] Entity Framework Core "6.0.23" initialized '"ApplicationDbContext"' using provider '"Microsoft.EntityFrameworkCore.SqlServer":"6.0.23"' with options: "None"
2023-10-31 01:11:30.392 +01:00 [Information] Executing ViewResult, running view "Index".
2023-10-31 01:11:30.396 +01:00 [Information] Executed ViewResult - view "Index" executed in 4.2623ms.
2023-10-31 01:11:30.397 +01:00 [Information] Executed action "Forum.Controllers.QuestionsController.Index (Forum)" in 13.026ms
2023-10-31 01:11:30.397 +01:00 [Information] Executed endpoint '"Forum.Controllers.QuestionsController.Index (Forum)"'
2023-10-31 01:11:30.399 +01:00 [Information] Request finished HTTP/2 GET https://localhost:7290/Questions - - - 200 - text/html;+charset=utf-8 15.9728ms
2023-10-31 01:11:30.410 +01:00 [Information] Request starting HTTP/2 GET https://localhost:7290/_vs/browserLink - -
2023-10-31 01:11:30.412 +01:00 [Information] Request starting HTTP/2 GET https://localhost:7290/_framework/aspnetcore-browser-refresh.js - -
2023-10-31 01:11:30.413 +01:00 [Information] Request finished HTTP/2 GET https://localhost:7290/_framework/aspnetcore-browser-refresh.js - - - 200 12342 application/javascript;+charset=utf-8 0.7358ms
2023-10-31 01:11:30.417 +01:00 [Information] Request finished HTTP/2 GET https://localhost:7290/_vs/browserLink - - - 200 - text/javascript;+charset=UTF-8 6.0890ms
2023-10-31 01:11:38.315 +01:00 [Information] Request starting HTTP/2 GET https://localhost:7290/Questions/Create - -
2023-10-31 01:11:38.318 +01:00 [Information] Executing endpoint '"Forum.Controllers.QuestionsController.Create (Forum)"'
2023-10-31 01:11:38.318 +01:00 [Information] Route matched with "{action = \"Create\", controller = \"Questions\", page = \"\", area = \"\"}". Executing controller action with signature "Microsoft.AspNetCore.Mvc.IActionResult Create()" on controller "Forum.Controllers.QuestionsController" ("Forum").
2023-10-31 01:11:38.318 +01:00 [Information] Executing ViewResult, running view "Create".
2023-10-31 01:11:38.325 +01:00 [Information] Executed ViewResult - view "Create" executed in 6.7203ms.
2023-10-31 01:11:38.325 +01:00 [Information] Executed action "Forum.Controllers.QuestionsController.Create (Forum)" in 7.1027ms
2023-10-31 01:11:38.325 +01:00 [Information] Executed endpoint '"Forum.Controllers.QuestionsController.Create (Forum)"'
2023-10-31 01:11:38.328 +01:00 [Information] Request finished HTTP/2 GET https://localhost:7290/Questions/Create - - - 200 - text/html;+charset=utf-8 12.7154ms
2023-10-31 01:11:38.349 +01:00 [Information] Request starting HTTP/2 GET https://localhost:7290/_framework/aspnetcore-browser-refresh.js - -
2023-10-31 01:11:38.350 +01:00 [Information] Request finished HTTP/2 GET https://localhost:7290/_framework/aspnetcore-browser-refresh.js - - - 200 12342 application/javascript;+charset=utf-8 0.2739ms
2023-10-31 01:11:38.355 +01:00 [Information] Request starting HTTP/2 GET https://localhost:7290/_vs/browserLink - -
2023-10-31 01:11:38.359 +01:00 [Information] Request finished HTTP/2 GET https://localhost:7290/_vs/browserLink - - - 200 - text/javascript;+charset=UTF-8 4.2863ms
2023-10-31 01:11:45.391 +01:00 [Information] Request starting HTTP/2 GET https://localhost:7290/Identity/Account/Manage - -
2023-10-31 01:11:45.393 +01:00 [Information] Executing endpoint '"/Account/Manage/Index"'
2023-10-31 01:11:45.414 +01:00 [Information] Route matched with "{page = \"/Account/Manage/Index\", area = \"Identity\", action = \"\", controller = \"\"}". Executing page "/Account/Manage/Index"
2023-10-31 01:11:45.427 +01:00 [Information] Executing handler method "Microsoft.AspNetCore.Identity.UI.V4.Pages.Account.Manage.Internal.IndexModel.OnGetAsync" - ModelState is Valid
2023-10-31 01:11:45.431 +01:00 [Information] Entity Framework Core "6.0.23" initialized '"ApplicationDbContext"' using provider '"Microsoft.EntityFrameworkCore.SqlServer":"6.0.23"' with options: "None"
2023-10-31 01:11:45.447 +01:00 [Information] Executed handler method "OnGetAsync", returned result "Microsoft.AspNetCore.Mvc.RazorPages.PageResult".
2023-10-31 01:11:45.477 +01:00 [Information] Executed page "/Account/Manage/Index" in 63.304ms
2023-10-31 01:11:45.478 +01:00 [Information] Executed endpoint '"/Account/Manage/Index"'
2023-10-31 01:11:45.480 +01:00 [Information] Request finished HTTP/2 GET https://localhost:7290/Identity/Account/Manage - - - 200 - text/html;+charset=utf-8 88.5279ms
2023-10-31 01:11:45.489 +01:00 [Information] Request starting HTTP/2 GET https://localhost:7290/_framework/aspnetcore-browser-refresh.js - -
2023-10-31 01:11:45.490 +01:00 [Information] Request finished HTTP/2 GET https://localhost:7290/_framework/aspnetcore-browser-refresh.js - - - 200 12342 application/javascript;+charset=utf-8 0.1751ms
2023-10-31 01:11:45.498 +01:00 [Information] Request starting HTTP/2 GET https://localhost:7290/_vs/browserLink - -
2023-10-31 01:11:45.501 +01:00 [Information] Request finished HTTP/2 GET https://localhost:7290/_vs/browserLink - - - 200 - text/javascript;+charset=UTF-8 2.7664ms
2023-10-31 01:12:04.207 +01:00 [Information] Request starting HTTP/2 GET https://localhost:7290/Questions/Create - -
2023-10-31 01:12:04.209 +01:00 [Information] Executing endpoint '"Forum.Controllers.QuestionsController.Create (Forum)"'
2023-10-31 01:12:04.209 +01:00 [Information] Route matched with "{action = \"Create\", controller = \"Questions\", page = \"\", area = \"\"}". Executing controller action with signature "Microsoft.AspNetCore.Mvc.IActionResult Create()" on controller "Forum.Controllers.QuestionsController" ("Forum").
2023-10-31 01:12:04.209 +01:00 [Information] Executing ViewResult, running view "Create".
2023-10-31 01:12:04.214 +01:00 [Information] Executed ViewResult - view "Create" executed in 5.3962ms.
2023-10-31 01:12:04.215 +01:00 [Information] Executed action "Forum.Controllers.QuestionsController.Create (Forum)" in 5.7881ms
2023-10-31 01:12:04.215 +01:00 [Information] Executed endpoint '"Forum.Controllers.QuestionsController.Create (Forum)"'
2023-10-31 01:12:04.218 +01:00 [Information] Request finished HTTP/2 GET https://localhost:7290/Questions/Create - - - 200 - text/html;+charset=utf-8 10.8536ms
2023-10-31 01:12:04.236 +01:00 [Information] Request starting HTTP/2 GET https://localhost:7290/_vs/browserLink - -
2023-10-31 01:12:04.237 +01:00 [Information] Request starting HTTP/2 GET https://localhost:7290/_framework/aspnetcore-browser-refresh.js - -
2023-10-31 01:12:04.237 +01:00 [Information] Request finished HTTP/2 GET https://localhost:7290/_framework/aspnetcore-browser-refresh.js - - - 200 12342 application/javascript;+charset=utf-8 0.3762ms
2023-10-31 01:12:04.240 +01:00 [Information] Request finished HTTP/2 GET https://localhost:7290/_vs/browserLink - - - 200 - text/javascript;+charset=UTF-8 4.4582ms
2023-10-31 01:12:05.681 +01:00 [Information] Request starting HTTP/2 GET https://localhost:7290/Questions - -
2023-10-31 01:12:05.682 +01:00 [Information] Executing endpoint '"Forum.Controllers.QuestionsController.Index (Forum)"'
2023-10-31 01:12:05.682 +01:00 [Information] Route matched with "{action = \"Index\", controller = \"Questions\", page = \"\", area = \"\"}". Executing controller action with signature "System.Threading.Tasks.Task`1[Microsoft.AspNetCore.Mvc.IActionResult] Index()" on controller "Forum.Controllers.QuestionsController" ("Forum").
2023-10-31 01:12:05.683 +01:00 [Information] Entity Framework Core "6.0.23" initialized '"ApplicationDbContext"' using provider '"Microsoft.EntityFrameworkCore.SqlServer":"6.0.23"' with options: "None"
2023-10-31 01:12:05.695 +01:00 [Information] Executing ViewResult, running view "Index".
2023-10-31 01:12:05.699 +01:00 [Information] Executed ViewResult - view "Index" executed in 4.5399ms.
2023-10-31 01:12:05.700 +01:00 [Information] Executed action "Forum.Controllers.QuestionsController.Index (Forum)" in 17.4096ms
2023-10-31 01:12:05.700 +01:00 [Information] Executed endpoint '"Forum.Controllers.QuestionsController.Index (Forum)"'
2023-10-31 01:12:05.702 +01:00 [Information] Request finished HTTP/2 GET https://localhost:7290/Questions - - - 200 - text/html;+charset=utf-8 21.5056ms
2023-10-31 01:12:05.718 +01:00 [Information] Request starting HTTP/2 GET https://localhost:7290/_vs/browserLink - -
2023-10-31 01:12:05.719 +01:00 [Information] Request starting HTTP/2 GET https://localhost:7290/_framework/aspnetcore-browser-refresh.js - -
2023-10-31 01:12:05.721 +01:00 [Information] Request finished HTTP/2 GET https://localhost:7290/_framework/aspnetcore-browser-refresh.js - - - 200 12342 application/javascript;+charset=utf-8 0.3804ms
2023-10-31 01:12:05.725 +01:00 [Information] Request finished HTTP/2 GET https://localhost:7290/_vs/browserLink - - - 200 - text/javascript;+charset=UTF-8 6.5711ms
