2023-10-31 00:56:57.331 +01:00 [Information] User profile is available. Using '"C:\Users\harun\AppData\Local\ASP.NET\DataProtection-Keys"' as key repository and Windows DPAPI to encrypt keys at rest.
2023-10-31 00:56:57.670 +01:00 [Information] Now listening on: "https://localhost:7290"
2023-10-31 00:56:57.671 +01:00 [Information] Now listening on: "http://localhost:5152"
2023-10-31 00:56:57.676 +01:00 [Information] Application started. Press Ctrl+C to shut down.
2023-10-31 00:56:57.676 +01:00 [Information] Hosting environment: "Development"
2023-10-31 00:56:57.676 +01:00 [Information] Content root path: "C:\Users\harun\OneDrive\Masaüstü\Forum\Forum\"
2023-10-31 00:56:58.480 +01:00 [Information] Request starting HTTP/2 GET https://localhost:7290/ - -
2023-10-31 00:56:58.627 +01:00 [Information] Executing endpoint '"Forum.Controllers.HomeController.Index (Forum)"'
2023-10-31 00:56:58.678 +01:00 [Information] Route matched with "{action = \"Index\", controller = \"Home\", page = \"\", area = \"\"}". Executing controller action with signature "Microsoft.AspNetCore.Mvc.IActionResult Index()" on controller "Forum.Controllers.HomeController" ("Forum").
2023-10-31 00:56:58.702 +01:00 [Information] Executing ViewResult, running view "Index".
2023-10-31 00:56:59.357 +01:00 [Information] Executed ViewResult - view "Index" executed in 655.2479ms.
2023-10-31 00:56:59.361 +01:00 [Information] Executed action "Forum.Controllers.HomeController.Index (Forum)" in 680.0243ms
2023-10-31 00:56:59.362 +01:00 [Information] Executed endpoint '"Forum.Controllers.HomeController.Index (Forum)"'
2023-10-31 00:56:59.402 +01:00 [Information] Request finished HTTP/2 GET https://localhost:7290/ - - - 200 - text/html;+charset=utf-8 926.0371ms
2023-10-31 00:56:59.421 +01:00 [Information] Request starting HTTP/2 GET https://localhost:7290/Forum.styles.css?v=WLrVMYiZoeVtYvtsR1KO9jHv7jJpDgGkNNRPzibFmBk - -
2023-10-31 00:56:59.438 +01:00 [Information] Request starting HTTP/2 GET https://localhost:7290/_framework/aspnetcore-browser-refresh.js - -
2023-10-31 00:56:59.439 +01:00 [Information] Request starting HTTP/2 GET https://localhost:7290/_vs/browserLink - -
2023-10-31 00:56:59.442 +01:00 [Information] Request finished HTTP/2 GET https://localhost:7290/_framework/aspnetcore-browser-refresh.js - - - 200 12342 application/javascript;+charset=utf-8 4.0951ms
2023-10-31 00:56:59.445 +01:00 [Information] The file "/Forum.styles.css" was not modified
2023-10-31 00:56:59.446 +01:00 [Information] Request finished HTTP/2 GET https://localhost:7290/Forum.styles.css?v=WLrVMYiZoeVtYvtsR1KO9jHv7jJpDgGkNNRPzibFmBk - - - 304 - text/css 25.5761ms
2023-10-31 00:56:59.578 +01:00 [Information] Request finished HTTP/2 GET https://localhost:7290/_vs/browserLink - - - 200 - text/javascript;+charset=UTF-8 138.4221ms
2023-10-31 00:57:15.029 +01:00 [Information] Request starting HTTP/2 GET https://localhost:7290/ - -
2023-10-31 00:57:15.032 +01:00 [Information] Executing endpoint '"Forum.Controllers.HomeController.Index (Forum)"'
2023-10-31 00:57:15.033 +01:00 [Information] Route matched with "{action = \"Index\", controller = \"Home\", page = \"\", area = \"\"}". Executing controller action with signature "Microsoft.AspNetCore.Mvc.IActionResult Index()" on controller "Forum.Controllers.HomeController" ("Forum").
2023-10-31 00:57:15.033 +01:00 [Information] Executing ViewResult, running view "Index".
2023-10-31 00:57:15.062 +01:00 [Information] Executed ViewResult - view "Index" executed in 28.4157ms.
2023-10-31 00:57:15.062 +01:00 [Information] Executed action "Forum.Controllers.HomeController.Index (Forum)" in 29.5186ms
2023-10-31 00:57:15.063 +01:00 [Information] Executed endpoint '"Forum.Controllers.HomeController.Index (Forum)"'
2023-10-31 00:57:15.069 +01:00 [Information] Request finished HTTP/2 GET https://localhost:7290/ - - - 200 - text/html;+charset=utf-8 39.6278ms
2023-10-31 00:57:15.082 +01:00 [Information] Request starting HTTP/2 GET https://localhost:7290/_vs/browserLink - -
2023-10-31 00:57:15.085 +01:00 [Information] Request starting HTTP/2 GET https://localhost:7290/_framework/aspnetcore-browser-refresh.js - -
2023-10-31 00:57:15.086 +01:00 [Information] Request finished HTTP/2 GET https://localhost:7290/_framework/aspnetcore-browser-refresh.js - - - 200 12342 application/javascript;+charset=utf-8 1.0079ms
2023-10-31 00:57:15.088 +01:00 [Information] Request finished HTTP/2 GET https://localhost:7290/_vs/browserLink - - - 200 - text/javascript;+charset=UTF-8 5.5292ms
2023-10-31 00:57:29.188 +01:00 [Information] Request starting HTTP/2 GET https://localhost:7290/Questions - -
2023-10-31 00:57:29.195 +01:00 [Information] Executing endpoint '"Forum.Controllers.QuestionsController.Index (Forum)"'
2023-10-31 00:57:29.215 +01:00 [Information] Route matched with "{action = \"Index\", controller = \"Questions\", page = \"\", area = \"\"}". Executing controller action with signature "System.Threading.Tasks.Task`1[Microsoft.AspNetCore.Mvc.IActionResult] Index()" on controller "Forum.Controllers.QuestionsController" ("Forum").
2023-10-31 00:57:29.981 +01:00 [Information] Entity Framework Core "6.0.23" initialized '"ApplicationDbContext"' using provider '"Microsoft.EntityFrameworkCore.SqlServer":"6.0.23"' with options: "None"
2023-10-31 00:57:30.778 +01:00 [Information] Executing ViewResult, running view "Index".
2023-10-31 00:57:30.801 +01:00 [Information] Executed ViewResult - view "Index" executed in 23.0175ms.
2023-10-31 00:57:30.801 +01:00 [Information] Executed action "Forum.Controllers.QuestionsController.Index (Forum)" in 1586.1205ms
2023-10-31 00:57:30.801 +01:00 [Information] Executed endpoint '"Forum.Controllers.QuestionsController.Index (Forum)"'
2023-10-31 00:57:30.806 +01:00 [Information] Request finished HTTP/2 GET https://localhost:7290/Questions - - - 200 - text/html;+charset=utf-8 1617.4233ms
2023-10-31 00:57:30.810 +01:00 [Information] Request starting HTTP/2 GET https://localhost:7290/_vs/browserLink - -
2023-10-31 00:57:30.811 +01:00 [Information] Request starting HTTP/2 GET https://localhost:7290/_framework/aspnetcore-browser-refresh.js - -
2023-10-31 00:57:30.811 +01:00 [Information] Request finished HTTP/2 GET https://localhost:7290/_framework/aspnetcore-browser-refresh.js - - - 200 12342 application/javascript;+charset=utf-8 0.2191ms
2023-10-31 00:57:30.813 +01:00 [Information] Request finished HTTP/2 GET https://localhost:7290/_vs/browserLink - - - 200 - text/javascript;+charset=UTF-8 3.0140ms
2023-10-31 00:57:38.860 +01:00 [Information] Request starting HTTP/2 GET https://localhost:7290/Questions/Create - -
2023-10-31 00:57:38.870 +01:00 [Information] Authorization failed. "These requirements were not met:
DenyAnonymousAuthorizationRequirement: Requires an authenticated user."
2023-10-31 00:57:38.876 +01:00 [Information] AuthenticationScheme: "Identity.Application" was challenged.
2023-10-31 00:57:38.877 +01:00 [Information] Request finished HTTP/2 GET https://localhost:7290/Questions/Create - - - 302 0 - 17.3298ms
2023-10-31 00:57:38.882 +01:00 [Information] Request starting HTTP/2 GET https://localhost:7290/Identity/Account/Login?ReturnUrl=%2FQuestions%2FCreate - -
2023-10-31 00:57:38.883 +01:00 [Information] Executing endpoint '"/Account/Login"'
2023-10-31 00:57:38.913 +01:00 [Information] Route matched with "{page = \"/Account/Login\", area = \"Identity\", action = \"\", controller = \"\"}". Executing page "/Account/Login"
2023-10-31 00:57:38.934 +01:00 [Information] Executing handler method "Microsoft.AspNetCore.Identity.UI.V5.Pages.Account.Internal.LoginModel.OnGetAsync" - ModelState is Valid
2023-10-31 00:57:38.940 +01:00 [Information] AuthenticationScheme: "Identity.External" signed out.
2023-10-31 00:57:38.941 +01:00 [Information] Executed handler method "OnGetAsync", returned result "".
2023-10-31 00:57:38.945 +01:00 [Information] Executing an implicit handler method - ModelState is Valid
2023-10-31 00:57:38.945 +01:00 [Information] Executed an implicit handler method, returned result "Microsoft.AspNetCore.Mvc.RazorPages.PageResult".
2023-10-31 00:57:38.986 +01:00 [Information] Executed page "/Account/Login" in 72.3419ms
2023-10-31 00:57:38.987 +01:00 [Information] Executed endpoint '"/Account/Login"'
2023-10-31 00:57:38.988 +01:00 [Information] Request finished HTTP/2 GET https://localhost:7290/Identity/Account/Login?ReturnUrl=%2FQuestions%2FCreate - - - 200 - text/html;+charset=utf-8 106.4116ms
2023-10-31 00:57:38.999 +01:00 [Information] Request starting HTTP/2 GET https://localhost:7290/_framework/aspnetcore-browser-refresh.js - -
2023-10-31 00:57:39.000 +01:00 [Information] Request finished HTTP/2 GET https://localhost:7290/_framework/aspnetcore-browser-refresh.js - - - 200 12342 application/javascript;+charset=utf-8 0.2712ms
2023-10-31 00:57:39.004 +01:00 [Information] Request starting HTTP/2 GET https://localhost:7290/_vs/browserLink - -
2023-10-31 00:57:39.008 +01:00 [Information] Request finished HTTP/2 GET https://localhost:7290/_vs/browserLink - - - 200 - text/javascript;+charset=UTF-8 4.1765ms
2023-10-31 00:58:03.554 +01:00 [Information] Request starting HTTP/2 GET https://localhost:7290/Identity/Account/Register - -
2023-10-31 00:58:03.565 +01:00 [Information] Executing endpoint '"/Account/Register"'
2023-10-31 00:58:03.575 +01:00 [Information] Route matched with "{page = \"/Account/Register\", area = \"Identity\", action = \"\", controller = \"\"}". Executing page "/Account/Register"
2023-10-31 00:58:03.578 +01:00 [Information] Executing handler method "Microsoft.AspNetCore.Identity.UI.V5.Pages.Account.Internal.RegisterModel.OnGetAsync" - ModelState is Valid
2023-10-31 00:58:03.579 +01:00 [Information] Executed handler method "OnGetAsync", returned result "".
2023-10-31 00:58:03.580 +01:00 [Information] Executing an implicit handler method - ModelState is Valid
2023-10-31 00:58:03.580 +01:00 [Information] Executed an implicit handler method, returned result "Microsoft.AspNetCore.Mvc.RazorPages.PageResult".
2023-10-31 00:58:03.606 +01:00 [Information] Executed page "/Account/Register" in 30.1909ms
2023-10-31 00:58:03.606 +01:00 [Information] Executed endpoint '"/Account/Register"'
2023-10-31 00:58:03.608 +01:00 [Information] Request finished HTTP/2 GET https://localhost:7290/Identity/Account/Register - - - 200 - text/html;+charset=utf-8 53.8327ms
2023-10-31 00:58:03.627 +01:00 [Information] Request starting HTTP/2 GET https://localhost:7290/_framework/aspnetcore-browser-refresh.js - -
2023-10-31 00:58:03.627 +01:00 [Information] Request starting HTTP/2 GET https://localhost:7290/_vs/browserLink - -
2023-10-31 00:58:03.627 +01:00 [Information] Request finished HTTP/2 GET https://localhost:7290/_framework/aspnetcore-browser-refresh.js - - - 200 12342 application/javascript;+charset=utf-8 0.4950ms
2023-10-31 00:58:03.631 +01:00 [Information] Request finished HTTP/2 GET https://localhost:7290/_vs/browserLink - - - 200 - text/javascript;+charset=UTF-8 4.4323ms
2023-10-31 00:58:18.383 +01:00 [Information] Request starting HTTP/2 GET https://localhost:7290/Identity/Account/Login - -
2023-10-31 00:58:18.385 +01:00 [Information] Executing endpoint '"/Account/Login"'
2023-10-31 00:58:18.386 +01:00 [Information] Route matched with "{page = \"/Account/Login\", area = \"Identity\", action = \"\", controller = \"\"}". Executing page "/Account/Login"
2023-10-31 00:58:18.387 +01:00 [Information] Executing handler method "Microsoft.AspNetCore.Identity.UI.V5.Pages.Account.Internal.LoginModel.OnGetAsync" - ModelState is Valid
2023-10-31 00:58:18.388 +01:00 [Information] AuthenticationScheme: "Identity.External" signed out.
2023-10-31 00:58:18.388 +01:00 [Information] Executed handler method "OnGetAsync", returned result "".
2023-10-31 00:58:18.388 +01:00 [Information] Executing an implicit handler method - ModelState is Valid
2023-10-31 00:58:18.388 +01:00 [Information] Executed an implicit handler method, returned result "Microsoft.AspNetCore.Mvc.RazorPages.PageResult".
2023-10-31 00:58:18.394 +01:00 [Information] Executed page "/Account/Login" in 8.308ms
2023-10-31 00:58:18.394 +01:00 [Information] Executed endpoint '"/Account/Login"'
2023-10-31 00:58:18.397 +01:00 [Information] Request finished HTTP/2 GET https://localhost:7290/Identity/Account/Login - - - 200 - text/html;+charset=utf-8 13.8030ms
2023-10-31 00:58:18.411 +01:00 [Information] Request starting HTTP/2 GET https://localhost:7290/_vs/browserLink - -
2023-10-31 00:58:18.412 +01:00 [Information] Request starting HTTP/2 GET https://localhost:7290/_framework/aspnetcore-browser-refresh.js - -
2023-10-31 00:58:18.413 +01:00 [Information] Request finished HTTP/2 GET https://localhost:7290/_framework/aspnetcore-browser-refresh.js - - - 200 12342 application/javascript;+charset=utf-8 0.4252ms
2023-10-31 00:58:18.415 +01:00 [Information] Request finished HTTP/2 GET https://localhost:7290/_vs/browserLink - - - 200 - text/javascript;+charset=UTF-8 4.1357ms
2023-10-31 00:58:26.276 +01:00 [Information] Request starting HTTP/2 POST https://localhost:7290/Identity/Account/Login application/x-www-form-urlencoded 257
2023-10-31 00:58:26.277 +01:00 [Information] Executing endpoint '"/Account/Login"'
2023-10-31 00:58:26.278 +01:00 [Information] Route matched with "{page = \"/Account/Login\", area = \"Identity\", action = \"\", controller = \"\"}". Executing page "/Account/Login"
2023-10-31 00:58:26.304 +01:00 [Information] Executing handler method "Microsoft.AspNetCore.Identity.UI.V5.Pages.Account.Internal.LoginModel.OnPostAsync" - ModelState is Valid
2023-10-31 00:58:26.313 +01:00 [Information] Entity Framework Core "6.0.23" initialized '"ApplicationDbContext"' using provider '"Microsoft.EntityFrameworkCore.SqlServer":"6.0.23"' with options: "None"
2023-10-31 00:58:26.478 +01:00 [Information] AuthenticationScheme: "Identity.Application" signed in.
2023-10-31 00:58:26.481 +01:00 [Information] User logged in.
2023-10-31 00:58:26.484 +01:00 [Information] Executed handler method "OnPostAsync", returned result "Microsoft.AspNetCore.Mvc.LocalRedirectResult".
2023-10-31 00:58:26.487 +01:00 [Information] Executing LocalRedirectResult, redirecting to "/".
2023-10-31 00:58:26.487 +01:00 [Information] Executed page "/Account/Login" in 209.4893ms
2023-10-31 00:58:26.488 +01:00 [Information] Executed endpoint '"/Account/Login"'
2023-10-31 00:58:26.488 +01:00 [Information] Request finished HTTP/2 POST https://localhost:7290/Identity/Account/Login application/x-www-form-urlencoded 257 - 302 0 - 211.7367ms
2023-10-31 00:58:26.493 +01:00 [Information] Request starting HTTP/2 GET https://localhost:7290/ - -
2023-10-31 00:58:26.498 +01:00 [Information] Executing endpoint '"Forum.Controllers.HomeController.Index (Forum)"'
2023-10-31 00:58:26.499 +01:00 [Information] Route matched with "{action = \"Index\", controller = \"Home\", page = \"\", area = \"\"}". Executing controller action with signature "Microsoft.AspNetCore.Mvc.IActionResult Index()" on controller "Forum.Controllers.HomeController" ("Forum").
2023-10-31 00:58:26.499 +01:00 [Information] Executing ViewResult, running view "Index".
2023-10-31 00:58:26.509 +01:00 [Information] Executed ViewResult - view "Index" executed in 10.4485ms.
2023-10-31 00:58:26.509 +01:00 [Information] Executed action "Forum.Controllers.HomeController.Index (Forum)" in 10.7631ms
2023-10-31 00:58:26.509 +01:00 [Information] Executed endpoint '"Forum.Controllers.HomeController.Index (Forum)"'
2023-10-31 00:58:26.512 +01:00 [Information] Request finished HTTP/2 GET https://localhost:7290/ - - - 200 - text/html;+charset=utf-8 18.4563ms
2023-10-31 00:58:26.538 +01:00 [Information] Request starting HTTP/2 GET https://localhost:7290/_framework/aspnetcore-browser-refresh.js - -
2023-10-31 00:58:26.538 +01:00 [Information] Request starting HTTP/2 GET https://localhost:7290/_vs/browserLink - -
2023-10-31 00:58:26.539 +01:00 [Information] Request finished HTTP/2 GET https://localhost:7290/_framework/aspnetcore-browser-refresh.js - - - 200 12342 application/javascript;+charset=utf-8 0.6772ms
2023-10-31 00:58:26.544 +01:00 [Information] Request finished HTTP/2 GET https://localhost:7290/_vs/browserLink - - - 200 - text/javascript;+charset=UTF-8 5.1125ms
2023-10-31 00:58:37.055 +01:00 [Information] Request starting HTTP/2 GET https://localhost:7290/Questions - -
2023-10-31 00:58:37.059 +01:00 [Information] Executing endpoint '"Forum.Controllers.QuestionsController.Index (Forum)"'
2023-10-31 00:58:37.059 +01:00 [Information] Route matched with "{action = \"Index\", controller = \"Questions\", page = \"\", area = \"\"}". Executing controller action with signature "System.Threading.Tasks.Task`1[Microsoft.AspNetCore.Mvc.IActionResult] Index()" on controller "Forum.Controllers.QuestionsController" ("Forum").
2023-10-31 00:58:37.124 +01:00 [Information] Entity Framework Core "6.0.23" initialized '"ApplicationDbContext"' using provider '"Microsoft.EntityFrameworkCore.SqlServer":"6.0.23"' with options: "None"
2023-10-31 00:58:37.139 +01:00 [Information] Executing ViewResult, running view "Index".
2023-10-31 00:58:37.143 +01:00 [Information] Executed ViewResult - view "Index" executed in 4.554ms.
2023-10-31 00:58:37.143 +01:00 [Information] Executed action "Forum.Controllers.QuestionsController.Index (Forum)" in 84.4694ms
2023-10-31 00:58:37.143 +01:00 [Information] Executed endpoint '"Forum.Controllers.QuestionsController.Index (Forum)"'
2023-10-31 00:58:37.145 +01:00 [Information] Request finished HTTP/2 GET https://localhost:7290/Questions - - - 200 - text/html;+charset=utf-8 90.3702ms
2023-10-31 00:58:37.159 +01:00 [Information] Request starting HTTP/2 GET https://localhost:7290/_vs/browserLink - -
2023-10-31 00:58:37.160 +01:00 [Information] Request starting HTTP/2 GET https://localhost:7290/_framework/aspnetcore-browser-refresh.js - -
2023-10-31 00:58:37.161 +01:00 [Information] Request finished HTTP/2 GET https://localhost:7290/_framework/aspnetcore-browser-refresh.js - - - 200 12342 application/javascript;+charset=utf-8 0.4847ms
2023-10-31 00:58:37.163 +01:00 [Information] Request finished HTTP/2 GET https://localhost:7290/_vs/browserLink - - - 200 - text/javascript;+charset=UTF-8 4.5939ms
2023-10-31 00:58:44.704 +01:00 [Information] Request starting HTTP/2 GET https://localhost:7290/Questions/Details/2 - -
2023-10-31 00:58:44.708 +01:00 [Information] Executing endpoint '"Forum.Controllers.QuestionsController.Details (Forum)"'
2023-10-31 00:58:44.711 +01:00 [Information] Route matched with "{action = \"Details\", controller = \"Questions\", page = \"\", area = \"\"}". Executing controller action with signature "System.Threading.Tasks.Task`1[Microsoft.AspNetCore.Mvc.IActionResult] Details(System.Nullable`1[System.Int32])" on controller "Forum.Controllers.QuestionsController" ("Forum").
2023-10-31 00:58:44.715 +01:00 [Information] Entity Framework Core "6.0.23" initialized '"ApplicationDbContext"' using provider '"Microsoft.EntityFrameworkCore.SqlServer":"6.0.23"' with options: "None"
2023-10-31 00:58:44.774 +01:00 [Information] Executing ViewResult, running view "Details".
2023-10-31 00:58:44.781 +01:00 [Information] Executed ViewResult - view "Details" executed in 8.166ms.
2023-10-31 00:58:44.781 +01:00 [Information] Executed action "Forum.Controllers.QuestionsController.Details (Forum)" in 70.1282ms
2023-10-31 00:58:44.781 +01:00 [Information] Executed endpoint '"Forum.Controllers.QuestionsController.Details (Forum)"'
2023-10-31 00:58:44.783 +01:00 [Information] Request finished HTTP/2 GET https://localhost:7290/Questions/Details/2 - - - 200 - text/html;+charset=utf-8 78.9661ms
2023-10-31 00:58:44.796 +01:00 [Information] Request starting HTTP/2 GET https://localhost:7290/_vs/browserLink - -
2023-10-31 00:58:44.797 +01:00 [Information] Request starting HTTP/2 GET https://localhost:7290/_framework/aspnetcore-browser-refresh.js - -
2023-10-31 00:58:44.798 +01:00 [Information] Request finished HTTP/2 GET https://localhost:7290/_framework/aspnetcore-browser-refresh.js - - - 200 12342 application/javascript;+charset=utf-8 0.3541ms
2023-10-31 00:58:44.799 +01:00 [Information] Request finished HTTP/2 GET https://localhost:7290/_vs/browserLink - - - 200 - text/javascript;+charset=UTF-8 3.3037ms
2023-10-31 00:58:54.739 +01:00 [Information] Request starting HTTP/2 GET https://localhost:7290/Questions - -
2023-10-31 00:58:54.743 +01:00 [Information] Executing endpoint '"Forum.Controllers.QuestionsController.Index (Forum)"'
2023-10-31 00:58:54.743 +01:00 [Information] Route matched with "{action = \"Index\", controller = \"Questions\", page = \"\", area = \"\"}". Executing controller action with signature "System.Threading.Tasks.Task`1[Microsoft.AspNetCore.Mvc.IActionResult] Index()" on controller "Forum.Controllers.QuestionsController" ("Forum").
2023-10-31 00:58:54.746 +01:00 [Information] Entity Framework Core "6.0.23" initialized '"ApplicationDbContext"' using provider '"Microsoft.EntityFrameworkCore.SqlServer":"6.0.23"' with options: "None"
2023-10-31 00:58:54.763 +01:00 [Information] Executing ViewResult, running view "Index".
2023-10-31 00:58:54.772 +01:00 [Information] Executed ViewResult - view "Index" executed in 9.207ms.
2023-10-31 00:58:54.772 +01:00 [Information] Executed action "Forum.Controllers.QuestionsController.Index (Forum)" in 28.6371ms
2023-10-31 00:58:54.772 +01:00 [Information] Executed endpoint '"Forum.Controllers.QuestionsController.Index (Forum)"'
2023-10-31 00:58:54.774 +01:00 [Information] Request finished HTTP/2 GET https://localhost:7290/Questions - - - 200 - text/html;+charset=utf-8 35.0126ms
2023-10-31 00:58:54.786 +01:00 [Information] Request starting HTTP/2 GET https://localhost:7290/_vs/browserLink - -
2023-10-31 00:58:54.788 +01:00 [Information] Request starting HTTP/2 GET https://localhost:7290/_framework/aspnetcore-browser-refresh.js - -
2023-10-31 00:58:54.788 +01:00 [Information] Request finished HTTP/2 GET https://localhost:7290/_framework/aspnetcore-browser-refresh.js - - - 200 12342 application/javascript;+charset=utf-8 0.4001ms
2023-10-31 00:58:54.791 +01:00 [Information] Request finished HTTP/2 GET https://localhost:7290/_vs/browserLink - - - 200 - text/javascript;+charset=UTF-8 4.5870ms
2023-10-31 00:58:56.185 +01:00 [Information] Request starting HTTP/2 GET https://localhost:7290/Questions/Edit/2 - -
2023-10-31 00:58:56.186 +01:00 [Information] Executing endpoint '"Forum.Controllers.QuestionsController.Edit (Forum)"'
2023-10-31 00:58:56.189 +01:00 [Information] Route matched with "{action = \"Edit\", controller = \"Questions\", page = \"\", area = \"\"}". Executing controller action with signature "System.Threading.Tasks.Task`1[Microsoft.AspNetCore.Mvc.IActionResult] Edit(System.Nullable`1[System.Int32])" on controller "Forum.Controllers.QuestionsController" ("Forum").
2023-10-31 00:58:56.192 +01:00 [Information] Entity Framework Core "6.0.23" initialized '"ApplicationDbContext"' using provider '"Microsoft.EntityFrameworkCore.SqlServer":"6.0.23"' with options: "None"
2023-10-31 00:58:56.216 +01:00 [Information] Executing ForbidResult with authentication schemes ([]).
2023-10-31 00:58:56.218 +01:00 [Information] AuthenticationScheme: "Identity.Application" was forbidden.
2023-10-31 00:58:56.218 +01:00 [Information] Executed action "Forum.Controllers.QuestionsController.Edit (Forum)" in 28.425ms
2023-10-31 00:58:56.218 +01:00 [Information] Executed endpoint '"Forum.Controllers.QuestionsController.Edit (Forum)"'
2023-10-31 00:58:56.219 +01:00 [Information] Request finished HTTP/2 GET https://localhost:7290/Questions/Edit/2 - - - 302 0 - 34.0988ms
2023-10-31 00:58:56.223 +01:00 [Information] Request starting HTTP/2 GET https://localhost:7290/Identity/Account/AccessDenied?ReturnUrl=%2FQuestions%2FEdit%2F2 - -
2023-10-31 00:58:56.224 +01:00 [Information] Executing endpoint '"/Account/AccessDenied"'
2023-10-31 00:58:56.227 +01:00 [Information] Route matched with "{page = \"/Account/AccessDenied\", area = \"Identity\", action = \"\", controller = \"\"}". Executing page "/Account/AccessDenied"
2023-10-31 00:58:56.228 +01:00 [Information] Executing handler method "Microsoft.AspNetCore.Identity.UI.V5.Pages.Account.Internal.AccessDeniedModel.OnGet" - ModelState is Valid
2023-10-31 00:58:56.228 +01:00 [Information] Executed handler method "OnGet", returned result "".
2023-10-31 00:58:56.228 +01:00 [Information] Executing an implicit handler method - ModelState is Valid
2023-10-31 00:58:56.228 +01:00 [Information] Executed an implicit handler method, returned result "Microsoft.AspNetCore.Mvc.RazorPages.PageResult".
2023-10-31 00:58:56.234 +01:00 [Information] Executed page "/Account/AccessDenied" in 6.4657ms
2023-10-31 00:58:56.234 +01:00 [Information] Executed endpoint '"/Account/AccessDenied"'
2023-10-31 00:58:56.235 +01:00 [Information] Request finished HTTP/2 GET https://localhost:7290/Identity/Account/AccessDenied?ReturnUrl=%2FQuestions%2FEdit%2F2 - - - 200 - text/html;+charset=utf-8 12.0730ms
2023-10-31 00:58:56.243 +01:00 [Information] Request starting HTTP/2 GET https://localhost:7290/_vs/browserLink - -
2023-10-31 00:58:56.244 +01:00 [Information] Request starting HTTP/2 GET https://localhost:7290/_framework/aspnetcore-browser-refresh.js - -
2023-10-31 00:58:56.245 +01:00 [Information] Request finished HTTP/2 GET https://localhost:7290/_framework/aspnetcore-browser-refresh.js - - - 200 12342 application/javascript;+charset=utf-8 0.6456ms
2023-10-31 00:58:56.247 +01:00 [Information] Request finished HTTP/2 GET https://localhost:7290/_vs/browserLink - - - 200 - text/javascript;+charset=UTF-8 4.4924ms
2023-10-31 00:59:08.321 +01:00 [Information] Request starting HTTP/2 POST https://localhost:7290/Identity/Account/Logout?returnUrl=%2F application/x-www-form-urlencoded 225
2023-10-31 00:59:08.324 +01:00 [Information] Executing endpoint '"/Account/Logout"'
2023-10-31 00:59:08.329 +01:00 [Information] Route matched with "{page = \"/Account/Logout\", area = \"Identity\", action = \"\", controller = \"\"}". Executing page "/Account/Logout"
2023-10-31 00:59:08.330 +01:00 [Information] Executing handler method "Microsoft.AspNetCore.Identity.UI.V5.Pages.Account.Internal.LogoutModel.OnPost" - ModelState is Valid
2023-10-31 00:59:08.332 +01:00 [Information] AuthenticationScheme: "Identity.Application" signed out.
2023-10-31 00:59:08.333 +01:00 [Information] AuthenticationScheme: "Identity.External" signed out.
2023-10-31 00:59:08.333 +01:00 [Information] AuthenticationScheme: "Identity.TwoFactorUserId" signed out.
2023-10-31 00:59:08.334 +01:00 [Information] User logged out.
2023-10-31 00:59:08.334 +01:00 [Information] Executed handler method "OnPost", returned result "Microsoft.AspNetCore.Mvc.LocalRedirectResult".
2023-10-31 00:59:08.334 +01:00 [Information] Executing LocalRedirectResult, redirecting to "/".
2023-10-31 00:59:08.334 +01:00 [Information] Executed page "/Account/Logout" in 5.1129ms
2023-10-31 00:59:08.334 +01:00 [Information] Executed endpoint '"/Account/Logout"'
2023-10-31 00:59:08.334 +01:00 [Information] Request finished HTTP/2 POST https://localhost:7290/Identity/Account/Logout?returnUrl=%2F application/x-www-form-urlencoded 225 - 302 0 - 13.2035ms
2023-10-31 00:59:08.338 +01:00 [Information] Request starting HTTP/2 GET https://localhost:7290/ - -
2023-10-31 00:59:08.339 +01:00 [Information] Executing endpoint '"Forum.Controllers.HomeController.Index (Forum)"'
2023-10-31 00:59:08.339 +01:00 [Information] Route matched with "{action = \"Index\", controller = \"Home\", page = \"\", area = \"\"}". Executing controller action with signature "Microsoft.AspNetCore.Mvc.IActionResult Index()" on controller "Forum.Controllers.HomeController" ("Forum").
2023-10-31 00:59:08.339 +01:00 [Information] Executing ViewResult, running view "Index".
2023-10-31 00:59:08.343 +01:00 [Information] Executed ViewResult - view "Index" executed in 3.7657ms.
2023-10-31 00:59:08.343 +01:00 [Information] Executed action "Forum.Controllers.HomeController.Index (Forum)" in 4.0534ms
2023-10-31 00:59:08.343 +01:00 [Information] Executed endpoint '"Forum.Controllers.HomeController.Index (Forum)"'
2023-10-31 00:59:08.345 +01:00 [Information] Request finished HTTP/2 GET https://localhost:7290/ - - - 200 - text/html;+charset=utf-8 6.4792ms
2023-10-31 00:59:08.365 +01:00 [Information] Request starting HTTP/2 GET https://localhost:7290/_framework/aspnetcore-browser-refresh.js - -
2023-10-31 00:59:08.365 +01:00 [Information] Request finished HTTP/2 GET https://localhost:7290/_framework/aspnetcore-browser-refresh.js - - - 200 12342 application/javascript;+charset=utf-8 0.2577ms
2023-10-31 00:59:08.367 +01:00 [Information] Request starting HTTP/2 GET https://localhost:7290/_vs/browserLink - -
2023-10-31 00:59:08.371 +01:00 [Information] Request finished HTTP/2 GET https://localhost:7290/_vs/browserLink - - - 200 - text/javascript;+charset=UTF-8 3.4316ms
2023-10-31 00:59:10.471 +01:00 [Information] Request starting HTTP/2 GET https://localhost:7290/Identity/Account/Login - -
2023-10-31 00:59:10.472 +01:00 [Information] Executing endpoint '"/Account/Login"'
2023-10-31 00:59:10.473 +01:00 [Information] Route matched with "{page = \"/Account/Login\", area = \"Identity\", action = \"\", controller = \"\"}". Executing page "/Account/Login"
2023-10-31 00:59:10.474 +01:00 [Information] Executing handler method "Microsoft.AspNetCore.Identity.UI.V5.Pages.Account.Internal.LoginModel.OnGetAsync" - ModelState is Valid
2023-10-31 00:59:10.474 +01:00 [Information] AuthenticationScheme: "Identity.External" signed out.
2023-10-31 00:59:10.474 +01:00 [Information] Executed handler method "OnGetAsync", returned result "".
2023-10-31 00:59:10.474 +01:00 [Information] Executing an implicit handler method - ModelState is Valid
2023-10-31 00:59:10.474 +01:00 [Information] Executed an implicit handler method, returned result "Microsoft.AspNetCore.Mvc.RazorPages.PageResult".
2023-10-31 00:59:10.482 +01:00 [Information] Executed page "/Account/Login" in 8.666ms
2023-10-31 00:59:10.482 +01:00 [Information] Executed endpoint '"/Account/Login"'
2023-10-31 00:59:10.484 +01:00 [Information] Request finished HTTP/2 GET https://localhost:7290/Identity/Account/Login - - - 200 - text/html;+charset=utf-8 13.2799ms
2023-10-31 00:59:10.501 +01:00 [Information] Request starting HTTP/2 GET https://localhost:7290/_framework/aspnetcore-browser-refresh.js - -
2023-10-31 00:59:10.502 +01:00 [Information] Request finished HTTP/2 GET https://localhost:7290/_framework/aspnetcore-browser-refresh.js - - - 200 12342 application/javascript;+charset=utf-8 0.5754ms
2023-10-31 00:59:10.508 +01:00 [Information] Request starting HTTP/2 GET https://localhost:7290/_vs/browserLink - -
2023-10-31 00:59:10.523 +01:00 [Information] Request finished HTTP/2 GET https://localhost:7290/_vs/browserLink - - - 200 - text/javascript;+charset=UTF-8 14.3982ms
2023-10-31 00:59:16.619 +01:00 [Information] Request starting HTTP/2 POST https://localhost:7290/Identity/Account/Login application/x-www-form-urlencoded 260
2023-10-31 00:59:16.620 +01:00 [Information] Executing endpoint '"/Account/Login"'
2023-10-31 00:59:16.620 +01:00 [Information] Route matched with "{page = \"/Account/Login\", area = \"Identity\", action = \"\", controller = \"\"}". Executing page "/Account/Login"
2023-10-31 00:59:16.622 +01:00 [Information] Executing handler method "Microsoft.AspNetCore.Identity.UI.V5.Pages.Account.Internal.LoginModel.OnPostAsync" - ModelState is Valid
2023-10-31 00:59:16.623 +01:00 [Information] Entity Framework Core "6.0.23" initialized '"ApplicationDbContext"' using provider '"Microsoft.EntityFrameworkCore.SqlServer":"6.0.23"' with options: "None"
2023-10-31 00:59:16.654 +01:00 [Information] AuthenticationScheme: "Identity.Application" signed in.
2023-10-31 00:59:16.654 +01:00 [Information] User logged in.
2023-10-31 00:59:16.654 +01:00 [Information] Executed handler method "OnPostAsync", returned result "Microsoft.AspNetCore.Mvc.LocalRedirectResult".
2023-10-31 00:59:16.654 +01:00 [Information] Executing LocalRedirectResult, redirecting to "/".
2023-10-31 00:59:16.654 +01:00 [Information] Executed page "/Account/Login" in 33.9127ms
2023-10-31 00:59:16.654 +01:00 [Information] Executed endpoint '"/Account/Login"'
2023-10-31 00:59:16.655 +01:00 [Information] Request finished HTTP/2 POST https://localhost:7290/Identity/Account/Login application/x-www-form-urlencoded 260 - 302 0 - 35.2222ms
2023-10-31 00:59:16.658 +01:00 [Information] Request starting HTTP/2 GET https://localhost:7290/ - -
2023-10-31 00:59:16.660 +01:00 [Information] Executing endpoint '"Forum.Controllers.HomeController.Index (Forum)"'
2023-10-31 00:59:16.660 +01:00 [Information] Route matched with "{action = \"Index\", controller = \"Home\", page = \"\", area = \"\"}". Executing controller action with signature "Microsoft.AspNetCore.Mvc.IActionResult Index()" on controller "Forum.Controllers.HomeController" ("Forum").
2023-10-31 00:59:16.661 +01:00 [Information] Executing ViewResult, running view "Index".
2023-10-31 00:59:16.665 +01:00 [Information] Executed ViewResult - view "Index" executed in 3.9878ms.
2023-10-31 00:59:16.665 +01:00 [Information] Executed action "Forum.Controllers.HomeController.Index (Forum)" in 4.3948ms
2023-10-31 00:59:16.665 +01:00 [Information] Executed endpoint '"Forum.Controllers.HomeController.Index (Forum)"'
2023-10-31 00:59:16.667 +01:00 [Information] Request finished HTTP/2 GET https://localhost:7290/ - - - 200 - text/html;+charset=utf-8 9.0209ms
2023-10-31 00:59:16.684 +01:00 [Information] Request starting HTTP/2 GET https://localhost:7290/_vs/browserLink - -
2023-10-31 00:59:16.684 +01:00 [Information] Request starting HTTP/2 GET https://localhost:7290/_framework/aspnetcore-browser-refresh.js - -
2023-10-31 00:59:16.685 +01:00 [Information] Request finished HTTP/2 GET https://localhost:7290/_framework/aspnetcore-browser-refresh.js - - - 200 12342 application/javascript;+charset=utf-8 0.6748ms
2023-10-31 00:59:16.688 +01:00 [Information] Request finished HTTP/2 GET https://localhost:7290/_vs/browserLink - - - 200 - text/javascript;+charset=UTF-8 4.2237ms
2023-10-31 00:59:18.624 +01:00 [Information] Request starting HTTP/2 GET https://localhost:7290/Questions - -
2023-10-31 00:59:18.626 +01:00 [Information] Executing endpoint '"Forum.Controllers.QuestionsController.Index (Forum)"'
2023-10-31 00:59:18.626 +01:00 [Information] Route matched with "{action = \"Index\", controller = \"Questions\", page = \"\", area = \"\"}". Executing controller action with signature "System.Threading.Tasks.Task`1[Microsoft.AspNetCore.Mvc.IActionResult] Index()" on controller "Forum.Controllers.QuestionsController" ("Forum").
2023-10-31 00:59:18.627 +01:00 [Information] Entity Framework Core "6.0.23" initialized '"ApplicationDbContext"' using provider '"Microsoft.EntityFrameworkCore.SqlServer":"6.0.23"' with options: "None"
2023-10-31 00:59:18.642 +01:00 [Information] Executing ViewResult, running view "Index".
2023-10-31 00:59:18.646 +01:00 [Information] Executed ViewResult - view "Index" executed in 3.7568ms.
2023-10-31 00:59:18.646 +01:00 [Information] Executed action "Forum.Controllers.QuestionsController.Index (Forum)" in 19.8282ms
2023-10-31 00:59:18.646 +01:00 [Information] Executed endpoint '"Forum.Controllers.QuestionsController.Index (Forum)"'
2023-10-31 00:59:18.648 +01:00 [Information] Request finished HTTP/2 GET https://localhost:7290/Questions - - - 200 - text/html;+charset=utf-8 24.0724ms
2023-10-31 00:59:18.665 +01:00 [Information] Request starting HTTP/2 GET https://localhost:7290/css/site.css?v=xb4QVjUfIwH3AAdWsQq0Z8PTgD-LybR3L14bbNR4Xc0 - -
2023-10-31 00:59:18.666 +01:00 [Information] Request starting HTTP/2 GET https://localhost:7290/_framework/aspnetcore-browser-refresh.js - -
2023-10-31 00:59:18.666 +01:00 [Information] Request starting HTTP/2 GET https://localhost:7290/_vs/browserLink - -
2023-10-31 00:59:18.666 +01:00 [Information] Request finished HTTP/2 GET https://localhost:7290/_framework/aspnetcore-browser-refresh.js - - - 200 12342 application/javascript;+charset=utf-8 0.4503ms
2023-10-31 00:59:18.667 +01:00 [Information] The file "/css/site.css" was not modified
2023-10-31 00:59:18.669 +01:00 [Information] Request finished HTTP/2 GET https://localhost:7290/css/site.css?v=xb4QVjUfIwH3AAdWsQq0Z8PTgD-LybR3L14bbNR4Xc0 - - - 304 - text/css 4.0279ms
2023-10-31 00:59:18.674 +01:00 [Information] Request finished HTTP/2 GET https://localhost:7290/_vs/browserLink - - - 200 - text/javascript;+charset=UTF-8 7.6891ms
2023-10-31 00:59:32.376 +01:00 [Information] Request starting HTTP/2 GET https://localhost:7290/Questions/Edit/2 - -
2023-10-31 00:59:32.378 +01:00 [Information] Executing endpoint '"Forum.Controllers.QuestionsController.Edit (Forum)"'
2023-10-31 00:59:32.378 +01:00 [Information] Route matched with "{action = \"Edit\", controller = \"Questions\", page = \"\", area = \"\"}". Executing controller action with signature "System.Threading.Tasks.Task`1[Microsoft.AspNetCore.Mvc.IActionResult] Edit(System.Nullable`1[System.Int32])" on controller "Forum.Controllers.QuestionsController" ("Forum").
2023-10-31 00:59:32.379 +01:00 [Information] Entity Framework Core "6.0.23" initialized '"ApplicationDbContext"' using provider '"Microsoft.EntityFrameworkCore.SqlServer":"6.0.23"' with options: "None"
2023-10-31 00:59:32.390 +01:00 [Information] Executing ViewResult, running view "Edit".
2023-10-31 00:59:32.417 +01:00 [Information] Executed ViewResult - view "Edit" executed in 27.1282ms.
2023-10-31 00:59:32.417 +01:00 [Information] Executed action "Forum.Controllers.QuestionsController.Edit (Forum)" in 39.1775ms
2023-10-31 00:59:32.417 +01:00 [Information] Executed endpoint '"Forum.Controllers.QuestionsController.Edit (Forum)"'
2023-10-31 00:59:32.419 +01:00 [Information] Request finished HTTP/2 GET https://localhost:7290/Questions/Edit/2 - - - 200 - text/html;+charset=utf-8 43.3360ms
2023-10-31 00:59:32.432 +01:00 [Information] Request starting HTTP/2 GET https://localhost:7290/_framework/aspnetcore-browser-refresh.js - -
2023-10-31 00:59:32.432 +01:00 [Information] Request finished HTTP/2 GET https://localhost:7290/_framework/aspnetcore-browser-refresh.js - - - 200 12342 application/javascript;+charset=utf-8 0.2520ms
2023-10-31 00:59:32.438 +01:00 [Information] Request starting HTTP/2 GET https://localhost:7290/_vs/browserLink - -
2023-10-31 00:59:32.441 +01:00 [Information] Request finished HTTP/2 GET https://localhost:7290/_vs/browserLink - - - 200 - text/javascript;+charset=UTF-8 2.6932ms
2023-10-31 00:59:40.443 +01:00 [Information] Request starting HTTP/2 POST https://localhost:7290/Questions/Edit/2 application/x-www-form-urlencoded 315
2023-10-31 00:59:40.444 +01:00 [Information] Executing endpoint '"Forum.Controllers.QuestionsController.Edit (Forum)"'
2023-10-31 00:59:40.452 +01:00 [Information] Route matched with "{action = \"Edit\", controller = \"Questions\", page = \"\", area = \"\"}". Executing controller action with signature "System.Threading.Tasks.Task`1[Microsoft.AspNetCore.Mvc.IActionResult] Edit(Int32, Forum.Models.Question)" on controller "Forum.Controllers.QuestionsController" ("Forum").
2023-10-31 00:59:40.457 +01:00 [Information] Entity Framework Core "6.0.23" initialized '"ApplicationDbContext"' using provider '"Microsoft.EntityFrameworkCore.SqlServer":"6.0.23"' with options: "None"
2023-10-31 00:59:40.600 +01:00 [Information] Executing RedirectResult, redirecting to "/Questions".
2023-10-31 00:59:40.600 +01:00 [Information] Executed action "Forum.Controllers.QuestionsController.Edit (Forum)" in 147.1396ms
2023-10-31 00:59:40.600 +01:00 [Information] Executed endpoint '"Forum.Controllers.QuestionsController.Edit (Forum)"'
2023-10-31 00:59:40.600 +01:00 [Information] Request finished HTTP/2 POST https://localhost:7290/Questions/Edit/2 application/x-www-form-urlencoded 315 - 302 0 - 157.2644ms
2023-10-31 00:59:40.602 +01:00 [Information] Request starting HTTP/2 GET https://localhost:7290/Questions - -
2023-10-31 00:59:40.603 +01:00 [Information] Executing endpoint '"Forum.Controllers.QuestionsController.Index (Forum)"'
2023-10-31 00:59:40.603 +01:00 [Information] Route matched with "{action = \"Index\", controller = \"Questions\", page = \"\", area = \"\"}". Executing controller action with signature "System.Threading.Tasks.Task`1[Microsoft.AspNetCore.Mvc.IActionResult] Index()" on controller "Forum.Controllers.QuestionsController" ("Forum").
2023-10-31 00:59:40.603 +01:00 [Information] Entity Framework Core "6.0.23" initialized '"ApplicationDbContext"' using provider '"Microsoft.EntityFrameworkCore.SqlServer":"6.0.23"' with options: "None"
2023-10-31 00:59:40.610 +01:00 [Information] Executing ViewResult, running view "Index".
2023-10-31 00:59:40.613 +01:00 [Information] Executed ViewResult - view "Index" executed in 3.1327ms.
2023-10-31 00:59:40.613 +01:00 [Information] Executed action "Forum.Controllers.QuestionsController.Index (Forum)" in 10.1918ms
2023-10-31 00:59:40.613 +01:00 [Information] Executed endpoint '"Forum.Controllers.QuestionsController.Index (Forum)"'
2023-10-31 00:59:40.614 +01:00 [Information] Request finished HTTP/2 GET https://localhost:7290/Questions - - - 200 - text/html;+charset=utf-8 12.2799ms
2023-10-31 00:59:40.624 +01:00 [Information] Request starting HTTP/2 GET https://localhost:7290/_vs/browserLink - -
2023-10-31 00:59:40.625 +01:00 [Information] Request starting HTTP/2 GET https://localhost:7290/_framework/aspnetcore-browser-refresh.js - -
2023-10-31 00:59:40.625 +01:00 [Information] Request finished HTTP/2 GET https://localhost:7290/_framework/aspnetcore-browser-refresh.js - - - 200 12342 application/javascript;+charset=utf-8 0.2941ms
2023-10-31 00:59:40.629 +01:00 [Information] Request finished HTTP/2 GET https://localhost:7290/_vs/browserLink - - - 200 - text/javascript;+charset=UTF-8 5.0127ms
2023-10-31 00:59:54.163 +01:00 [Information] Request starting HTTP/2 GET https://localhost:7290/Questions/Delete/2 - -
2023-10-31 00:59:54.165 +01:00 [Information] Executing endpoint '"Forum.Controllers.QuestionsController.Delete (Forum)"'
2023-10-31 00:59:54.172 +01:00 [Information] Route matched with "{action = \"Delete\", controller = \"Questions\", page = \"\", area = \"\"}". Executing controller action with signature "System.Threading.Tasks.Task`1[Microsoft.AspNetCore.Mvc.IActionResult] Delete(System.Nullable`1[System.Int32])" on controller "Forum.Controllers.QuestionsController" ("Forum").
2023-10-31 00:59:54.176 +01:00 [Information] Entity Framework Core "6.0.23" initialized '"ApplicationDbContext"' using provider '"Microsoft.EntityFrameworkCore.SqlServer":"6.0.23"' with options: "None"
2023-10-31 00:59:54.196 +01:00 [Information] Executing ViewResult, running view "Delete".
2023-10-31 00:59:54.211 +01:00 [Information] Executed ViewResult - view "Delete" executed in 16.122ms.
2023-10-31 00:59:54.212 +01:00 [Information] Executed action "Forum.Controllers.QuestionsController.Delete (Forum)" in 39.49ms
2023-10-31 00:59:54.212 +01:00 [Information] Executed endpoint '"Forum.Controllers.QuestionsController.Delete (Forum)"'
2023-10-31 00:59:54.213 +01:00 [Information] Request finished HTTP/2 GET https://localhost:7290/Questions/Delete/2 - - - 200 - text/html;+charset=utf-8 49.6554ms
2023-10-31 00:59:54.227 +01:00 [Information] Request starting HTTP/2 GET https://localhost:7290/_vs/browserLink - -
2023-10-31 00:59:54.232 +01:00 [Information] Request starting HTTP/2 GET https://localhost:7290/_framework/aspnetcore-browser-refresh.js - -
2023-10-31 00:59:54.233 +01:00 [Information] Request finished HTTP/2 GET https://localhost:7290/_vs/browserLink - - - 200 - text/javascript;+charset=UTF-8 5.7953ms
2023-10-31 00:59:54.233 +01:00 [Information] Request finished HTTP/2 GET https://localhost:7290/_framework/aspnetcore-browser-refresh.js - - - 200 12342 application/javascript;+charset=utf-8 1.0566ms
2023-10-31 00:59:55.549 +01:00 [Information] Request starting HTTP/2 POST https://localhost:7290/Questions/Delete/2 application/x-www-form-urlencoded 230
2023-10-31 00:59:55.550 +01:00 [Information] Executing endpoint '"Forum.Controllers.QuestionsController.DeleteConfirmed (Forum)"'
2023-10-31 00:59:55.556 +01:00 [Information] Route matched with "{action = \"Delete\", controller = \"Questions\", page = \"\", area = \"\"}". Executing controller action with signature "System.Threading.Tasks.Task`1[Microsoft.AspNetCore.Mvc.IActionResult] DeleteConfirmed(Int32)" on controller "Forum.Controllers.QuestionsController" ("Forum").
2023-10-31 00:59:55.561 +01:00 [Information] Entity Framework Core "6.0.23" initialized '"ApplicationDbContext"' using provider '"Microsoft.EntityFrameworkCore.SqlServer":"6.0.23"' with options: "None"
2023-10-31 00:59:55.628 +01:00 [Information] Executing RedirectResult, redirecting to "/Questions".
2023-10-31 00:59:55.628 +01:00 [Information] Executed action "Forum.Controllers.QuestionsController.DeleteConfirmed (Forum)" in 71.8037ms
2023-10-31 00:59:55.628 +01:00 [Information] Executed endpoint '"Forum.Controllers.QuestionsController.DeleteConfirmed (Forum)"'
2023-10-31 00:59:55.628 +01:00 [Information] Request finished HTTP/2 POST https://localhost:7290/Questions/Delete/2 application/x-www-form-urlencoded 230 - 302 0 - 79.7528ms
2023-10-31 00:59:55.631 +01:00 [Information] Request starting HTTP/2 GET https://localhost:7290/Questions - -
2023-10-31 00:59:55.631 +01:00 [Information] Executing endpoint '"Forum.Controllers.QuestionsController.Index (Forum)"'
2023-10-31 00:59:55.631 +01:00 [Information] Route matched with "{action = \"Index\", controller = \"Questions\", page = \"\", area = \"\"}". Executing controller action with signature "System.Threading.Tasks.Task`1[Microsoft.AspNetCore.Mvc.IActionResult] Index()" on controller "Forum.Controllers.QuestionsController" ("Forum").
2023-10-31 00:59:55.632 +01:00 [Information] Entity Framework Core "6.0.23" initialized '"ApplicationDbContext"' using provider '"Microsoft.EntityFrameworkCore.SqlServer":"6.0.23"' with options: "None"
2023-10-31 00:59:55.639 +01:00 [Information] Executing ViewResult, running view "Index".
2023-10-31 00:59:55.641 +01:00 [Information] Executed ViewResult - view "Index" executed in 2.4291ms.
2023-10-31 00:59:55.641 +01:00 [Information] Executed action "Forum.Controllers.QuestionsController.Index (Forum)" in 9.707ms
2023-10-31 00:59:55.641 +01:00 [Information] Executed endpoint '"Forum.Controllers.QuestionsController.Index (Forum)"'
2023-10-31 00:59:55.642 +01:00 [Information] Request finished HTTP/2 GET https://localhost:7290/Questions - - - 200 - text/html;+charset=utf-8 11.6311ms
2023-10-31 00:59:55.657 +01:00 [Information] Request starting HTTP/2 GET https://localhost:7290/_vs/browserLink - -
2023-10-31 00:59:55.659 +01:00 [Information] Request starting HTTP/2 GET https://localhost:7290/_framework/aspnetcore-browser-refresh.js - -
2023-10-31 00:59:55.659 +01:00 [Information] Request finished HTTP/2 GET https://localhost:7290/_framework/aspnetcore-browser-refresh.js - - - 200 12342 application/javascript;+charset=utf-8 0.2041ms
2023-10-31 00:59:55.661 +01:00 [Information] Request finished HTTP/2 GET https://localhost:7290/_vs/browserLink - - - 200 - text/javascript;+charset=UTF-8 3.6919ms
