2023-10-31 00:12:21.943 +01:00 [Information] User profile is available. Using '"C:\Users\harun\AppData\Local\ASP.NET\DataProtection-Keys"' as key repository and Windows DPAPI to encrypt keys at rest.
2023-10-31 00:12:22.144 +01:00 [Information] Now listening on: "https://localhost:7290"
2023-10-31 00:12:22.144 +01:00 [Information] Now listening on: "http://localhost:5152"
2023-10-31 00:12:22.150 +01:00 [Information] Application started. Press Ctrl+C to shut down.
2023-10-31 00:12:22.150 +01:00 [Information] Hosting environment: "Development"
2023-10-31 00:12:22.150 +01:00 [Information] Content root path: "C:\Users\harun\OneDrive\Masaüstü\Forum\Forum\"
2023-10-31 00:12:22.665 +01:00 [Information] Request starting HTTP/2 GET https://localhost:7290/Questions/Edit/2 - -
2023-10-31 00:12:22.976 +01:00 [Information] Executing endpoint '"Forum.Controllers.QuestionsController.Edit (Forum)"'
2023-10-31 00:12:23.015 +01:00 [Information] Route matched with "{action = \"Edit\", controller = \"Questions\", page = \"\", area = \"\"}". Executing controller action with signature "System.Threading.Tasks.Task`1[Microsoft.AspNetCore.Mvc.IActionResult] Edit(System.Nullable`1[System.Int32])" on controller "Forum.Controllers.QuestionsController" ("Forum").
2023-10-31 00:12:23.941 +01:00 [Information] Entity Framework Core "6.0.23" initialized '"ApplicationDbContext"' using provider '"Microsoft.EntityFrameworkCore.SqlServer":"6.0.23"' with options: "None"
2023-10-31 00:12:24.783 +01:00 [Information] Executing ViewResult, running view "Edit".
2023-10-31 00:12:24.994 +01:00 [Information] Executed ViewResult - view "Edit" executed in 209.6575ms.
2023-10-31 00:12:24.996 +01:00 [Information] Executed action "Forum.Controllers.QuestionsController.Edit (Forum)" in 1979.9865ms
2023-10-31 00:12:24.996 +01:00 [Information] Executed endpoint '"Forum.Controllers.QuestionsController.Edit (Forum)"'
2023-10-31 00:12:25.025 +01:00 [Information] Request starting HTTP/2 GET https://localhost:7290/_framework/aspnetcore-browser-refresh.js - -
2023-10-31 00:12:25.025 +01:00 [Information] Request starting HTTP/2 GET https://localhost:7290/css/site.css?v=xb4QVjUfIwH3AAdWsQq0Z8PTgD-LybR3L14bbNR4Xc0 - -
2023-10-31 00:12:25.031 +01:00 [Information] The file "/css/site.css" was not modified
2023-10-31 00:12:25.032 +01:00 [Information] Request finished HTTP/2 GET https://localhost:7290/_framework/aspnetcore-browser-refresh.js - - - 200 12342 application/javascript;+charset=utf-8 6.5495ms
2023-10-31 00:12:25.031 +01:00 [Information] Request finished HTTP/2 GET https://localhost:7290/Questions/Edit/2 - - - 200 - text/html;+charset=utf-8 2371.5284ms
2023-10-31 00:12:25.032 +01:00 [Information] Request finished HTTP/2 GET https://localhost:7290/css/site.css?v=xb4QVjUfIwH3AAdWsQq0Z8PTgD-LybR3L14bbNR4Xc0 - - - 304 - text/css 6.9837ms
2023-10-31 00:12:25.041 +01:00 [Information] Request starting HTTP/2 GET https://localhost:7290/_vs/browserLink - -
2023-10-31 00:12:25.061 +01:00 [Information] Request finished HTTP/2 GET https://localhost:7290/_vs/browserLink - - - 200 - text/javascript;+charset=UTF-8 19.9305ms
2023-10-31 00:12:38.535 +01:00 [Information] Request starting HTTP/2 GET https://localhost:7290/ - -
2023-10-31 00:12:38.538 +01:00 [Information] Executing endpoint '"Forum.Controllers.HomeController.Index (Forum)"'
2023-10-31 00:12:38.540 +01:00 [Information] Route matched with "{action = \"Index\", controller = \"Home\", page = \"\", area = \"\"}". Executing controller action with signature "Microsoft.AspNetCore.Mvc.IActionResult Index()" on controller "Forum.Controllers.HomeController" ("Forum").
2023-10-31 00:12:38.542 +01:00 [Information] Executing ViewResult, running view "Index".
2023-10-31 00:12:38.555 +01:00 [Information] Executed ViewResult - view "Index" executed in 13.5488ms.
2023-10-31 00:12:38.555 +01:00 [Information] Executed action "Forum.Controllers.HomeController.Index (Forum)" in 14.7273ms
2023-10-31 00:12:38.555 +01:00 [Information] Executed endpoint '"Forum.Controllers.HomeController.Index (Forum)"'
2023-10-31 00:12:38.558 +01:00 [Information] Request finished HTTP/2 GET https://localhost:7290/ - - - 200 - text/html;+charset=utf-8 22.9813ms
2023-10-31 00:12:38.567 +01:00 [Information] Request starting HTTP/2 GET https://localhost:7290/images/frm1.jpg - -
2023-10-31 00:12:38.567 +01:00 [Information] Request starting HTTP/2 GET https://localhost:7290/images/frm2.jpg - -
2023-10-31 00:12:38.567 +01:00 [Information] The file "/images/frm2.jpg" was not modified
2023-10-31 00:12:38.567 +01:00 [Information] The file "/images/frm1.jpg" was not modified
2023-10-31 00:12:38.567 +01:00 [Information] Request finished HTTP/2 GET https://localhost:7290/images/frm1.jpg - - - 304 - image/jpeg 0.8581ms
2023-10-31 00:12:38.568 +01:00 [Information] Request finished HTTP/2 GET https://localhost:7290/images/frm2.jpg - - - 304 - image/jpeg 0.6813ms
2023-10-31 00:12:38.580 +01:00 [Information] Request starting HTTP/2 GET https://localhost:7290/images/ans3.jpg - -
2023-10-31 00:12:38.580 +01:00 [Information] Request starting HTTP/2 GET https://localhost:7290/_vs/browserLink - -
2023-10-31 00:12:38.580 +01:00 [Information] Request starting HTTP/2 GET https://localhost:7290/_framework/aspnetcore-browser-refresh.js - -
2023-10-31 00:12:38.580 +01:00 [Information] Request starting HTTP/2 GET https://localhost:7290/images/ans1.jpg - -
2023-10-31 00:12:38.580 +01:00 [Information] Request starting HTTP/2 GET https://localhost:7290/images/ans2.jpg - -
2023-10-31 00:12:38.580 +01:00 [Information] The file "/images/ans2.jpg" was not modified
2023-10-31 00:12:38.580 +01:00 [Information] The file "/images/ans1.jpg" was not modified
2023-10-31 00:12:38.580 +01:00 [Information] The file "/images/ans3.jpg" was not modified
2023-10-31 00:12:38.581 +01:00 [Information] Request finished HTTP/2 GET https://localhost:7290/images/ans1.jpg - - - 304 - image/jpeg 0.7388ms
2023-10-31 00:12:38.581 +01:00 [Information] Request finished HTTP/2 GET https://localhost:7290/images/ans3.jpg - - - 304 - image/jpeg 0.6083ms
2023-10-31 00:12:38.581 +01:00 [Information] Request finished HTTP/2 GET https://localhost:7290/_framework/aspnetcore-browser-refresh.js - - - 200 12342 application/javascript;+charset=utf-8 0.7029ms
2023-10-31 00:12:38.581 +01:00 [Information] Request finished HTTP/2 GET https://localhost:7290/images/ans2.jpg - - - 304 - image/jpeg 0.7306ms
2023-10-31 00:12:38.583 +01:00 [Information] Request finished HTTP/2 GET https://localhost:7290/_vs/browserLink - - - 200 - text/javascript;+charset=UTF-8 2.8603ms
2023-10-31 00:12:42.744 +01:00 [Information] Request starting HTTP/2 GET https://localhost:7290/Questions - -
2023-10-31 00:12:42.763 +01:00 [Information] Executing endpoint '"Forum.Controllers.QuestionsController.Index (Forum)"'
2023-10-31 00:12:42.767 +01:00 [Information] Route matched with "{action = \"Index\", controller = \"Questions\", page = \"\", area = \"\"}". Executing controller action with signature "System.Threading.Tasks.Task`1[Microsoft.AspNetCore.Mvc.IActionResult] Index()" on controller "Forum.Controllers.QuestionsController" ("Forum").
2023-10-31 00:12:42.824 +01:00 [Information] Entity Framework Core "6.0.23" initialized '"ApplicationDbContext"' using provider '"Microsoft.EntityFrameworkCore.SqlServer":"6.0.23"' with options: "None"
2023-10-31 00:12:43.021 +01:00 [Information] Executing ViewResult, running view "Index".
2023-10-31 00:12:43.029 +01:00 [Information] Executed ViewResult - view "Index" executed in 7.8775ms.
2023-10-31 00:12:43.029 +01:00 [Information] Executed action "Forum.Controllers.QuestionsController.Index (Forum)" in 261.199ms
2023-10-31 00:12:43.029 +01:00 [Information] Executed endpoint '"Forum.Controllers.QuestionsController.Index (Forum)"'
2023-10-31 00:12:43.030 +01:00 [Information] Request finished HTTP/2 GET https://localhost:7290/Questions - - - 200 - text/html;+charset=utf-8 286.3868ms
2023-10-31 00:12:43.039 +01:00 [Information] Request starting HTTP/2 GET https://localhost:7290/_vs/browserLink - -
2023-10-31 00:12:43.040 +01:00 [Information] Request starting HTTP/2 GET https://localhost:7290/_framework/aspnetcore-browser-refresh.js - -
2023-10-31 00:12:43.041 +01:00 [Information] Request finished HTTP/2 GET https://localhost:7290/_framework/aspnetcore-browser-refresh.js - - - 200 12342 application/javascript;+charset=utf-8 0.5458ms
2023-10-31 00:12:43.043 +01:00 [Information] Request finished HTTP/2 GET https://localhost:7290/_vs/browserLink - - - 200 - text/javascript;+charset=UTF-8 3.4349ms
2023-10-31 00:12:44.935 +01:00 [Information] Request starting HTTP/2 GET https://localhost:7290/Questions/Details/3 - -
2023-10-31 00:12:44.939 +01:00 [Information] Executing endpoint '"Forum.Controllers.QuestionsController.Details (Forum)"'
2023-10-31 00:12:44.946 +01:00 [Information] Route matched with "{action = \"Details\", controller = \"Questions\", page = \"\", area = \"\"}". Executing controller action with signature "System.Threading.Tasks.Task`1[Microsoft.AspNetCore.Mvc.IActionResult] Details(System.Nullable`1[System.Int32])" on controller "Forum.Controllers.QuestionsController" ("Forum").
2023-10-31 00:12:44.959 +01:00 [Information] Entity Framework Core "6.0.23" initialized '"ApplicationDbContext"' using provider '"Microsoft.EntityFrameworkCore.SqlServer":"6.0.23"' with options: "None"
2023-10-31 00:12:45.016 +01:00 [Information] Executing ViewResult, running view "Details".
2023-10-31 00:12:45.022 +01:00 [Information] Executed ViewResult - view "Details" executed in 6.9047ms.
2023-10-31 00:12:45.022 +01:00 [Information] Executed action "Forum.Controllers.QuestionsController.Details (Forum)" in 76.5017ms
2023-10-31 00:12:45.022 +01:00 [Information] Executed endpoint '"Forum.Controllers.QuestionsController.Details (Forum)"'
2023-10-31 00:12:45.024 +01:00 [Information] Request finished HTTP/2 GET https://localhost:7290/Questions/Details/3 - - - 200 - text/html;+charset=utf-8 88.4524ms
2023-10-31 00:12:45.033 +01:00 [Information] Request starting HTTP/2 GET https://localhost:7290/_vs/browserLink - -
2023-10-31 00:12:45.034 +01:00 [Information] Request starting HTTP/2 GET https://localhost:7290/_framework/aspnetcore-browser-refresh.js - -
2023-10-31 00:12:45.034 +01:00 [Information] Request finished HTTP/2 GET https://localhost:7290/_framework/aspnetcore-browser-refresh.js - - - 200 12342 application/javascript;+charset=utf-8 0.4908ms
2023-10-31 00:12:45.036 +01:00 [Information] Request finished HTTP/2 GET https://localhost:7290/_vs/browserLink - - - 200 - text/javascript;+charset=UTF-8 2.9167ms
