2023-10-30 23:10:32.207 +01:00 [Information] User profile is available. Using '"C:\Users\harun\AppData\Local\ASP.NET\DataProtection-Keys"' as key repository and Windows DPAPI to encrypt keys at rest.
2023-10-30 23:10:33.531 +01:00 [Information] Now listening on: "https://localhost:7290"
2023-10-30 23:10:33.531 +01:00 [Information] Now listening on: "http://localhost:5152"
2023-10-30 23:10:33.537 +01:00 [Information] Application started. Press Ctrl+C to shut down.
2023-10-30 23:10:33.538 +01:00 [Information] Hosting environment: "Development"
2023-10-30 23:10:33.538 +01:00 [Information] Content root path: "C:\Users\harun\OneDrive\Masaüstü\Forum\Forum\"
2023-10-30 23:10:36.416 +01:00 [Information] Request starting HTTP/2 GET https://localhost:7290/ - -
2023-10-30 23:10:38.371 +01:00 [Information] Executing endpoint '"Forum.Controllers.HomeController.Index (Forum)"'
2023-10-30 23:10:38.416 +01:00 [Information] Route matched with "{action = \"Index\", controller = \"Home\", page = \"\", area = \"\"}". Executing controller action with signature "Microsoft.AspNetCore.Mvc.IActionResult Index()" on controller "Forum.Controllers.HomeController" ("Forum").
2023-10-30 23:10:38.442 +01:00 [Information] Executing ViewResult, running view "Index".
2023-10-30 23:10:39.050 +01:00 [Information] Executed ViewResult - view "Index" executed in 599.5718ms.
2023-10-30 23:10:39.063 +01:00 [Information] Executed action "Forum.Controllers.HomeController.Index (Forum)" in 645.6552ms
2023-10-30 23:10:39.065 +01:00 [Information] Executed endpoint '"Forum.Controllers.HomeController.Index (Forum)"'
2023-10-30 23:10:39.111 +01:00 [Information] Request starting HTTP/2 GET https://localhost:7290/css/site.css?v=qwfvaLXSg0oKsvtKxUzRKff8ecJ4W5G7xpQXzsS6OVY - -
2023-10-30 23:10:39.114 +01:00 [Information] Request finished HTTP/2 GET https://localhost:7290/ - - - 200 - text/html;+charset=utf-8 2713.3483ms
2023-10-30 23:10:39.159 +01:00 [Information] Request starting HTTP/2 GET https://localhost:7290/Forum.styles.css?v=WLrVMYiZoeVtYvtsR1KO9jHv7jJpDgGkNNRPzibFmBk - -
2023-10-30 23:10:39.160 +01:00 [Information] The file "/css/site.css" was not modified
2023-10-30 23:10:39.162 +01:00 [Information] Request finished HTTP/2 GET https://localhost:7290/css/site.css?v=qwfvaLXSg0oKsvtKxUzRKff8ecJ4W5G7xpQXzsS6OVY - - - 304 - text/css 50.3898ms
2023-10-30 23:10:39.180 +01:00 [Information] Request starting HTTP/2 GET https://localhost:7290/_framework/aspnetcore-browser-refresh.js - -
2023-10-30 23:10:39.180 +01:00 [Information] Request starting HTTP/2 GET https://localhost:7290/js/site.js?v=4q1jwFhaPaZgr8WAUSrux6hAuh0XDg9kPS3xIVq36I0 - -
2023-10-30 23:10:39.187 +01:00 [Information] Request starting HTTP/2 GET https://localhost:7290/_vs/browserLink - -
2023-10-30 23:10:39.195 +01:00 [Information] Sending file. Request path: '"/js/site.js"'. Physical path: '"C:\Users\harun\OneDrive\Masaüstü\Forum\Forum\wwwroot\js\site.js"'
2023-10-30 23:10:39.195 +01:00 [Information] Sending file. Request path: '"/Forum.styles.css"'. Physical path: '"C:\Users\harun\OneDrive\Masaüstü\Forum\Forum\obj\Debug\net6.0\scopedcss\bundle\Forum.styles.css"'
2023-10-30 23:10:39.196 +01:00 [Information] Request finished HTTP/2 GET https://localhost:7290/js/site.js?v=4q1jwFhaPaZgr8WAUSrux6hAuh0XDg9kPS3xIVq36I0 - - - 200 230 application/javascript 16.5339ms
2023-10-30 23:10:39.196 +01:00 [Information] Request finished HTTP/2 GET https://localhost:7290/_framework/aspnetcore-browser-refresh.js - - - 200 12342 application/javascript;+charset=utf-8 16.9314ms
2023-10-30 23:10:39.197 +01:00 [Information] Request finished HTTP/2 GET https://localhost:7290/Forum.styles.css?v=WLrVMYiZoeVtYvtsR1KO9jHv7jJpDgGkNNRPzibFmBk - - - 200 1122 text/css 37.5911ms
2023-10-30 23:10:39.229 +01:00 [Information] Request finished HTTP/2 GET https://localhost:7290/_vs/browserLink - - - 200 - text/javascript;+charset=UTF-8 42.5720ms
2023-10-30 23:10:48.682 +01:00 [Information] Request starting HTTP/2 GET https://localhost:7290/Questions - -
2023-10-30 23:10:48.710 +01:00 [Information] Executing endpoint '"Forum.Controllers.QuestionsController.Index (Forum)"'
2023-10-30 23:10:48.743 +01:00 [Information] Route matched with "{action = \"Index\", controller = \"Questions\", page = \"\", area = \"\"}". Executing controller action with signature "System.Threading.Tasks.Task`1[Microsoft.AspNetCore.Mvc.IActionResult] Index()" on controller "Forum.Controllers.QuestionsController" ("Forum").
2023-10-30 23:10:51.281 +01:00 [Information] Entity Framework Core "6.0.23" initialized '"ApplicationDbContext"' using provider '"Microsoft.EntityFrameworkCore.SqlServer":"6.0.23"' with options: "None"
2023-10-30 23:10:56.239 +01:00 [Information] Executing ViewResult, running view "Index".
2023-10-30 23:10:56.277 +01:00 [Information] Executed ViewResult - view "Index" executed in 39.9301ms.
2023-10-30 23:10:56.278 +01:00 [Information] Executed action "Forum.Controllers.QuestionsController.Index (Forum)" in 7534.1015ms
2023-10-30 23:10:56.278 +01:00 [Information] Executed endpoint '"Forum.Controllers.QuestionsController.Index (Forum)"'
2023-10-30 23:10:56.288 +01:00 [Information] Request finished HTTP/2 GET https://localhost:7290/Questions - - - 200 - text/html;+charset=utf-8 7605.2112ms
2023-10-30 23:10:56.303 +01:00 [Information] Request starting HTTP/2 GET https://localhost:7290/Forum.styles.css?v=WLrVMYiZoeVtYvtsR1KO9jHv7jJpDgGkNNRPzibFmBk - -
2023-10-30 23:10:56.303 +01:00 [Information] The file "/Forum.styles.css" was not modified
2023-10-30 23:10:56.304 +01:00 [Information] Request finished HTTP/2 GET https://localhost:7290/Forum.styles.css?v=WLrVMYiZoeVtYvtsR1KO9jHv7jJpDgGkNNRPzibFmBk - - - 304 - text/css 0.8906ms
2023-10-30 23:10:56.304 +01:00 [Information] Request starting HTTP/2 GET https://localhost:7290/_vs/browserLink - -
2023-10-30 23:10:56.305 +01:00 [Information] Request starting HTTP/2 GET https://localhost:7290/_framework/aspnetcore-browser-refresh.js - -
2023-10-30 23:10:56.305 +01:00 [Information] Request finished HTTP/2 GET https://localhost:7290/_framework/aspnetcore-browser-refresh.js - - - 200 12342 application/javascript;+charset=utf-8 0.5637ms
2023-10-30 23:10:56.327 +01:00 [Information] Request finished HTTP/2 GET https://localhost:7290/_vs/browserLink - - - 200 - text/javascript;+charset=UTF-8 22.2523ms
2023-10-30 23:10:59.163 +01:00 [Information] Request starting HTTP/2 GET https://localhost:7290/Questions/Details/2 - -
2023-10-30 23:10:59.204 +01:00 [Information] Executing endpoint '"Forum.Controllers.QuestionsController.Details (Forum)"'
2023-10-30 23:10:59.248 +01:00 [Information] Route matched with "{action = \"Details\", controller = \"Questions\", page = \"\", area = \"\"}". Executing controller action with signature "System.Threading.Tasks.Task`1[Microsoft.AspNetCore.Mvc.IActionResult] Details(System.Nullable`1[System.Int32])" on controller "Forum.Controllers.QuestionsController" ("Forum").
2023-10-30 23:10:59.277 +01:00 [Information] Entity Framework Core "6.0.23" initialized '"ApplicationDbContext"' using provider '"Microsoft.EntityFrameworkCore.SqlServer":"6.0.23"' with options: "None"
2023-10-30 23:10:59.551 +01:00 [Information] Executing ViewResult, running view "Details".
2023-10-30 23:10:59.578 +01:00 [Information] Executed ViewResult - view "Details" executed in 28.8141ms.
2023-10-30 23:10:59.578 +01:00 [Information] Executed action "Forum.Controllers.QuestionsController.Details (Forum)" in 330.1478ms
2023-10-30 23:10:59.578 +01:00 [Information] Executed endpoint '"Forum.Controllers.QuestionsController.Details (Forum)"'
2023-10-30 23:10:59.582 +01:00 [Information] Request finished HTTP/2 GET https://localhost:7290/Questions/Details/2 - - - 200 - text/html;+charset=utf-8 419.2242ms
2023-10-30 23:10:59.601 +01:00 [Information] Request starting HTTP/2 GET https://localhost:7290/Forum.styles.css?v=WLrVMYiZoeVtYvtsR1KO9jHv7jJpDgGkNNRPzibFmBk - -
2023-10-30 23:10:59.602 +01:00 [Information] The file "/Forum.styles.css" was not modified
2023-10-30 23:10:59.603 +01:00 [Information] Request finished HTTP/2 GET https://localhost:7290/Forum.styles.css?v=WLrVMYiZoeVtYvtsR1KO9jHv7jJpDgGkNNRPzibFmBk - - - 304 - text/css 1.3633ms
2023-10-30 23:10:59.609 +01:00 [Information] Request starting HTTP/2 GET https://localhost:7290/_framework/aspnetcore-browser-refresh.js - -
2023-10-30 23:10:59.609 +01:00 [Information] Request starting HTTP/2 GET https://localhost:7290/_vs/browserLink - -
2023-10-30 23:10:59.611 +01:00 [Information] Request finished HTTP/2 GET https://localhost:7290/_framework/aspnetcore-browser-refresh.js - - - 200 12342 application/javascript;+charset=utf-8 1.8523ms
2023-10-30 23:10:59.620 +01:00 [Information] Request finished HTTP/2 GET https://localhost:7290/_vs/browserLink - - - 200 - text/javascript;+charset=UTF-8 10.8092ms
2023-10-30 23:11:05.949 +01:00 [Information] Request starting HTTP/2 POST https://localhost:7290/Questions/AddAnswer application/x-www-form-urlencoded 303
2023-10-30 23:11:05.966 +01:00 [Information] Executing endpoint '"Forum.Controllers.QuestionsController.AddAnswer (Forum)"'
2023-10-30 23:11:06.002 +01:00 [Information] Route matched with "{action = \"AddAnswer\", controller = \"Questions\", page = \"\", area = \"\"}". Executing controller action with signature "System.Threading.Tasks.Task`1[Microsoft.AspNetCore.Mvc.IActionResult] AddAnswer(Forum.Models.Answer)" on controller "Forum.Controllers.QuestionsController" ("Forum").
2023-10-30 23:11:06.246 +01:00 [Information] Entity Framework Core "6.0.23" initialized '"ApplicationDbContext"' using provider '"Microsoft.EntityFrameworkCore.SqlServer":"6.0.23"' with options: "None"
2023-10-30 23:11:06.720 +01:00 [Information] Executing RedirectResult, redirecting to "/Questions/Details/2".
2023-10-30 23:11:06.722 +01:00 [Information] Executed action "Forum.Controllers.QuestionsController.AddAnswer (Forum)" in 719.3899ms
2023-10-30 23:11:06.722 +01:00 [Information] Executed endpoint '"Forum.Controllers.QuestionsController.AddAnswer (Forum)"'
2023-10-30 23:11:06.724 +01:00 [Information] Request finished HTTP/2 POST https://localhost:7290/Questions/AddAnswer application/x-www-form-urlencoded 303 - 302 0 - 775.3833ms
2023-10-30 23:11:06.729 +01:00 [Information] Request starting HTTP/2 GET https://localhost:7290/Questions/Details/2 - -
2023-10-30 23:11:06.731 +01:00 [Information] Executing endpoint '"Forum.Controllers.QuestionsController.Details (Forum)"'
2023-10-30 23:11:06.731 +01:00 [Information] Route matched with "{action = \"Details\", controller = \"Questions\", page = \"\", area = \"\"}". Executing controller action with signature "System.Threading.Tasks.Task`1[Microsoft.AspNetCore.Mvc.IActionResult] Details(System.Nullable`1[System.Int32])" on controller "Forum.Controllers.QuestionsController" ("Forum").
2023-10-30 23:11:06.732 +01:00 [Information] Entity Framework Core "6.0.23" initialized '"ApplicationDbContext"' using provider '"Microsoft.EntityFrameworkCore.SqlServer":"6.0.23"' with options: "None"
2023-10-30 23:11:06.751 +01:00 [Information] Executing ViewResult, running view "Details".
2023-10-30 23:11:06.758 +01:00 [Information] Executed ViewResult - view "Details" executed in 6.546ms.
2023-10-30 23:11:06.758 +01:00 [Information] Executed action "Forum.Controllers.QuestionsController.Details (Forum)" in 26.5472ms
2023-10-30 23:11:06.758 +01:00 [Information] Executed endpoint '"Forum.Controllers.QuestionsController.Details (Forum)"'
2023-10-30 23:11:06.761 +01:00 [Information] Request finished HTTP/2 GET https://localhost:7290/Questions/Details/2 - - - 200 - text/html;+charset=utf-8 31.6879ms
2023-10-30 23:11:06.775 +01:00 [Information] Request starting HTTP/2 GET https://localhost:7290/Forum.styles.css?v=WLrVMYiZoeVtYvtsR1KO9jHv7jJpDgGkNNRPzibFmBk - -
2023-10-30 23:11:06.776 +01:00 [Information] The file "/Forum.styles.css" was not modified
2023-10-30 23:11:06.776 +01:00 [Information] Request finished HTTP/2 GET https://localhost:7290/Forum.styles.css?v=WLrVMYiZoeVtYvtsR1KO9jHv7jJpDgGkNNRPzibFmBk - - - 304 - text/css 0.7729ms
2023-10-30 23:11:06.781 +01:00 [Information] Request starting HTTP/2 GET https://localhost:7290/_framework/aspnetcore-browser-refresh.js - -
2023-10-30 23:11:06.781 +01:00 [Information] Request starting HTTP/2 GET https://localhost:7290/_vs/browserLink - -
2023-10-30 23:11:06.783 +01:00 [Information] Request finished HTTP/2 GET https://localhost:7290/_framework/aspnetcore-browser-refresh.js - - - 200 12342 application/javascript;+charset=utf-8 2.1909ms
2023-10-30 23:11:06.795 +01:00 [Information] Request finished HTTP/2 GET https://localhost:7290/_vs/browserLink - - - 200 - text/javascript;+charset=UTF-8 13.5329ms
2023-10-30 23:11:20.067 +01:00 [Information] Request starting HTTP/2 GET https://localhost:7290/Questions - -
2023-10-30 23:11:20.070 +01:00 [Information] Executing endpoint '"Forum.Controllers.QuestionsController.Index (Forum)"'
2023-10-30 23:11:20.088 +01:00 [Information] Route matched with "{action = \"Index\", controller = \"Questions\", page = \"\", area = \"\"}". Executing controller action with signature "System.Threading.Tasks.Task`1[Microsoft.AspNetCore.Mvc.IActionResult] Index()" on controller "Forum.Controllers.QuestionsController" ("Forum").
2023-10-30 23:11:20.089 +01:00 [Information] Entity Framework Core "6.0.23" initialized '"ApplicationDbContext"' using provider '"Microsoft.EntityFrameworkCore.SqlServer":"6.0.23"' with options: "None"
2023-10-30 23:11:20.108 +01:00 [Information] Executing ViewResult, running view "Index".
2023-10-30 23:11:20.116 +01:00 [Information] Executed ViewResult - view "Index" executed in 7.4857ms.
2023-10-30 23:11:20.116 +01:00 [Information] Executed action "Forum.Controllers.QuestionsController.Index (Forum)" in 27.6826ms
2023-10-30 23:11:20.116 +01:00 [Information] Executed endpoint '"Forum.Controllers.QuestionsController.Index (Forum)"'
2023-10-30 23:11:20.123 +01:00 [Information] Request finished HTTP/2 GET https://localhost:7290/Questions - - - 200 - text/html;+charset=utf-8 55.8048ms
2023-10-30 23:11:20.137 +01:00 [Information] Request starting HTTP/2 GET https://localhost:7290/Forum.styles.css?v=WLrVMYiZoeVtYvtsR1KO9jHv7jJpDgGkNNRPzibFmBk - -
2023-10-30 23:11:20.138 +01:00 [Information] The file "/Forum.styles.css" was not modified
2023-10-30 23:11:20.139 +01:00 [Information] Request finished HTTP/2 GET https://localhost:7290/Forum.styles.css?v=WLrVMYiZoeVtYvtsR1KO9jHv7jJpDgGkNNRPzibFmBk - - - 304 - text/css 1.6489ms
2023-10-30 23:11:20.141 +01:00 [Information] Request starting HTTP/2 GET https://localhost:7290/_framework/aspnetcore-browser-refresh.js - -
2023-10-30 23:11:20.141 +01:00 [Information] Request starting HTTP/2 GET https://localhost:7290/_vs/browserLink - -
2023-10-30 23:11:20.141 +01:00 [Information] Request finished HTTP/2 GET https://localhost:7290/_framework/aspnetcore-browser-refresh.js - - - 200 12342 application/javascript;+charset=utf-8 0.3276ms
2023-10-30 23:11:20.152 +01:00 [Information] Request finished HTTP/2 GET https://localhost:7290/_vs/browserLink - - - 200 - text/javascript;+charset=UTF-8 11.1314ms
2023-10-30 23:11:21.775 +01:00 [Information] Request starting HTTP/2 GET https://localhost:7290/Questions/Edit/2 - -
2023-10-30 23:11:21.778 +01:00 [Information] Executing endpoint '"Forum.Controllers.QuestionsController.Edit (Forum)"'
2023-10-30 23:11:21.785 +01:00 [Information] Route matched with "{action = \"Edit\", controller = \"Questions\", page = \"\", area = \"\"}". Executing controller action with signature "System.Threading.Tasks.Task`1[Microsoft.AspNetCore.Mvc.IActionResult] Edit(System.Nullable`1[System.Int32])" on controller "Forum.Controllers.QuestionsController" ("Forum").
2023-10-30 23:11:21.795 +01:00 [Information] Entity Framework Core "6.0.23" initialized '"ApplicationDbContext"' using provider '"Microsoft.EntityFrameworkCore.SqlServer":"6.0.23"' with options: "None"
2023-10-30 23:11:21.837 +01:00 [Information] Executing ViewResult, running view "Edit".
2023-10-30 23:11:21.942 +01:00 [Information] Executed ViewResult - view "Edit" executed in 107.5346ms.
2023-10-30 23:11:21.943 +01:00 [Information] Executed action "Forum.Controllers.QuestionsController.Edit (Forum)" in 157.4388ms
2023-10-30 23:11:21.943 +01:00 [Information] Executed endpoint '"Forum.Controllers.QuestionsController.Edit (Forum)"'
2023-10-30 23:11:21.945 +01:00 [Information] Request finished HTTP/2 GET https://localhost:7290/Questions/Edit/2 - - - 200 - text/html;+charset=utf-8 169.5443ms
2023-10-30 23:11:21.961 +01:00 [Information] Request starting HTTP/2 GET https://localhost:7290/lib/jquery-validation/dist/jquery.validate.min.js - -
2023-10-30 23:11:21.961 +01:00 [Information] Request starting HTTP/2 GET https://localhost:7290/_framework/aspnetcore-browser-refresh.js - -
2023-10-30 23:11:21.962 +01:00 [Information] Request finished HTTP/2 GET https://localhost:7290/_framework/aspnetcore-browser-refresh.js - - - 200 12342 application/javascript;+charset=utf-8 1.2093ms
2023-10-30 23:11:21.963 +01:00 [Information] Request starting HTTP/2 GET https://localhost:7290/lib/jquery-validation-unobtrusive/jquery.validate.unobtrusive.min.js - -
2023-10-30 23:11:21.975 +01:00 [Information] Request starting HTTP/2 GET https://localhost:7290/_vs/browserLink - -
2023-10-30 23:11:21.981 +01:00 [Information] Request finished HTTP/2 GET https://localhost:7290/_vs/browserLink - - - 200 - text/javascript;+charset=UTF-8 5.4390ms
2023-10-30 23:11:21.981 +01:00 [Information] Sending file. Request path: '"/lib/jquery-validation-unobtrusive/jquery.validate.unobtrusive.min.js"'. Physical path: '"C:\Users\harun\OneDrive\Masaüstü\Forum\Forum\wwwroot\lib\jquery-validation-unobtrusive\jquery.validate.unobtrusive.min.js"'
2023-10-30 23:11:21.981 +01:00 [Information] Sending file. Request path: '"/lib/jquery-validation/dist/jquery.validate.min.js"'. Physical path: '"C:\Users\harun\OneDrive\Masaüstü\Forum\Forum\wwwroot\lib\jquery-validation\dist\jquery.validate.min.js"'
2023-10-30 23:11:21.982 +01:00 [Information] Request finished HTTP/2 GET https://localhost:7290/lib/jquery-validation-unobtrusive/jquery.validate.unobtrusive.min.js - - - 200 5868 application/javascript 18.4141ms
2023-10-30 23:11:21.982 +01:00 [Information] Request finished HTTP/2 GET https://localhost:7290/lib/jquery-validation/dist/jquery.validate.min.js - - - 200 23261 application/javascript 21.5579ms
2023-10-30 23:11:26.101 +01:00 [Information] Request starting HTTP/2 POST https://localhost:7290/Questions/Edit/2 application/x-www-form-urlencoded 310
2023-10-30 23:11:26.106 +01:00 [Information] Executing endpoint '"Forum.Controllers.QuestionsController.Edit (Forum)"'
2023-10-30 23:11:26.116 +01:00 [Information] Route matched with "{action = \"Edit\", controller = \"Questions\", page = \"\", area = \"\"}". Executing controller action with signature "System.Threading.Tasks.Task`1[Microsoft.AspNetCore.Mvc.IActionResult] Edit(Int32, Forum.Models.Question)" on controller "Forum.Controllers.QuestionsController" ("Forum").
2023-10-30 23:11:26.132 +01:00 [Information] Entity Framework Core "6.0.23" initialized '"ApplicationDbContext"' using provider '"Microsoft.EntityFrameworkCore.SqlServer":"6.0.23"' with options: "None"
2023-10-30 23:11:26.203 +01:00 [Information] Executing RedirectResult, redirecting to "/Questions".
2023-10-30 23:11:26.203 +01:00 [Information] Executed action "Forum.Controllers.QuestionsController.Edit (Forum)" in 86.392ms
2023-10-30 23:11:26.203 +01:00 [Information] Executed endpoint '"Forum.Controllers.QuestionsController.Edit (Forum)"'
2023-10-30 23:11:26.204 +01:00 [Information] Request finished HTTP/2 POST https://localhost:7290/Questions/Edit/2 application/x-www-form-urlencoded 310 - 302 0 - 103.0238ms
2023-10-30 23:11:26.209 +01:00 [Information] Request starting HTTP/2 GET https://localhost:7290/Questions - -
2023-10-30 23:11:26.215 +01:00 [Information] Executing endpoint '"Forum.Controllers.QuestionsController.Index (Forum)"'
2023-10-30 23:11:26.215 +01:00 [Information] Route matched with "{action = \"Index\", controller = \"Questions\", page = \"\", area = \"\"}". Executing controller action with signature "System.Threading.Tasks.Task`1[Microsoft.AspNetCore.Mvc.IActionResult] Index()" on controller "Forum.Controllers.QuestionsController" ("Forum").
2023-10-30 23:11:26.217 +01:00 [Information] Entity Framework Core "6.0.23" initialized '"ApplicationDbContext"' using provider '"Microsoft.EntityFrameworkCore.SqlServer":"6.0.23"' with options: "None"
2023-10-30 23:11:26.235 +01:00 [Information] Executing ViewResult, running view "Index".
2023-10-30 23:11:26.243 +01:00 [Information] Executed ViewResult - view "Index" executed in 8.4341ms.
2023-10-30 23:11:26.244 +01:00 [Information] Executed action "Forum.Controllers.QuestionsController.Index (Forum)" in 28.3206ms
2023-10-30 23:11:26.244 +01:00 [Information] Executed endpoint '"Forum.Controllers.QuestionsController.Index (Forum)"'
2023-10-30 23:11:26.254 +01:00 [Information] Request finished HTTP/2 GET https://localhost:7290/Questions - - - 200 - text/html;+charset=utf-8 45.2650ms
2023-10-30 23:11:26.269 +01:00 [Information] Request starting HTTP/2 GET https://localhost:7290/Forum.styles.css?v=WLrVMYiZoeVtYvtsR1KO9jHv7jJpDgGkNNRPzibFmBk - -
2023-10-30 23:11:26.270 +01:00 [Information] The file "/Forum.styles.css" was not modified
2023-10-30 23:11:26.271 +01:00 [Information] Request finished HTTP/2 GET https://localhost:7290/Forum.styles.css?v=WLrVMYiZoeVtYvtsR1KO9jHv7jJpDgGkNNRPzibFmBk - - - 304 - text/css 1.7067ms
2023-10-30 23:11:26.280 +01:00 [Information] Request starting HTTP/2 GET https://localhost:7290/_framework/aspnetcore-browser-refresh.js - -
2023-10-30 23:11:26.280 +01:00 [Information] Request starting HTTP/2 GET https://localhost:7290/_vs/browserLink - -
2023-10-30 23:11:26.281 +01:00 [Information] Request finished HTTP/2 GET https://localhost:7290/_framework/aspnetcore-browser-refresh.js - - - 200 12342 application/javascript;+charset=utf-8 0.9373ms
2023-10-30 23:11:26.287 +01:00 [Information] Request finished HTTP/2 GET https://localhost:7290/_vs/browserLink - - - 200 - text/javascript;+charset=UTF-8 6.3130ms
2023-10-30 23:12:15.969 +01:00 [Information] Request starting HTTP/2 GET https://localhost:7290/ - -
2023-10-30 23:12:15.973 +01:00 [Information] Executing endpoint '"Forum.Controllers.HomeController.Index (Forum)"'
2023-10-30 23:12:15.973 +01:00 [Information] Route matched with "{action = \"Index\", controller = \"Home\", page = \"\", area = \"\"}". Executing controller action with signature "Microsoft.AspNetCore.Mvc.IActionResult Index()" on controller "Forum.Controllers.HomeController" ("Forum").
2023-10-30 23:12:15.974 +01:00 [Information] Executing ViewResult, running view "Index".
2023-10-30 23:12:15.979 +01:00 [Information] Executed ViewResult - view "Index" executed in 6.2533ms.
2023-10-30 23:12:15.980 +01:00 [Information] Executed action "Forum.Controllers.HomeController.Index (Forum)" in 6.7132ms
2023-10-30 23:12:15.980 +01:00 [Information] Executed endpoint '"Forum.Controllers.HomeController.Index (Forum)"'
2023-10-30 23:12:15.983 +01:00 [Information] Request finished HTTP/2 GET https://localhost:7290/ - - - 200 - text/html;+charset=utf-8 13.5087ms
2023-10-30 23:12:16.004 +01:00 [Information] Request starting HTTP/2 GET https://localhost:7290/Forum.styles.css?v=WLrVMYiZoeVtYvtsR1KO9jHv7jJpDgGkNNRPzibFmBk - -
2023-10-30 23:12:16.004 +01:00 [Information] The file "/Forum.styles.css" was not modified
2023-10-30 23:12:16.005 +01:00 [Information] Request finished HTTP/2 GET https://localhost:7290/Forum.styles.css?v=WLrVMYiZoeVtYvtsR1KO9jHv7jJpDgGkNNRPzibFmBk - - - 304 - text/css 1.2851ms
2023-10-30 23:12:16.017 +01:00 [Information] Request starting HTTP/2 GET https://localhost:7290/_framework/aspnetcore-browser-refresh.js - -
2023-10-30 23:12:16.017 +01:00 [Information] Request finished HTTP/2 GET https://localhost:7290/_framework/aspnetcore-browser-refresh.js - - - 200 12342 application/javascript;+charset=utf-8 0.6372ms
2023-10-30 23:12:16.019 +01:00 [Information] Request starting HTTP/2 GET https://localhost:7290/_vs/browserLink - -
2023-10-30 23:12:16.040 +01:00 [Information] Request finished HTTP/2 GET https://localhost:7290/_vs/browserLink - - - 200 - text/javascript;+charset=UTF-8 20.4920ms
2023-10-30 23:22:17.954 +01:00 [Information] Request starting HTTP/2 GET https://localhost:7290/ - -
2023-10-30 23:22:17.957 +01:00 [Information] Executing endpoint '"Forum.Controllers.HomeController.Index (Forum)"'
2023-10-30 23:22:17.958 +01:00 [Information] Route matched with "{action = \"Index\", controller = \"Home\", page = \"\", area = \"\"}". Executing controller action with signature "Microsoft.AspNetCore.Mvc.IActionResult Index()" on controller "Forum.Controllers.HomeController" ("Forum").
2023-10-30 23:22:17.958 +01:00 [Information] Executing ViewResult, running view "Index".
2023-10-30 23:22:17.998 +01:00 [Information] Executed ViewResult - view "Index" executed in 40.0501ms.
2023-10-30 23:22:17.999 +01:00 [Information] Executed action "Forum.Controllers.HomeController.Index (Forum)" in 40.7134ms
2023-10-30 23:22:17.999 +01:00 [Information] Executed endpoint '"Forum.Controllers.HomeController.Index (Forum)"'
2023-10-30 23:22:18.002 +01:00 [Information] Request finished HTTP/2 GET https://localhost:7290/ - - - 200 - text/html;+charset=utf-8 46.8239ms
2023-10-30 23:22:18.014 +01:00 [Information] Request starting HTTP/2 GET https://localhost:7290/css/site.css?v=pwR-EOfUYGLebHlhx7vvzQpBSr2v4iLVedEfUydw5lk - -
2023-10-30 23:22:18.014 +01:00 [Information] Request starting HTTP/2 GET https://localhost:7290/Forum.styles.css?v=WLrVMYiZoeVtYvtsR1KO9jHv7jJpDgGkNNRPzibFmBk - -
2023-10-30 23:22:18.015 +01:00 [Information] Sending file. Request path: '"/css/site.css"'. Physical path: '"C:\Users\harun\OneDrive\Masaüstü\Forum\Forum\wwwroot\css\site.css"'
2023-10-30 23:22:18.015 +01:00 [Information] The file "/Forum.styles.css" was not modified
2023-10-30 23:22:18.015 +01:00 [Information] Request finished HTTP/2 GET https://localhost:7290/css/site.css?v=pwR-EOfUYGLebHlhx7vvzQpBSr2v4iLVedEfUydw5lk - - - 200 323 text/css 1.7997ms
2023-10-30 23:22:18.016 +01:00 [Information] Request finished HTTP/2 GET https://localhost:7290/Forum.styles.css?v=WLrVMYiZoeVtYvtsR1KO9jHv7jJpDgGkNNRPzibFmBk - - - 304 - text/css 1.2357ms
2023-10-30 23:22:18.119 +01:00 [Information] Request starting HTTP/2 GET https://localhost:7290/_framework/aspnetcore-browser-refresh.js - -
2023-10-30 23:22:18.120 +01:00 [Information] Request starting HTTP/2 GET https://localhost:7290/_vs/browserLink - -
2023-10-30 23:22:18.120 +01:00 [Information] Request starting HTTP/2 GET https://localhost:7290/js/site.js?v=4q1jwFhaPaZgr8WAUSrux6hAuh0XDg9kPS3xIVq36I0 - -
2023-10-30 23:22:18.120 +01:00 [Information] Request finished HTTP/2 GET https://localhost:7290/_framework/aspnetcore-browser-refresh.js - - - 200 12342 application/javascript;+charset=utf-8 0.8454ms
2023-10-30 23:22:18.121 +01:00 [Information] The file "/js/site.js" was not modified
2023-10-30 23:22:18.121 +01:00 [Information] Request finished HTTP/2 GET https://localhost:7290/js/site.js?v=4q1jwFhaPaZgr8WAUSrux6hAuh0XDg9kPS3xIVq36I0 - - - 304 - application/javascript 1.2890ms
2023-10-30 23:22:18.129 +01:00 [Information] Request finished HTTP/2 GET https://localhost:7290/_vs/browserLink - - - 200 - text/javascript;+charset=UTF-8 8.9221ms
