2023-10-30 23:55:38.147 +01:00 [Information] User profile is available. Using '"C:\Users\harun\AppData\Local\ASP.NET\DataProtection-Keys"' as key repository and Windows DPAPI to encrypt keys at rest.
2023-10-30 23:55:38.586 +01:00 [Information] Now listening on: "https://localhost:7290"
2023-10-30 23:55:38.587 +01:00 [Information] Now listening on: "http://localhost:5152"
2023-10-30 23:55:38.597 +01:00 [Information] Application started. Press Ctrl+C to shut down.
2023-10-30 23:55:38.598 +01:00 [Information] Hosting environment: "Development"
2023-10-30 23:55:38.598 +01:00 [Information] Content root path: "C:\Users\harun\OneDrive\Masaüstü\Forum\Forum\"
2023-10-30 23:55:39.023 +01:00 [Information] Request starting HTTP/2 GET https://localhost:7290/Questions - -
2023-10-30 23:55:39.444 +01:00 [Information] Executing endpoint '"Forum.Controllers.QuestionsController.Index (Forum)"'
2023-10-30 23:55:39.481 +01:00 [Information] Route matched with "{action = \"Index\", controller = \"Questions\", page = \"\", area = \"\"}". Executing controller action with signature "System.Threading.Tasks.Task`1[Microsoft.AspNetCore.Mvc.IActionResult] Index()" on controller "Forum.Controllers.QuestionsController" ("Forum").
2023-10-30 23:55:41.088 +01:00 [Information] Entity Framework Core "6.0.23" initialized '"ApplicationDbContext"' using provider '"Microsoft.EntityFrameworkCore.SqlServer":"6.0.23"' with options: "None"
2023-10-30 23:55:42.633 +01:00 [Information] Executing ViewResult, running view "Index".
2023-10-30 23:55:42.928 +01:00 [Information] Executed ViewResult - view "Index" executed in 287.3973ms.
2023-10-30 23:55:42.933 +01:00 [Information] Executed action "Forum.Controllers.QuestionsController.Index (Forum)" in 3450.7058ms
2023-10-30 23:55:42.934 +01:00 [Information] Executed endpoint '"Forum.Controllers.QuestionsController.Index (Forum)"'
2023-10-30 23:55:42.966 +01:00 [Information] Request starting HTTP/2 GET https://localhost:7290/_framework/aspnetcore-browser-refresh.js - -
2023-10-30 23:55:42.966 +01:00 [Information] Request starting HTTP/2 GET https://localhost:7290/_vs/browserLink - -
2023-10-30 23:55:42.974 +01:00 [Information] Request finished HTTP/2 GET https://localhost:7290/_framework/aspnetcore-browser-refresh.js - - - 200 12342 application/javascript;+charset=utf-8 7.4315ms
2023-10-30 23:55:42.974 +01:00 [Information] Request finished HTTP/2 GET https://localhost:7290/Questions - - - 200 - text/html;+charset=utf-8 3957.0834ms
2023-10-30 23:55:42.995 +01:00 [Information] Request finished HTTP/2 GET https://localhost:7290/_vs/browserLink - - - 200 - text/javascript;+charset=UTF-8 28.8416ms
2023-10-30 23:55:46.195 +01:00 [Information] Request starting HTTP/2 GET https://localhost:7290/Questions/Details/2 - -
2023-10-30 23:55:46.205 +01:00 [Information] Executing endpoint '"Forum.Controllers.QuestionsController.Details (Forum)"'
2023-10-30 23:55:46.246 +01:00 [Information] Route matched with "{action = \"Details\", controller = \"Questions\", page = \"\", area = \"\"}". Executing controller action with signature "System.Threading.Tasks.Task`1[Microsoft.AspNetCore.Mvc.IActionResult] Details(System.Nullable`1[System.Int32])" on controller "Forum.Controllers.QuestionsController" ("Forum").
2023-10-30 23:55:46.273 +01:00 [Information] Entity Framework Core "6.0.23" initialized '"ApplicationDbContext"' using provider '"Microsoft.EntityFrameworkCore.SqlServer":"6.0.23"' with options: "None"
2023-10-30 23:55:46.519 +01:00 [Information] Executing ViewResult, running view "Details".
2023-10-30 23:55:46.559 +01:00 [Information] Executed ViewResult - view "Details" executed in 41.3311ms.
2023-10-30 23:55:46.561 +01:00 [Information] Executed action "Forum.Controllers.QuestionsController.Details (Forum)" in 314.2736ms
2023-10-30 23:55:46.561 +01:00 [Information] Executed endpoint '"Forum.Controllers.QuestionsController.Details (Forum)"'
2023-10-30 23:55:46.564 +01:00 [Information] Request finished HTTP/2 GET https://localhost:7290/Questions/Details/2 - - - 200 - text/html;+charset=utf-8 369.3929ms
2023-10-30 23:55:46.574 +01:00 [Information] Request starting HTTP/2 GET https://localhost:7290/_vs/browserLink - -
2023-10-30 23:55:46.576 +01:00 [Information] Request starting HTTP/2 GET https://localhost:7290/_framework/aspnetcore-browser-refresh.js - -
2023-10-30 23:55:46.577 +01:00 [Information] Request finished HTTP/2 GET https://localhost:7290/_framework/aspnetcore-browser-refresh.js - - - 200 12342 application/javascript;+charset=utf-8 1.1997ms
2023-10-30 23:55:46.582 +01:00 [Information] Request finished HTTP/2 GET https://localhost:7290/_vs/browserLink - - - 200 - text/javascript;+charset=UTF-8 7.7118ms
