2023-10-30 23:32:17.419 +01:00 [Information] User profile is available. Using '"C:\Users\harun\AppData\Local\ASP.NET\DataProtection-Keys"' as key repository and Windows DPAPI to encrypt keys at rest.
2023-10-30 23:32:17.754 +01:00 [Information] Now listening on: "https://localhost:7290"
2023-10-30 23:32:17.754 +01:00 [Information] Now listening on: "http://localhost:5152"
2023-10-30 23:32:17.761 +01:00 [Information] Application started. Press Ctrl+C to shut down.
2023-10-30 23:32:17.761 +01:00 [Information] Hosting environment: "Development"
2023-10-30 23:32:17.761 +01:00 [Information] Content root path: "C:\Users\harun\OneDrive\Masaüstü\Forum\Forum\"
2023-10-30 23:32:18.481 +01:00 [Information] Request starting HTTP/2 GET https://localhost:7290/ - -
2023-10-30 23:32:20.526 +01:00 [Information] Entity Framework Core "6.0.23" initialized '"ApplicationDbContext"' using provider '"Microsoft.EntityFrameworkCore.SqlServer":"6.0.23"' with options: "None"
2023-10-30 23:32:21.954 +01:00 [Information] Executing endpoint '"Forum.Controllers.HomeController.Index (Forum)"'
2023-10-30 23:32:21.972 +01:00 [Information] Route matched with "{action = \"Index\", controller = \"Home\", page = \"\", area = \"\"}". Executing controller action with signature "Microsoft.AspNetCore.Mvc.IActionResult Index()" on controller "Forum.Controllers.HomeController" ("Forum").
2023-10-30 23:32:21.986 +01:00 [Information] Executing ViewResult, running view "Index".
2023-10-30 23:32:22.255 +01:00 [Information] Executed ViewResult - view "Index" executed in 271.1196ms.
2023-10-30 23:32:22.258 +01:00 [Information] Executed action "Forum.Controllers.HomeController.Index (Forum)" in 284.6647ms
2023-10-30 23:32:22.258 +01:00 [Information] Executed endpoint '"Forum.Controllers.HomeController.Index (Forum)"'
2023-10-30 23:32:22.297 +01:00 [Information] Request starting HTTP/2 GET https://localhost:7290/css/site.css?v=pwR-EOfUYGLebHlhx7vvzQpBSr2v4iLVedEfUydw5lk - -
2023-10-30 23:32:22.297 +01:00 [Information] Request starting HTTP/2 GET https://localhost:7290/Forum.styles.css?v=WLrVMYiZoeVtYvtsR1KO9jHv7jJpDgGkNNRPzibFmBk - -
2023-10-30 23:32:22.300 +01:00 [Information] Request finished HTTP/2 GET https://localhost:7290/ - - - 200 - text/html;+charset=utf-8 3829.8057ms
2023-10-30 23:32:22.303 +01:00 [Information] The file "/css/site.css" was not modified
2023-10-30 23:32:22.303 +01:00 [Information] The file "/Forum.styles.css" was not modified
2023-10-30 23:32:22.304 +01:00 [Information] Request finished HTTP/2 GET https://localhost:7290/Forum.styles.css?v=WLrVMYiZoeVtYvtsR1KO9jHv7jJpDgGkNNRPzibFmBk - - - 304 - text/css 6.8971ms
2023-10-30 23:32:22.304 +01:00 [Information] Request finished HTTP/2 GET https://localhost:7290/css/site.css?v=pwR-EOfUYGLebHlhx7vvzQpBSr2v4iLVedEfUydw5lk - - - 304 - text/css 6.8970ms
2023-10-30 23:32:22.350 +01:00 [Information] Request starting HTTP/2 GET https://localhost:7290/_framework/aspnetcore-browser-refresh.js - -
2023-10-30 23:32:22.350 +01:00 [Information] Request starting HTTP/2 GET https://localhost:7290/_vs/browserLink - -
2023-10-30 23:32:22.350 +01:00 [Information] Request starting HTTP/2 GET https://localhost:7290/js/site.js?v=4q1jwFhaPaZgr8WAUSrux6hAuh0XDg9kPS3xIVq36I0 - -
2023-10-30 23:32:22.351 +01:00 [Information] The file "/js/site.js" was not modified
2023-10-30 23:32:22.352 +01:00 [Information] Request finished HTTP/2 GET https://localhost:7290/js/site.js?v=4q1jwFhaPaZgr8WAUSrux6hAuh0XDg9kPS3xIVq36I0 - - - 304 - application/javascript 1.3559ms
2023-10-30 23:32:22.358 +01:00 [Information] Request finished HTTP/2 GET https://localhost:7290/_framework/aspnetcore-browser-refresh.js - - - 200 12342 application/javascript;+charset=utf-8 7.5924ms
2023-10-30 23:32:22.371 +01:00 [Information] Request finished HTTP/2 GET https://localhost:7290/_vs/browserLink - - - 200 - text/javascript;+charset=UTF-8 20.1223ms
2023-10-30 23:35:09.424 +01:00 [Information] Request starting HTTP/2 GET https://localhost:7290/_framework/clear-browser-cache - -
2023-10-30 23:35:09.428 +01:00 [Information] Request finished HTTP/2 GET https://localhost:7290/_framework/clear-browser-cache - - - 200 0 - 4.5943ms
2023-10-30 23:35:09.442 +01:00 [Information] Request starting HTTP/2 GET https://localhost:7290/ - -
2023-10-30 23:35:09.450 +01:00 [Information] Executing endpoint '"Forum.Controllers.HomeController.Index (Forum)"'
2023-10-30 23:35:09.450 +01:00 [Information] Route matched with "{action = \"Index\", controller = \"Home\", page = \"\", area = \"\"}". Executing controller action with signature "Microsoft.AspNetCore.Mvc.IActionResult Index()" on controller "Forum.Controllers.HomeController" ("Forum").
2023-10-30 23:35:09.451 +01:00 [Information] Executing ViewResult, running view "Index".
2023-10-30 23:35:09.505 +01:00 [Information] Executed ViewResult - view "Index" executed in 54.1117ms.
2023-10-30 23:35:09.506 +01:00 [Information] Executed action "Forum.Controllers.HomeController.Index (Forum)" in 55.3953ms
2023-10-30 23:35:09.506 +01:00 [Information] Executed endpoint '"Forum.Controllers.HomeController.Index (Forum)"'
2023-10-30 23:35:09.511 +01:00 [Information] Request finished HTTP/2 GET https://localhost:7290/ - - - 200 - text/html;+charset=utf-8 69.3886ms
2023-10-30 23:35:09.530 +01:00 [Information] Request starting HTTP/2 GET https://localhost:7290/lib/bootstrap/dist/css/bootstrap.min.css - -
2023-10-30 23:35:09.536 +01:00 [Information] Request starting HTTP/2 GET https://localhost:7290/css/site.css?v=xb4QVjUfIwH3AAdWsQq0Z8PTgD-LybR3L14bbNR4Xc0 - -
2023-10-30 23:35:09.536 +01:00 [Information] Request starting HTTP/2 GET https://localhost:7290/Forum.styles.css?v=WLrVMYiZoeVtYvtsR1KO9jHv7jJpDgGkNNRPzibFmBk - -
2023-10-30 23:35:09.536 +01:00 [Information] Request starting HTTP/2 GET https://localhost:7290/images/frm1.jpg - -
2023-10-30 23:35:09.536 +01:00 [Information] Request starting HTTP/2 GET https://localhost:7290/images/frm2.jpg - -
2023-10-30 23:35:09.554 +01:00 [Information] Sending file. Request path: '"/Forum.styles.css"'. Physical path: '"C:\Users\harun\OneDrive\Masaüstü\Forum\Forum\obj\Debug\net6.0\scopedcss\bundle\Forum.styles.css"'
2023-10-30 23:35:09.554 +01:00 [Information] Sending file. Request path: '"/css/site.css"'. Physical path: '"C:\Users\harun\OneDrive\Masaüstü\Forum\Forum\wwwroot\css\site.css"'
2023-10-30 23:35:09.554 +01:00 [Information] Request finished HTTP/2 GET https://localhost:7290/Forum.styles.css?v=WLrVMYiZoeVtYvtsR1KO9jHv7jJpDgGkNNRPzibFmBk - - - 200 1122 text/css 18.3850ms
2023-10-30 23:35:09.554 +01:00 [Information] Request finished HTTP/2 GET https://localhost:7290/css/site.css?v=xb4QVjUfIwH3AAdWsQq0Z8PTgD-LybR3L14bbNR4Xc0 - - - 200 324 text/css 18.5945ms
2023-10-30 23:35:09.558 +01:00 [Information] Sending file. Request path: '"/lib/bootstrap/dist/css/bootstrap.min.css"'. Physical path: '"C:\Users\harun\OneDrive\Masaüstü\Forum\Forum\wwwroot\lib\bootstrap\dist\css\bootstrap.min.css"'
2023-10-30 23:35:09.559 +01:00 [Information] Request finished HTTP/2 GET https://localhost:7290/lib/bootstrap/dist/css/bootstrap.min.css - - - 200 162720 text/css 28.9040ms
2023-10-30 23:35:09.574 +01:00 [Information] Sending file. Request path: '"/images/frm2.jpg"'. Physical path: '"C:\Users\harun\OneDrive\Masaüstü\Forum\Forum\wwwroot\Images\frm2.jpg"'
2023-10-30 23:35:09.575 +01:00 [Information] Request finished HTTP/2 GET https://localhost:7290/images/frm2.jpg - - - 200 21824 image/jpeg 38.5168ms
2023-10-30 23:35:09.591 +01:00 [Information] Request starting HTTP/2 GET https://localhost:7290/images/ans1.jpg - -
2023-10-30 23:35:09.598 +01:00 [Information] Request starting HTTP/2 GET https://localhost:7290/lib/jquery/dist/jquery.min.js - -
2023-10-30 23:35:09.601 +01:00 [Information] Sending file. Request path: '"/lib/jquery/dist/jquery.min.js"'. Physical path: '"C:\Users\harun\OneDrive\Masaüstü\Forum\Forum\wwwroot\lib\jquery\dist\jquery.min.js"'
2023-10-30 23:35:09.602 +01:00 [Information] Request finished HTTP/2 GET https://localhost:7290/lib/jquery/dist/jquery.min.js - - - 200 89476 application/javascript 4.0518ms
2023-10-30 23:35:09.634 +01:00 [Information] Request starting HTTP/2 GET https://localhost:7290/images/ans2.jpg - -
2023-10-30 23:35:09.655 +01:00 [Information] Sending file. Request path: '"/images/ans2.jpg"'. Physical path: '"C:\Users\harun\OneDrive\Masaüstü\Forum\Forum\wwwroot\Images\ans2.jpg"'
2023-10-30 23:35:09.656 +01:00 [Information] Request finished HTTP/2 GET https://localhost:7290/images/ans2.jpg - - - 200 36169 image/jpeg 22.4284ms
2023-10-30 23:35:09.665 +01:00 [Information] Sending file. Request path: '"/images/ans1.jpg"'. Physical path: '"C:\Users\harun\OneDrive\Masaüstü\Forum\Forum\wwwroot\Images\ans1.jpg"'
2023-10-30 23:35:09.665 +01:00 [Information] Request finished HTTP/2 GET https://localhost:7290/images/ans1.jpg - - - 200 954807 image/jpeg 74.0620ms
2023-10-30 23:35:09.680 +01:00 [Information] Request starting HTTP/2 GET https://localhost:7290/images/ans3.jpg - -
2023-10-30 23:35:09.681 +01:00 [Information] Request starting HTTP/2 GET https://localhost:7290/lib/bootstrap/dist/js/bootstrap.bundle.min.js - -
2023-10-30 23:35:09.684 +01:00 [Information] Sending file. Request path: '"/images/frm1.jpg"'. Physical path: '"C:\Users\harun\OneDrive\Masaüstü\Forum\Forum\wwwroot\Images\frm1.jpg"'
2023-10-30 23:35:09.684 +01:00 [Information] Sending file. Request path: '"/lib/bootstrap/dist/js/bootstrap.bundle.min.js"'. Physical path: '"C:\Users\harun\OneDrive\Masaüstü\Forum\Forum\wwwroot\lib\bootstrap\dist\js\bootstrap.bundle.min.js"'
2023-10-30 23:35:09.684 +01:00 [Information] Request finished HTTP/2 GET https://localhost:7290/images/frm1.jpg - - - 200 2450288 image/jpeg 148.4155ms
2023-10-30 23:35:09.685 +01:00 [Information] Request finished HTTP/2 GET https://localhost:7290/lib/bootstrap/dist/js/bootstrap.bundle.min.js - - - 200 78468 application/javascript 3.7278ms
2023-10-30 23:35:09.693 +01:00 [Information] Request starting HTTP/2 GET https://localhost:7290/js/site.js?v=4q1jwFhaPaZgr8WAUSrux6hAuh0XDg9kPS3xIVq36I0 - -
2023-10-30 23:35:09.695 +01:00 [Information] Sending file. Request path: '"/js/site.js"'. Physical path: '"C:\Users\harun\OneDrive\Masaüstü\Forum\Forum\wwwroot\js\site.js"'
2023-10-30 23:35:09.695 +01:00 [Information] Request finished HTTP/2 GET https://localhost:7290/js/site.js?v=4q1jwFhaPaZgr8WAUSrux6hAuh0XDg9kPS3xIVq36I0 - - - 200 230 application/javascript 1.7840ms
2023-10-30 23:35:09.700 +01:00 [Information] Request starting HTTP/2 GET https://localhost:7290/_framework/aspnetcore-browser-refresh.js - -
2023-10-30 23:35:09.701 +01:00 [Information] Request finished HTTP/2 GET https://localhost:7290/_framework/aspnetcore-browser-refresh.js - - - 200 12342 application/javascript;+charset=utf-8 0.8455ms
2023-10-30 23:35:09.705 +01:00 [Information] Request starting HTTP/2 GET https://localhost:7290/_vs/browserLink - -
2023-10-30 23:35:09.717 +01:00 [Information] Request finished HTTP/2 GET https://localhost:7290/_vs/browserLink - - - 200 - text/javascript;+charset=UTF-8 11.6609ms
2023-10-30 23:35:09.717 +01:00 [Information] Sending file. Request path: '"/images/ans3.jpg"'. Physical path: '"C:\Users\harun\OneDrive\Masaüstü\Forum\Forum\wwwroot\Images\ans3.jpg"'
2023-10-30 23:35:09.717 +01:00 [Information] Request finished HTTP/2 GET https://localhost:7290/images/ans3.jpg - - - 200 41103 image/jpeg 37.7245ms
2023-10-30 23:35:09.796 +01:00 [Information] Request starting HTTP/2 GET https://localhost:7290/favicon.ico - -
2023-10-30 23:35:09.799 +01:00 [Information] Sending file. Request path: '"/favicon.ico"'. Physical path: '"C:\Users\harun\OneDrive\Masaüstü\Forum\Forum\wwwroot\favicon.ico"'
2023-10-30 23:35:09.799 +01:00 [Information] Request finished HTTP/2 GET https://localhost:7290/favicon.ico - - - 200 5430 image/x-icon 3.8182ms
2023-10-30 23:36:00.584 +01:00 [Information] Request starting HTTP/2 GET https://localhost:7290/Questions - -
2023-10-30 23:36:00.634 +01:00 [Information] Executing endpoint '"Forum.Controllers.QuestionsController.Index (Forum)"'
2023-10-30 23:36:00.649 +01:00 [Information] Route matched with "{action = \"Index\", controller = \"Questions\", page = \"\", area = \"\"}". Executing controller action with signature "System.Threading.Tasks.Task`1[Microsoft.AspNetCore.Mvc.IActionResult] Index()" on controller "Forum.Controllers.QuestionsController" ("Forum").
2023-10-30 23:36:00.838 +01:00 [Information] Entity Framework Core "6.0.23" initialized '"ApplicationDbContext"' using provider '"Microsoft.EntityFrameworkCore.SqlServer":"6.0.23"' with options: "None"
2023-10-30 23:36:01.257 +01:00 [Information] Executing ViewResult, running view "Index".
2023-10-30 23:36:01.284 +01:00 [Information] Executed ViewResult - view "Index" executed in 28.0244ms.
2023-10-30 23:36:01.284 +01:00 [Information] Executed action "Forum.Controllers.QuestionsController.Index (Forum)" in 634.2778ms
2023-10-30 23:36:01.284 +01:00 [Information] Executed endpoint '"Forum.Controllers.QuestionsController.Index (Forum)"'
2023-10-30 23:36:01.289 +01:00 [Information] Request finished HTTP/2 GET https://localhost:7290/Questions - - - 200 - text/html;+charset=utf-8 704.8706ms
2023-10-30 23:36:01.305 +01:00 [Information] Request starting HTTP/2 GET https://localhost:7290/_framework/aspnetcore-browser-refresh.js - -
2023-10-30 23:36:01.305 +01:00 [Information] Request finished HTTP/2 GET https://localhost:7290/_framework/aspnetcore-browser-refresh.js - - - 200 12342 application/javascript;+charset=utf-8 0.2965ms
2023-10-30 23:36:01.306 +01:00 [Information] Request starting HTTP/2 GET https://localhost:7290/css/site.css?v=xb4QVjUfIwH3AAdWsQq0Z8PTgD-LybR3L14bbNR4Xc0 - -
2023-10-30 23:36:01.306 +01:00 [Information] The file "/css/site.css" was not modified
2023-10-30 23:36:01.307 +01:00 [Information] Request finished HTTP/2 GET https://localhost:7290/css/site.css?v=xb4QVjUfIwH3AAdWsQq0Z8PTgD-LybR3L14bbNR4Xc0 - - - 304 - text/css 0.9611ms
2023-10-30 23:36:01.316 +01:00 [Information] Request starting HTTP/2 GET https://localhost:7290/_vs/browserLink - -
2023-10-30 23:36:01.323 +01:00 [Information] Request finished HTTP/2 GET https://localhost:7290/_vs/browserLink - - - 200 - text/javascript;+charset=UTF-8 6.9927ms
