2023-10-31 00:14:49.174 +01:00 [Information] User profile is available. Using '"C:\Users\harun\AppData\Local\ASP.NET\DataProtection-Keys"' as key repository and Windows DPAPI to encrypt keys at rest.
2023-10-31 00:14:49.383 +01:00 [Information] Now listening on: "https://localhost:7290"
2023-10-31 00:14:49.383 +01:00 [Information] Now listening on: "http://localhost:5152"
2023-10-31 00:14:49.386 +01:00 [Information] Application started. Press Ctrl+C to shut down.
2023-10-31 00:14:49.387 +01:00 [Information] Hosting environment: "Development"
2023-10-31 00:14:49.387 +01:00 [Information] Content root path: "C:\Users\harun\OneDrive\Masaüstü\Forum\Forum\"
2023-10-31 00:14:49.857 +01:00 [Information] Request starting HTTP/2 GET https://localhost:7290/Questions/Details/3 - -
2023-10-31 00:14:50.045 +01:00 [Information] Executing endpoint '"Forum.Controllers.QuestionsController.Details (Forum)"'
2023-10-31 00:14:50.069 +01:00 [Information] Route matched with "{action = \"Details\", controller = \"Questions\", page = \"\", area = \"\"}". Executing controller action with signature "System.Threading.Tasks.Task`1[Microsoft.AspNetCore.Mvc.IActionResult] Details(System.Nullable`1[System.Int32])" on controller "Forum.Controllers.QuestionsController" ("Forum").
2023-10-31 00:14:50.773 +01:00 [Information] Entity Framework Core "6.0.23" initialized '"ApplicationDbContext"' using provider '"Microsoft.EntityFrameworkCore.SqlServer":"6.0.23"' with options: "None"
2023-10-31 00:14:51.576 +01:00 [Information] Executing ViewResult, running view "Details".
2023-10-31 00:14:51.707 +01:00 [Information] Executed ViewResult - view "Details" executed in 130.1745ms.
2023-10-31 00:14:51.709 +01:00 [Information] Executed action "Forum.Controllers.QuestionsController.Details (Forum)" in 1639.1562ms
2023-10-31 00:14:51.709 +01:00 [Information] Executed endpoint '"Forum.Controllers.QuestionsController.Details (Forum)"'
2023-10-31 00:14:51.725 +01:00 [Information] Request starting HTTP/2 GET https://localhost:7290/_vs/browserLink - -
2023-10-31 00:14:51.725 +01:00 [Information] Request starting HTTP/2 GET https://localhost:7290/Forum.styles.css?v=WLrVMYiZoeVtYvtsR1KO9jHv7jJpDgGkNNRPzibFmBk - -
2023-10-31 00:14:51.725 +01:00 [Information] Request starting HTTP/2 GET https://localhost:7290/_framework/aspnetcore-browser-refresh.js - -
2023-10-31 00:14:51.726 +01:00 [Information] Request finished HTTP/2 GET https://localhost:7290/Questions/Details/3 - - - 200 - text/html;+charset=utf-8 1873.9021ms
2023-10-31 00:14:51.728 +01:00 [Information] Request finished HTTP/2 GET https://localhost:7290/_framework/aspnetcore-browser-refresh.js - - - 200 12342 application/javascript;+charset=utf-8 3.4216ms
2023-10-31 00:14:51.729 +01:00 [Information] The file "/Forum.styles.css" was not modified
2023-10-31 00:14:51.730 +01:00 [Information] Request finished HTTP/2 GET https://localhost:7290/Forum.styles.css?v=WLrVMYiZoeVtYvtsR1KO9jHv7jJpDgGkNNRPzibFmBk - - - 304 - text/css 4.6398ms
2023-10-31 00:14:51.736 +01:00 [Information] Request finished HTTP/2 GET https://localhost:7290/_vs/browserLink - - - 200 - text/javascript;+charset=UTF-8 11.0818ms
2023-10-31 00:14:56.969 +01:00 [Information] Request starting HTTP/2 GET https://localhost:7290/Questions - -
2023-10-31 00:14:56.976 +01:00 [Information] Executing endpoint '"Forum.Controllers.QuestionsController.Index (Forum)"'
2023-10-31 00:14:56.982 +01:00 [Information] Route matched with "{action = \"Index\", controller = \"Questions\", page = \"\", area = \"\"}". Executing controller action with signature "System.Threading.Tasks.Task`1[Microsoft.AspNetCore.Mvc.IActionResult] Index()" on controller "Forum.Controllers.QuestionsController" ("Forum").
2023-10-31 00:14:56.988 +01:00 [Information] Entity Framework Core "6.0.23" initialized '"ApplicationDbContext"' using provider '"Microsoft.EntityFrameworkCore.SqlServer":"6.0.23"' with options: "None"
2023-10-31 00:14:57.069 +01:00 [Information] Executing ViewResult, running view "Index".
2023-10-31 00:14:57.094 +01:00 [Information] Executed ViewResult - view "Index" executed in 26.4685ms.
2023-10-31 00:14:57.094 +01:00 [Information] Executed action "Forum.Controllers.QuestionsController.Index (Forum)" in 110.6942ms
2023-10-31 00:14:57.094 +01:00 [Information] Executed endpoint '"Forum.Controllers.QuestionsController.Index (Forum)"'
2023-10-31 00:14:57.097 +01:00 [Information] Request finished HTTP/2 GET https://localhost:7290/Questions - - - 200 - text/html;+charset=utf-8 128.2219ms
2023-10-31 00:14:57.106 +01:00 [Information] Request starting HTTP/2 GET https://localhost:7290/_vs/browserLink - -
2023-10-31 00:14:57.107 +01:00 [Information] Request starting HTTP/2 GET https://localhost:7290/_framework/aspnetcore-browser-refresh.js - -
2023-10-31 00:14:57.108 +01:00 [Information] Request finished HTTP/2 GET https://localhost:7290/_framework/aspnetcore-browser-refresh.js - - - 200 12342 application/javascript;+charset=utf-8 0.9241ms
2023-10-31 00:14:57.110 +01:00 [Information] Request finished HTTP/2 GET https://localhost:7290/_vs/browserLink - - - 200 - text/javascript;+charset=UTF-8 3.8860ms
2023-10-31 00:14:59.499 +01:00 [Information] Request starting HTTP/2 GET https://localhost:7290/Questions/Details/2 - -
2023-10-31 00:14:59.527 +01:00 [Information] Executing endpoint '"Forum.Controllers.QuestionsController.Details (Forum)"'
2023-10-31 00:14:59.527 +01:00 [Information] Route matched with "{action = \"Details\", controller = \"Questions\", page = \"\", area = \"\"}". Executing controller action with signature "System.Threading.Tasks.Task`1[Microsoft.AspNetCore.Mvc.IActionResult] Details(System.Nullable`1[System.Int32])" on controller "Forum.Controllers.QuestionsController" ("Forum").
2023-10-31 00:14:59.586 +01:00 [Information] Entity Framework Core "6.0.23" initialized '"ApplicationDbContext"' using provider '"Microsoft.EntityFrameworkCore.SqlServer":"6.0.23"' with options: "None"
2023-10-31 00:14:59.600 +01:00 [Information] Executing ViewResult, running view "Details".
2023-10-31 00:14:59.606 +01:00 [Information] Executed ViewResult - view "Details" executed in 6.712ms.
2023-10-31 00:14:59.607 +01:00 [Information] Executed action "Forum.Controllers.QuestionsController.Details (Forum)" in 79.3731ms
2023-10-31 00:14:59.607 +01:00 [Information] Executed endpoint '"Forum.Controllers.QuestionsController.Details (Forum)"'
2023-10-31 00:14:59.609 +01:00 [Information] Request finished HTTP/2 GET https://localhost:7290/Questions/Details/2 - - - 200 - text/html;+charset=utf-8 110.1229ms
2023-10-31 00:14:59.621 +01:00 [Information] Request starting HTTP/2 GET https://localhost:7290/_vs/browserLink - -
2023-10-31 00:14:59.621 +01:00 [Information] Request starting HTTP/2 GET https://localhost:7290/_framework/aspnetcore-browser-refresh.js - -
2023-10-31 00:14:59.622 +01:00 [Information] Request finished HTTP/2 GET https://localhost:7290/_framework/aspnetcore-browser-refresh.js - - - 200 12342 application/javascript;+charset=utf-8 0.2895ms
2023-10-31 00:14:59.625 +01:00 [Information] Request finished HTTP/2 GET https://localhost:7290/_vs/browserLink - - - 200 - text/javascript;+charset=UTF-8 4.0962ms
2023-10-31 00:15:03.109 +01:00 [Information] Request starting HTTP/2 GET https://localhost:7290/Questions/Create - -
2023-10-31 00:15:03.117 +01:00 [Information] Executing endpoint '"Forum.Controllers.QuestionsController.Create (Forum)"'
2023-10-31 00:15:03.119 +01:00 [Information] Route matched with "{action = \"Create\", controller = \"Questions\", page = \"\", area = \"\"}". Executing controller action with signature "Microsoft.AspNetCore.Mvc.IActionResult Create()" on controller "Forum.Controllers.QuestionsController" ("Forum").
2023-10-31 00:15:03.121 +01:00 [Information] Executing ViewResult, running view "Create".
2023-10-31 00:15:03.151 +01:00 [Information] Executed ViewResult - view "Create" executed in 31.5314ms.
2023-10-31 00:15:03.151 +01:00 [Information] Executed action "Forum.Controllers.QuestionsController.Create (Forum)" in 32.2214ms
2023-10-31 00:15:03.151 +01:00 [Information] Executed endpoint '"Forum.Controllers.QuestionsController.Create (Forum)"'
2023-10-31 00:15:03.153 +01:00 [Information] Request finished HTTP/2 GET https://localhost:7290/Questions/Create - - - 200 - text/html;+charset=utf-8 44.5096ms
2023-10-31 00:15:03.161 +01:00 [Information] Request starting HTTP/2 GET https://localhost:7290/lib/jquery-validation/dist/jquery.validate.min.js - -
2023-10-31 00:15:03.162 +01:00 [Information] The file "/lib/jquery-validation/dist/jquery.validate.min.js" was not modified
2023-10-31 00:15:03.162 +01:00 [Information] Request finished HTTP/2 GET https://localhost:7290/lib/jquery-validation/dist/jquery.validate.min.js - - - 304 - application/javascript 0.6281ms
2023-10-31 00:15:03.162 +01:00 [Information] Request starting HTTP/2 GET https://localhost:7290/_framework/aspnetcore-browser-refresh.js - -
2023-10-31 00:15:03.162 +01:00 [Information] Request starting HTTP/2 GET https://localhost:7290/lib/jquery-validation-unobtrusive/jquery.validate.unobtrusive.min.js - -
2023-10-31 00:15:03.162 +01:00 [Information] Request finished HTTP/2 GET https://localhost:7290/_framework/aspnetcore-browser-refresh.js - - - 200 12342 application/javascript;+charset=utf-8 0.2524ms
2023-10-31 00:15:03.162 +01:00 [Information] The file "/lib/jquery-validation-unobtrusive/jquery.validate.unobtrusive.min.js" was not modified
2023-10-31 00:15:03.163 +01:00 [Information] Request finished HTTP/2 GET https://localhost:7290/lib/jquery-validation-unobtrusive/jquery.validate.unobtrusive.min.js - - - 304 - application/javascript 0.4026ms
2023-10-31 00:15:03.166 +01:00 [Information] Request starting HTTP/2 GET https://localhost:7290/_vs/browserLink - -
2023-10-31 00:15:03.170 +01:00 [Information] Request finished HTTP/2 GET https://localhost:7290/_vs/browserLink - - - 200 - text/javascript;+charset=UTF-8 3.5131ms
