2023-11-10 20:32:03.585 +01:00 [Information] User profile is available. Using '"C:\Users\nacig\AppData\Local\ASP.NET\DataProtection-Keys"' as key repository and Windows DPAPI to encrypt keys at rest.
2023-11-10 20:32:05.356 +01:00 [Information] Now listening on: "https://localhost:7290"
2023-11-10 20:32:05.362 +01:00 [Information] Now listening on: "http://localhost:5152"
2023-11-10 20:32:05.398 +01:00 [Information] Application started. Press Ctrl+C to shut down.
2023-11-10 20:32:05.403 +01:00 [Information] Hosting environment: "Development"
2023-11-10 20:32:05.409 +01:00 [Information] Content root path: "C:\Users\nacig\Desktop\ASPNET\Forum\Forum\"
2023-11-10 20:32:15.599 +01:00 [Information] Request starting HTTP/2 GET https://localhost:7290/ - -
2023-11-10 20:32:16.357 +01:00 [Information] Executing endpoint '"Forum.Controllers.HomeController.Index (Forum)"'
2023-11-10 20:32:16.573 +01:00 [Information] Route matched with "{action = \"Index\", controller = \"Home\", page = \"\", area = \"\"}". Executing controller action with signature "Microsoft.AspNetCore.Mvc.IActionResult Index()" on controller "Forum.Controllers.HomeController" ("Forum").
2023-11-10 20:32:16.641 +01:00 [Information] Executing ViewResult, running view "Index".
2023-11-10 20:32:19.772 +01:00 [Information] Executed ViewResult - view "Index" executed in 3142.4203ms.
2023-11-10 20:32:19.800 +01:00 [Information] Executed action "Forum.Controllers.HomeController.Index (Forum)" in 3225.0719ms
2023-11-10 20:32:19.805 +01:00 [Information] Executed endpoint '"Forum.Controllers.HomeController.Index (Forum)"'
2023-11-10 20:32:20.068 +01:00 [Information] Request finished HTTP/2 GET https://localhost:7290/ - - - 200 - text/html;+charset=utf-8 4489.4074ms
2023-11-10 20:32:20.619 +01:00 [Information] Request starting HTTP/2 GET https://localhost:7290/_vs/browserLink - -
2023-11-10 20:32:20.619 +01:00 [Information] Request starting HTTP/2 GET https://localhost:7290/_framework/aspnetcore-browser-refresh.js - -
2023-11-10 20:32:20.652 +01:00 [Information] Request finished HTTP/2 GET https://localhost:7290/_framework/aspnetcore-browser-refresh.js - - - 200 12342 application/javascript;+charset=utf-8 33.3480ms
2023-11-10 20:32:20.738 +01:00 [Information] Request finished HTTP/2 GET https://localhost:7290/_vs/browserLink - - - 200 - text/javascript;+charset=UTF-8 120.3083ms
2023-11-10 20:32:29.313 +01:00 [Information] Request starting HTTP/2 GET https://localhost:7290/Questions/Create - -
2023-11-10 20:32:29.357 +01:00 [Information] Authorization failed. "These requirements were not met:
DenyAnonymousAuthorizationRequirement: Requires an authenticated user."
2023-11-10 20:32:29.380 +01:00 [Information] AuthenticationScheme: "Identity.Application" was challenged.
2023-11-10 20:32:29.381 +01:00 [Information] Request finished HTTP/2 GET https://localhost:7290/Questions/Create - - - 302 0 - 68.6812ms
2023-11-10 20:32:29.412 +01:00 [Information] Request starting HTTP/2 GET https://localhost:7290/Identity/Account/Login?ReturnUrl=%2FQuestions%2FCreate - -
2023-11-10 20:32:29.423 +01:00 [Information] Executing endpoint '"/Account/Login"'
2023-11-10 20:32:29.557 +01:00 [Information] Route matched with "{page = \"/Account/Login\", area = \"Identity\", action = \"\", controller = \"\"}". Executing page "/Account/Login"
2023-11-10 20:32:29.727 +01:00 [Information] Executing handler method "Microsoft.AspNetCore.Identity.UI.V5.Pages.Account.Internal.LoginModel.OnGetAsync" - ModelState is Valid
2023-11-10 20:32:29.760 +01:00 [Information] AuthenticationScheme: "Identity.External" signed out.
2023-11-10 20:32:29.766 +01:00 [Information] Executed handler method "OnGetAsync", returned result "".
2023-11-10 20:32:29.789 +01:00 [Information] Executing an implicit handler method - ModelState is Valid
2023-11-10 20:32:29.790 +01:00 [Information] Executed an implicit handler method, returned result "Microsoft.AspNetCore.Mvc.RazorPages.PageResult".
2023-11-10 20:32:30.203 +01:00 [Information] Executed page "/Account/Login" in 643.9673ms
2023-11-10 20:32:30.203 +01:00 [Information] Executed endpoint '"/Account/Login"'
2023-11-10 20:32:30.221 +01:00 [Information] Request finished HTTP/2 GET https://localhost:7290/Identity/Account/Login?ReturnUrl=%2FQuestions%2FCreate - - - 200 - text/html;+charset=utf-8 809.0595ms
2023-11-10 20:32:30.281 +01:00 [Information] Request starting HTTP/2 GET https://localhost:7290/_framework/aspnetcore-browser-refresh.js - -
2023-11-10 20:32:30.283 +01:00 [Information] Request finished HTTP/2 GET https://localhost:7290/_framework/aspnetcore-browser-refresh.js - - - 200 12342 application/javascript;+charset=utf-8 1.9648ms
2023-11-10 20:32:30.484 +01:00 [Information] Request starting HTTP/2 GET https://localhost:7290/_vs/browserLink - -
2023-11-10 20:32:30.531 +01:00 [Information] Request finished HTTP/2 GET https://localhost:7290/_vs/browserLink - - - 200 - text/javascript;+charset=UTF-8 46.9944ms
2023-11-10 20:32:32.965 +01:00 [Information] Request starting HTTP/2 POST https://localhost:7290/Identity/Account/Login?ReturnUrl=%2FQuestions%2FCreate application/x-www-form-urlencoded 253
2023-11-10 20:32:32.993 +01:00 [Information] Executing endpoint '"/Account/Login"'
2023-11-10 20:32:32.994 +01:00 [Information] Route matched with "{page = \"/Account/Login\", area = \"Identity\", action = \"\", controller = \"\"}". Executing page "/Account/Login"
2023-11-10 20:32:33.168 +01:00 [Information] Executing handler method "Microsoft.AspNetCore.Identity.UI.V5.Pages.Account.Internal.LoginModel.OnPostAsync" - ModelState is Valid
2023-11-10 20:32:38.125 +01:00 [Information] Entity Framework Core "6.0.23" initialized '"ApplicationDbContext"' using provider '"Microsoft.EntityFrameworkCore.Sqlite":"6.0.23"' with options: "None"
2023-11-10 20:32:42.462 +01:00 [Information] AuthenticationScheme: "Identity.Application" signed in.
2023-11-10 20:32:42.464 +01:00 [Information] User logged in.
2023-11-10 20:32:42.470 +01:00 [Information] Executed handler method "OnPostAsync", returned result "Microsoft.AspNetCore.Mvc.LocalRedirectResult".
2023-11-10 20:32:42.472 +01:00 [Information] Executing LocalRedirectResult, redirecting to "/Questions/Create".
2023-11-10 20:32:42.473 +01:00 [Information] Executed page "/Account/Login" in 9478.3854ms
2023-11-10 20:32:42.473 +01:00 [Information] Executed endpoint '"/Account/Login"'
2023-11-10 20:32:42.488 +01:00 [Information] Request starting HTTP/2 GET https://localhost:7290/Questions/Create - -
2023-11-10 20:32:42.495 +01:00 [Information] Request finished HTTP/2 POST https://localhost:7290/Identity/Account/Login?ReturnUrl=%2FQuestions%2FCreate application/x-www-form-urlencoded 253 - 302 0 - 9529.7677ms
2023-11-10 20:32:42.512 +01:00 [Information] Executing endpoint '"Forum.Controllers.QuestionsController.Create (Forum)"'
2023-11-10 20:32:42.516 +01:00 [Information] Route matched with "{action = \"Create\", controller = \"Questions\", page = \"\", area = \"\"}". Executing controller action with signature "Microsoft.AspNetCore.Mvc.IActionResult Create()" on controller "Forum.Controllers.QuestionsController" ("Forum").
2023-11-10 20:32:42.522 +01:00 [Information] Executing ViewResult, running view "Create".
2023-11-10 20:32:42.643 +01:00 [Information] Executed ViewResult - view "Create" executed in 123.5435ms.
2023-11-10 20:32:42.644 +01:00 [Information] Executed action "Forum.Controllers.QuestionsController.Create (Forum)" in 127.0644ms
2023-11-10 20:32:42.644 +01:00 [Information] Executed endpoint '"Forum.Controllers.QuestionsController.Create (Forum)"'
2023-11-10 20:32:42.660 +01:00 [Information] Request finished HTTP/2 GET https://localhost:7290/Questions/Create - - - 200 - text/html;+charset=utf-8 171.2932ms
2023-11-10 20:32:42.706 +01:00 [Information] Request starting HTTP/2 GET https://localhost:7290/_framework/aspnetcore-browser-refresh.js - -
2023-11-10 20:32:42.708 +01:00 [Information] Request finished HTTP/2 GET https://localhost:7290/_framework/aspnetcore-browser-refresh.js - - - 200 12342 application/javascript;+charset=utf-8 2.2831ms
2023-11-10 20:32:42.780 +01:00 [Information] Request starting HTTP/2 GET https://localhost:7290/_vs/browserLink - -
2023-11-10 20:32:42.828 +01:00 [Information] Request finished HTTP/2 GET https://localhost:7290/_vs/browserLink - - - 200 - text/javascript;+charset=UTF-8 48.5740ms
2023-11-10 20:33:28.442 +01:00 [Information] Request starting HTTP/2 POST https://localhost:7290/Identity/Account/Logout?returnUrl=%2F application/x-www-form-urlencoded 225
2023-11-10 20:33:28.450 +01:00 [Information] Executing endpoint '"/Account/Logout"'
2023-11-10 20:33:28.464 +01:00 [Information] Route matched with "{page = \"/Account/Logout\", area = \"Identity\", action = \"\", controller = \"\"}". Executing page "/Account/Logout"
2023-11-10 20:33:28.467 +01:00 [Information] Executing handler method "Microsoft.AspNetCore.Identity.UI.V5.Pages.Account.Internal.LogoutModel.OnPost" - ModelState is Valid
2023-11-10 20:33:28.481 +01:00 [Information] AuthenticationScheme: "Identity.Application" signed out.
2023-11-10 20:33:28.482 +01:00 [Information] AuthenticationScheme: "Identity.External" signed out.
2023-11-10 20:33:28.482 +01:00 [Information] AuthenticationScheme: "Identity.TwoFactorUserId" signed out.
2023-11-10 20:33:28.483 +01:00 [Information] User logged out.
2023-11-10 20:33:28.483 +01:00 [Information] Executed handler method "OnPost", returned result "Microsoft.AspNetCore.Mvc.LocalRedirectResult".
2023-11-10 20:33:28.483 +01:00 [Information] Executing LocalRedirectResult, redirecting to "/".
2023-11-10 20:33:28.483 +01:00 [Information] Executed page "/Account/Logout" in 18.7985ms
2023-11-10 20:33:28.484 +01:00 [Information] Executed endpoint '"/Account/Logout"'
2023-11-10 20:33:28.484 +01:00 [Information] Request finished HTTP/2 POST https://localhost:7290/Identity/Account/Logout?returnUrl=%2F application/x-www-form-urlencoded 225 - 302 0 - 42.9499ms
2023-11-10 20:33:28.506 +01:00 [Information] Request starting HTTP/2 GET https://localhost:7290/ - -
2023-11-10 20:33:28.508 +01:00 [Information] Executing endpoint '"Forum.Controllers.HomeController.Index (Forum)"'
2023-11-10 20:33:28.508 +01:00 [Information] Route matched with "{action = \"Index\", controller = \"Home\", page = \"\", area = \"\"}". Executing controller action with signature "Microsoft.AspNetCore.Mvc.IActionResult Index()" on controller "Forum.Controllers.HomeController" ("Forum").
2023-11-10 20:33:28.510 +01:00 [Information] Executing ViewResult, running view "Index".
2023-11-10 20:33:28.556 +01:00 [Information] Executed ViewResult - view "Index" executed in 47.0306ms.
2023-11-10 20:33:28.556 +01:00 [Information] Executed action "Forum.Controllers.HomeController.Index (Forum)" in 47.74ms
2023-11-10 20:33:28.556 +01:00 [Information] Executed endpoint '"Forum.Controllers.HomeController.Index (Forum)"'
2023-11-10 20:33:28.564 +01:00 [Information] Request finished HTTP/2 GET https://localhost:7290/ - - - 200 - text/html;+charset=utf-8 58.5511ms
2023-11-10 20:33:28.701 +01:00 [Information] Request starting HTTP/2 GET https://localhost:7290/_framework/aspnetcore-browser-refresh.js - -
2023-11-10 20:33:28.715 +01:00 [Information] Request finished HTTP/2 GET https://localhost:7290/_framework/aspnetcore-browser-refresh.js - - - 200 12342 application/javascript;+charset=utf-8 13.9014ms
2023-11-10 20:33:28.723 +01:00 [Information] Request starting HTTP/2 GET https://localhost:7290/_vs/browserLink - -
2023-11-10 20:33:28.823 +01:00 [Information] Request finished HTTP/2 GET https://localhost:7290/_vs/browserLink - - - 200 - text/javascript;+charset=UTF-8 99.8189ms
