2023-10-30 23:50:19.480 +01:00 [Information] User profile is available. Using '"C:\Users\harun\AppData\Local\ASP.NET\DataProtection-Keys"' as key repository and Windows DPAPI to encrypt keys at rest.
2023-10-30 23:50:20.017 +01:00 [Information] Now listening on: "https://localhost:7290"
2023-10-30 23:50:20.018 +01:00 [Information] Now listening on: "http://localhost:5152"
2023-10-30 23:50:20.024 +01:00 [Information] Application started. Press Ctrl+C to shut down.
2023-10-30 23:50:20.024 +01:00 [Information] Hosting environment: "Development"
2023-10-30 23:50:20.024 +01:00 [Information] Content root path: "C:\Users\harun\OneDrive\Masaüstü\Forum\Forum\"
2023-10-30 23:50:20.295 +01:00 [Information] Request starting HTTP/2 GET https://localhost:7290/Questions - -
2023-10-30 23:50:20.822 +01:00 [Information] Executing endpoint '"Forum.Controllers.QuestionsController.Index (Forum)"'
2023-10-30 23:50:20.861 +01:00 [Information] Route matched with "{action = \"Index\", controller = \"Questions\", page = \"\", area = \"\"}". Executing controller action with signature "System.Threading.Tasks.Task`1[Microsoft.AspNetCore.Mvc.IActionResult] Index()" on controller "Forum.Controllers.QuestionsController" ("Forum").
2023-10-30 23:50:22.260 +01:00 [Information] Entity Framework Core "6.0.23" initialized '"ApplicationDbContext"' using provider '"Microsoft.EntityFrameworkCore.SqlServer":"6.0.23"' with options: "None"
2023-10-30 23:50:23.568 +01:00 [Information] Executing ViewResult, running view "Index".
2023-10-30 23:50:23.805 +01:00 [Information] Executed ViewResult - view "Index" executed in 229.5005ms.
2023-10-30 23:50:23.809 +01:00 [Information] Executed action "Forum.Controllers.QuestionsController.Index (Forum)" in 2946.2381ms
2023-10-30 23:50:23.810 +01:00 [Information] Executed endpoint '"Forum.Controllers.QuestionsController.Index (Forum)"'
2023-10-30 23:50:23.838 +01:00 [Information] Request starting HTTP/2 GET https://localhost:7290/_framework/aspnetcore-browser-refresh.js - -
2023-10-30 23:50:23.838 +01:00 [Information] Request starting HTTP/2 GET https://localhost:7290/Forum.styles.css?v=WLrVMYiZoeVtYvtsR1KO9jHv7jJpDgGkNNRPzibFmBk - -
2023-10-30 23:50:23.838 +01:00 [Information] Request starting HTTP/2 GET https://localhost:7290/css/site.css?v=xb4QVjUfIwH3AAdWsQq0Z8PTgD-LybR3L14bbNR4Xc0 - -
2023-10-30 23:50:23.845 +01:00 [Information] Request finished HTTP/2 GET https://localhost:7290/Questions - - - 200 - text/html;+charset=utf-8 3558.4045ms
2023-10-30 23:50:23.846 +01:00 [Information] The file "/Forum.styles.css" was not modified
2023-10-30 23:50:23.846 +01:00 [Information] The file "/css/site.css" was not modified
2023-10-30 23:50:23.846 +01:00 [Information] Request starting HTTP/2 GET https://localhost:7290/_vs/browserLink - -
2023-10-30 23:50:23.847 +01:00 [Information] Request finished HTTP/2 GET https://localhost:7290/Forum.styles.css?v=WLrVMYiZoeVtYvtsR1KO9jHv7jJpDgGkNNRPzibFmBk - - - 304 - text/css 8.9965ms
2023-10-30 23:50:23.847 +01:00 [Information] Request finished HTTP/2 GET https://localhost:7290/_framework/aspnetcore-browser-refresh.js - - - 200 12342 application/javascript;+charset=utf-8 8.9972ms
2023-10-30 23:50:23.847 +01:00 [Information] Request finished HTTP/2 GET https://localhost:7290/css/site.css?v=xb4QVjUfIwH3AAdWsQq0Z8PTgD-LybR3L14bbNR4Xc0 - - - 304 - text/css 8.9985ms
2023-10-30 23:50:23.868 +01:00 [Information] Request finished HTTP/2 GET https://localhost:7290/_vs/browserLink - - - 200 - text/javascript;+charset=UTF-8 21.8588ms
