2023-10-30 23:54:17.065 +01:00 [Information] User profile is available. Using '"C:\Users\harun\AppData\Local\ASP.NET\DataProtection-Keys"' as key repository and Windows DPAPI to encrypt keys at rest.
2023-10-30 23:54:17.487 +01:00 [Information] Now listening on: "https://localhost:7290"
2023-10-30 23:54:17.488 +01:00 [Information] Now listening on: "http://localhost:5152"
2023-10-30 23:54:17.500 +01:00 [Information] Application started. Press Ctrl+C to shut down.
2023-10-30 23:54:17.500 +01:00 [Information] Hosting environment: "Development"
2023-10-30 23:54:17.501 +01:00 [Information] Content root path: "C:\Users\harun\OneDrive\Masaüstü\Forum\Forum\"
2023-10-30 23:54:17.970 +01:00 [Information] Request starting HTTP/2 GET https://localhost:7290/Questions/Create - -
2023-10-30 23:54:18.377 +01:00 [Information] Executing endpoint '"Forum.Controllers.QuestionsController.Create (Forum)"'
2023-10-30 23:54:18.400 +01:00 [Information] Route matched with "{action = \"Create\", controller = \"Questions\", page = \"\", area = \"\"}". Executing controller action with signature "Microsoft.AspNetCore.Mvc.IActionResult Create()" on controller "Forum.Controllers.QuestionsController" ("Forum").
2023-10-30 23:54:18.421 +01:00 [Information] Executing ViewResult, running view "Create".
2023-10-30 23:54:18.772 +01:00 [Information] Executed ViewResult - view "Create" executed in 351.3444ms.
2023-10-30 23:54:18.776 +01:00 [Information] Executed action "Forum.Controllers.QuestionsController.Create (Forum)" in 373.8286ms
2023-10-30 23:54:18.776 +01:00 [Information] Executed endpoint '"Forum.Controllers.QuestionsController.Create (Forum)"'
2023-10-30 23:54:18.809 +01:00 [Information] Request starting HTTP/2 GET https://localhost:7290/_vs/browserLink - -
2023-10-30 23:54:18.809 +01:00 [Information] Request starting HTTP/2 GET https://localhost:7290/css/site.css?v=xb4QVjUfIwH3AAdWsQq0Z8PTgD-LybR3L14bbNR4Xc0 - -
2023-10-30 23:54:18.809 +01:00 [Information] Request starting HTTP/2 GET https://localhost:7290/_framework/aspnetcore-browser-refresh.js - -
2023-10-30 23:54:18.810 +01:00 [Information] Request finished HTTP/2 GET https://localhost:7290/Questions/Create - - - 200 - text/html;+charset=utf-8 847.2068ms
2023-10-30 23:54:18.817 +01:00 [Information] Request finished HTTP/2 GET https://localhost:7290/_framework/aspnetcore-browser-refresh.js - - - 200 12342 application/javascript;+charset=utf-8 7.5720ms
2023-10-30 23:54:18.832 +01:00 [Information] Request finished HTTP/2 GET https://localhost:7290/_vs/browserLink - - - 200 - text/javascript;+charset=UTF-8 22.6276ms
2023-10-30 23:54:18.843 +01:00 [Information] The file "/css/site.css" was not modified
2023-10-30 23:54:18.843 +01:00 [Information] Request finished HTTP/2 GET https://localhost:7290/css/site.css?v=xb4QVjUfIwH3AAdWsQq0Z8PTgD-LybR3L14bbNR4Xc0 - - - 304 - text/css 34.1255ms
2023-10-30 23:54:33.796 +01:00 [Information] Request starting HTTP/2 POST https://localhost:7290/Questions/Create application/x-www-form-urlencoded 306
2023-10-30 23:54:33.845 +01:00 [Information] Executing endpoint '"Forum.Controllers.QuestionsController.Create (Forum)"'
2023-10-30 23:54:33.969 +01:00 [Information] Route matched with "{action = \"Create\", controller = \"Questions\", page = \"\", area = \"\"}". Executing controller action with signature "System.Threading.Tasks.Task`1[Microsoft.AspNetCore.Mvc.IActionResult] Create(Forum.Models.Question)" on controller "Forum.Controllers.QuestionsController" ("Forum").
2023-10-30 23:54:36.263 +01:00 [Information] Entity Framework Core "6.0.23" initialized '"ApplicationDbContext"' using provider '"Microsoft.EntityFrameworkCore.SqlServer":"6.0.23"' with options: "None"
2023-10-30 23:54:37.800 +01:00 [Information] Executing RedirectResult, redirecting to "/Questions".
2023-10-30 23:54:37.800 +01:00 [Information] Executed action "Forum.Controllers.QuestionsController.Create (Forum)" in 3831.144ms
2023-10-30 23:54:37.801 +01:00 [Information] Executed endpoint '"Forum.Controllers.QuestionsController.Create (Forum)"'
2023-10-30 23:54:37.807 +01:00 [Information] Request starting HTTP/2 GET https://localhost:7290/Questions - -
2023-10-30 23:54:37.808 +01:00 [Information] Request finished HTTP/2 POST https://localhost:7290/Questions/Create application/x-www-form-urlencoded 306 - 302 0 - 4011.7043ms
2023-10-30 23:54:37.844 +01:00 [Information] Executing endpoint '"Forum.Controllers.QuestionsController.Index (Forum)"'
2023-10-30 23:54:37.850 +01:00 [Information] Route matched with "{action = \"Index\", controller = \"Questions\", page = \"\", area = \"\"}". Executing controller action with signature "System.Threading.Tasks.Task`1[Microsoft.AspNetCore.Mvc.IActionResult] Index()" on controller "Forum.Controllers.QuestionsController" ("Forum").
2023-10-30 23:54:37.977 +01:00 [Information] Entity Framework Core "6.0.23" initialized '"ApplicationDbContext"' using provider '"Microsoft.EntityFrameworkCore.SqlServer":"6.0.23"' with options: "None"
2023-10-30 23:54:39.165 +01:00 [Information] Executing ViewResult, running view "Index".
2023-10-30 23:54:39.200 +01:00 [Information] Executed ViewResult - view "Index" executed in 36.2673ms.
2023-10-30 23:54:39.200 +01:00 [Information] Executed action "Forum.Controllers.QuestionsController.Index (Forum)" in 1349.5438ms
2023-10-30 23:54:39.200 +01:00 [Information] Executed endpoint '"Forum.Controllers.QuestionsController.Index (Forum)"'
2023-10-30 23:54:39.205 +01:00 [Information] Request finished HTTP/2 GET https://localhost:7290/Questions - - - 200 - text/html;+charset=utf-8 1397.2787ms
2023-10-30 23:54:39.227 +01:00 [Information] Request starting HTTP/2 GET https://localhost:7290/Forum.styles.css?v=WLrVMYiZoeVtYvtsR1KO9jHv7jJpDgGkNNRPzibFmBk - -
2023-10-30 23:54:39.228 +01:00 [Information] Request starting HTTP/2 GET https://localhost:7290/_framework/aspnetcore-browser-refresh.js - -
2023-10-30 23:54:39.228 +01:00 [Information] Request starting HTTP/2 GET https://localhost:7290/_vs/browserLink - -
2023-10-30 23:54:39.229 +01:00 [Information] The file "/Forum.styles.css" was not modified
2023-10-30 23:54:39.230 +01:00 [Information] Request finished HTTP/2 GET https://localhost:7290/Forum.styles.css?v=WLrVMYiZoeVtYvtsR1KO9jHv7jJpDgGkNNRPzibFmBk - - - 304 - text/css 2.4981ms
2023-10-30 23:54:39.231 +01:00 [Information] Request finished HTTP/2 GET https://localhost:7290/_framework/aspnetcore-browser-refresh.js - - - 200 12342 application/javascript;+charset=utf-8 3.3933ms
2023-10-30 23:54:39.238 +01:00 [Information] Request finished HTTP/2 GET https://localhost:7290/_vs/browserLink - - - 200 - text/javascript;+charset=UTF-8 10.1461ms
2023-10-30 23:54:48.904 +01:00 [Information] Request starting HTTP/2 GET https://localhost:7290/Questions/Details/2 - -
2023-10-30 23:54:48.907 +01:00 [Information] Executing endpoint '"Forum.Controllers.QuestionsController.Details (Forum)"'
2023-10-30 23:54:48.919 +01:00 [Information] Route matched with "{action = \"Details\", controller = \"Questions\", page = \"\", area = \"\"}". Executing controller action with signature "System.Threading.Tasks.Task`1[Microsoft.AspNetCore.Mvc.IActionResult] Details(System.Nullable`1[System.Int32])" on controller "Forum.Controllers.QuestionsController" ("Forum").
2023-10-30 23:54:48.954 +01:00 [Information] Entity Framework Core "6.0.23" initialized '"ApplicationDbContext"' using provider '"Microsoft.EntityFrameworkCore.SqlServer":"6.0.23"' with options: "None"
2023-10-30 23:54:49.137 +01:00 [Information] Executing ViewResult, running view "Details".
2023-10-30 23:54:49.157 +01:00 [Information] Executed ViewResult - view "Details" executed in 21.7265ms.
2023-10-30 23:54:49.158 +01:00 [Information] Executed action "Forum.Controllers.QuestionsController.Details (Forum)" in 239.0141ms
2023-10-30 23:54:49.158 +01:00 [Information] Executed endpoint '"Forum.Controllers.QuestionsController.Details (Forum)"'
2023-10-30 23:54:49.161 +01:00 [Information] Request finished HTTP/2 GET https://localhost:7290/Questions/Details/2 - - - 200 - text/html;+charset=utf-8 256.6008ms
2023-10-30 23:54:49.180 +01:00 [Information] Request starting HTTP/2 GET https://localhost:7290/_vs/browserLink - -
2023-10-30 23:54:49.180 +01:00 [Information] Request starting HTTP/2 GET https://localhost:7290/_framework/aspnetcore-browser-refresh.js - -
2023-10-30 23:54:49.182 +01:00 [Information] Request finished HTTP/2 GET https://localhost:7290/_framework/aspnetcore-browser-refresh.js - - - 200 12342 application/javascript;+charset=utf-8 1.4984ms
2023-10-30 23:54:49.215 +01:00 [Information] Request finished HTTP/2 GET https://localhost:7290/_vs/browserLink - - - 200 - text/javascript;+charset=UTF-8 35.0501ms
2023-10-30 23:54:53.865 +01:00 [Information] Request starting HTTP/2 GET https://localhost:7290/Questions - -
2023-10-30 23:54:53.868 +01:00 [Information] Executing endpoint '"Forum.Controllers.QuestionsController.Index (Forum)"'
2023-10-30 23:54:53.868 +01:00 [Information] Route matched with "{action = \"Index\", controller = \"Questions\", page = \"\", area = \"\"}". Executing controller action with signature "System.Threading.Tasks.Task`1[Microsoft.AspNetCore.Mvc.IActionResult] Index()" on controller "Forum.Controllers.QuestionsController" ("Forum").
2023-10-30 23:54:53.869 +01:00 [Information] Entity Framework Core "6.0.23" initialized '"ApplicationDbContext"' using provider '"Microsoft.EntityFrameworkCore.SqlServer":"6.0.23"' with options: "None"
2023-10-30 23:54:53.891 +01:00 [Information] Executing ViewResult, running view "Index".
2023-10-30 23:54:53.900 +01:00 [Information] Executed ViewResult - view "Index" executed in 8.33ms.
2023-10-30 23:54:53.900 +01:00 [Information] Executed action "Forum.Controllers.QuestionsController.Index (Forum)" in 31.7452ms
2023-10-30 23:54:53.900 +01:00 [Information] Executed endpoint '"Forum.Controllers.QuestionsController.Index (Forum)"'
2023-10-30 23:54:53.904 +01:00 [Information] Request finished HTTP/2 GET https://localhost:7290/Questions - - - 200 - text/html;+charset=utf-8 38.1272ms
2023-10-30 23:54:53.926 +01:00 [Information] Request starting HTTP/2 GET https://localhost:7290/_framework/aspnetcore-browser-refresh.js - -
2023-10-30 23:54:53.927 +01:00 [Information] Request finished HTTP/2 GET https://localhost:7290/_framework/aspnetcore-browser-refresh.js - - - 200 12342 application/javascript;+charset=utf-8 0.8166ms
