2023-10-31 00:37:03.989 +01:00 [Information] User profile is available. Using '"C:\Users\harun\AppData\Local\ASP.NET\DataProtection-Keys"' as key repository and Windows DPAPI to encrypt keys at rest.
2023-10-31 00:37:04.193 +01:00 [Information] Now listening on: "https://localhost:7290"
2023-10-31 00:37:04.194 +01:00 [Information] Now listening on: "http://localhost:5152"
2023-10-31 00:37:04.197 +01:00 [Information] Application started. Press Ctrl+C to shut down.
2023-10-31 00:37:04.197 +01:00 [Information] Hosting environment: "Development"
2023-10-31 00:37:04.197 +01:00 [Information] Content root path: "C:\Users\harun\OneDrive\Masaüstü\Forum\Forum\"
2023-10-31 00:37:04.726 +01:00 [Information] Request starting HTTP/2 GET https://localhost:7290/ - -
2023-10-31 00:37:04.797 +01:00 [Information] "Identity.Application" was not authenticated. Failure message: "Unprotect ticket failed"
2023-10-31 00:37:04.800 +01:00 [Information] Executing endpoint '"Forum.Controllers.HomeController.Index (Forum)"'
2023-10-31 00:37:04.817 +01:00 [Information] Route matched with "{action = \"Index\", controller = \"Home\", page = \"\", area = \"\"}". Executing controller action with signature "Microsoft.AspNetCore.Mvc.IActionResult Index()" on controller "Forum.Controllers.HomeController" ("Forum").
2023-10-31 00:37:04.825 +01:00 [Information] Executing ViewResult, running view "Index".
2023-10-31 00:37:05.064 +01:00 [Information] Executed ViewResult - view "Index" executed in 239.4163ms.
2023-10-31 00:37:05.066 +01:00 [Information] Executed action "Forum.Controllers.HomeController.Index (Forum)" in 248.3188ms
2023-10-31 00:37:05.067 +01:00 [Information] Executed endpoint '"Forum.Controllers.HomeController.Index (Forum)"'
2023-10-31 00:37:05.081 +01:00 [Information] Request finished HTTP/2 GET https://localhost:7290/ - - - 200 - text/html;+charset=utf-8 359.7909ms
2023-10-31 00:37:05.083 +01:00 [Information] Request starting HTTP/2 GET https://localhost:7290/_framework/aspnetcore-browser-refresh.js - -
2023-10-31 00:37:05.083 +01:00 [Information] Request starting HTTP/2 GET https://localhost:7290/Forum.styles.css?v=WLrVMYiZoeVtYvtsR1KO9jHv7jJpDgGkNNRPzibFmBk - -
2023-10-31 00:37:05.085 +01:00 [Information] Request finished HTTP/2 GET https://localhost:7290/_framework/aspnetcore-browser-refresh.js - - - 200 12342 application/javascript;+charset=utf-8 2.3232ms
2023-10-31 00:37:05.092 +01:00 [Information] Request starting HTTP/2 GET https://localhost:7290/_vs/browserLink - -
2023-10-31 00:37:05.097 +01:00 [Information] The file "/Forum.styles.css" was not modified
2023-10-31 00:37:05.098 +01:00 [Information] Request finished HTTP/2 GET https://localhost:7290/Forum.styles.css?v=WLrVMYiZoeVtYvtsR1KO9jHv7jJpDgGkNNRPzibFmBk - - - 304 - text/css 14.9582ms
2023-10-31 00:37:05.103 +01:00 [Information] Request finished HTTP/2 GET https://localhost:7290/_vs/browserLink - - - 200 - text/javascript;+charset=UTF-8 11.0593ms
2023-10-31 00:37:25.129 +01:00 [Information] Request starting HTTP/2 GET https://localhost:7290/ - -
2023-10-31 00:37:25.132 +01:00 [Information] "Identity.Application" was not authenticated. Failure message: "Unprotect ticket failed"
2023-10-31 00:37:25.132 +01:00 [Information] Executing endpoint '"Forum.Controllers.HomeController.Index (Forum)"'
2023-10-31 00:37:25.133 +01:00 [Information] Route matched with "{action = \"Index\", controller = \"Home\", page = \"\", area = \"\"}". Executing controller action with signature "Microsoft.AspNetCore.Mvc.IActionResult Index()" on controller "Forum.Controllers.HomeController" ("Forum").
2023-10-31 00:37:25.134 +01:00 [Information] Executing ViewResult, running view "Index".
2023-10-31 00:37:25.150 +01:00 [Information] Executed ViewResult - view "Index" executed in 16.6698ms.
2023-10-31 00:37:25.150 +01:00 [Information] Executed action "Forum.Controllers.HomeController.Index (Forum)" in 17.2431ms
2023-10-31 00:37:25.150 +01:00 [Information] Executed endpoint '"Forum.Controllers.HomeController.Index (Forum)"'
2023-10-31 00:37:25.152 +01:00 [Information] Request finished HTTP/2 GET https://localhost:7290/ - - - 200 - text/html;+charset=utf-8 22.2839ms
2023-10-31 00:37:25.190 +01:00 [Information] Request starting HTTP/2 GET https://localhost:7290/_framework/aspnetcore-browser-refresh.js - -
2023-10-31 00:37:25.190 +01:00 [Information] Request finished HTTP/2 GET https://localhost:7290/_framework/aspnetcore-browser-refresh.js - - - 200 12342 application/javascript;+charset=utf-8 0.7886ms
2023-10-31 00:37:25.191 +01:00 [Information] Request starting HTTP/2 GET https://localhost:7290/_vs/browserLink - -
2023-10-31 00:37:25.195 +01:00 [Information] Request finished HTTP/2 GET https://localhost:7290/_vs/browserLink - - - 200 - text/javascript;+charset=UTF-8 4.7386ms
2023-10-31 00:37:27.460 +01:00 [Information] Request starting HTTP/2 GET https://localhost:7290/Questions - -
2023-10-31 00:37:27.468 +01:00 [Information] "Identity.Application" was not authenticated. Failure message: "Unprotect ticket failed"
2023-10-31 00:37:27.468 +01:00 [Information] Executing endpoint '"Forum.Controllers.QuestionsController.Index (Forum)"'
2023-10-31 00:37:27.488 +01:00 [Information] Route matched with "{action = \"Index\", controller = \"Questions\", page = \"\", area = \"\"}". Executing controller action with signature "System.Threading.Tasks.Task`1[Microsoft.AspNetCore.Mvc.IActionResult] Index()" on controller "Forum.Controllers.QuestionsController" ("Forum").
2023-10-31 00:37:28.477 +01:00 [Information] Entity Framework Core "6.0.23" initialized '"ApplicationDbContext"' using provider '"Microsoft.EntityFrameworkCore.SqlServer":"6.0.23"' with options: "None"
2023-10-31 00:37:29.464 +01:00 [Information] Executing ViewResult, running view "Index".
2023-10-31 00:37:29.479 +01:00 [Information] Executed ViewResult - view "Index" executed in 15.7454ms.
2023-10-31 00:37:29.479 +01:00 [Information] Executed action "Forum.Controllers.QuestionsController.Index (Forum)" in 1991.0487ms
2023-10-31 00:37:29.479 +01:00 [Information] Executed endpoint '"Forum.Controllers.QuestionsController.Index (Forum)"'
2023-10-31 00:37:29.485 +01:00 [Information] Request finished HTTP/2 GET https://localhost:7290/Questions - - - 200 - text/html;+charset=utf-8 2025.8601ms
2023-10-31 00:37:29.493 +01:00 [Information] Request starting HTTP/2 GET https://localhost:7290/_vs/browserLink - -
2023-10-31 00:37:29.494 +01:00 [Information] Request starting HTTP/2 GET https://localhost:7290/_framework/aspnetcore-browser-refresh.js - -
2023-10-31 00:37:29.495 +01:00 [Information] Request finished HTTP/2 GET https://localhost:7290/_framework/aspnetcore-browser-refresh.js - - - 200 12342 application/javascript;+charset=utf-8 0.7234ms
2023-10-31 00:37:29.496 +01:00 [Information] Request finished HTTP/2 GET https://localhost:7290/_vs/browserLink - - - 200 - text/javascript;+charset=UTF-8 3.5807ms
2023-10-31 00:37:30.532 +01:00 [Information] Request starting HTTP/2 GET https://localhost:7290/Questions/Details/2 - -
2023-10-31 00:37:30.536 +01:00 [Information] "Identity.Application" was not authenticated. Failure message: "Unprotect ticket failed"
2023-10-31 00:37:30.536 +01:00 [Information] Executing endpoint '"Forum.Controllers.QuestionsController.Details (Forum)"'
2023-10-31 00:37:30.563 +01:00 [Information] Route matched with "{action = \"Details\", controller = \"Questions\", page = \"\", area = \"\"}". Executing controller action with signature "System.Threading.Tasks.Task`1[Microsoft.AspNetCore.Mvc.IActionResult] Details(System.Nullable`1[System.Int32])" on controller "Forum.Controllers.QuestionsController" ("Forum").
2023-10-31 00:37:30.580 +01:00 [Information] Entity Framework Core "6.0.23" initialized '"ApplicationDbContext"' using provider '"Microsoft.EntityFrameworkCore.SqlServer":"6.0.23"' with options: "None"
2023-10-31 00:37:30.673 +01:00 [Information] Executing ViewResult, running view "Details".
2023-10-31 00:37:30.684 +01:00 [Information] Executed ViewResult - view "Details" executed in 11.6261ms.
2023-10-31 00:37:30.684 +01:00 [Information] Executed action "Forum.Controllers.QuestionsController.Details (Forum)" in 120.336ms
2023-10-31 00:37:30.684 +01:00 [Information] Executed endpoint '"Forum.Controllers.QuestionsController.Details (Forum)"'
2023-10-31 00:37:30.685 +01:00 [Information] Request finished HTTP/2 GET https://localhost:7290/Questions/Details/2 - - - 200 - text/html;+charset=utf-8 153.4260ms
2023-10-31 00:37:30.697 +01:00 [Information] Request starting HTTP/2 GET https://localhost:7290/_vs/browserLink - -
2023-10-31 00:37:30.698 +01:00 [Information] Request starting HTTP/2 GET https://localhost:7290/_framework/aspnetcore-browser-refresh.js - -
2023-10-31 00:37:30.699 +01:00 [Information] Request finished HTTP/2 GET https://localhost:7290/_framework/aspnetcore-browser-refresh.js - - - 200 12342 application/javascript;+charset=utf-8 0.5733ms
2023-10-31 00:37:30.702 +01:00 [Information] Request finished HTTP/2 GET https://localhost:7290/_vs/browserLink - - - 200 - text/javascript;+charset=UTF-8 3.9010ms
2023-10-31 00:37:33.420 +01:00 [Information] Request starting HTTP/2 GET https://localhost:7290/Identity/Account/Login - -
2023-10-31 00:37:33.422 +01:00 [Information] "Identity.Application" was not authenticated. Failure message: "Unprotect ticket failed"
2023-10-31 00:37:33.422 +01:00 [Information] Executing endpoint '"/Account/Login"'
2023-10-31 00:37:33.443 +01:00 [Information] Route matched with "{page = \"/Account/Login\", area = \"Identity\", action = \"\", controller = \"\"}". Executing page "/Account/Login"
2023-10-31 00:37:33.465 +01:00 [Information] Executing handler method "Microsoft.AspNetCore.Identity.UI.V5.Pages.Account.Internal.LoginModel.OnGetAsync" - ModelState is Valid
2023-10-31 00:37:33.474 +01:00 [Information] AuthenticationScheme: "Identity.External" signed out.
2023-10-31 00:37:33.475 +01:00 [Information] Executed handler method "OnGetAsync", returned result "".
2023-10-31 00:37:33.481 +01:00 [Information] Executing an implicit handler method - ModelState is Valid
2023-10-31 00:37:33.481 +01:00 [Information] Executed an implicit handler method, returned result "Microsoft.AspNetCore.Mvc.RazorPages.PageResult".
2023-10-31 00:37:33.522 +01:00 [Information] Executed page "/Account/Login" in 78.4943ms
2023-10-31 00:37:33.522 +01:00 [Information] Executed endpoint '"/Account/Login"'
2023-10-31 00:37:33.524 +01:00 [Information] Request finished HTTP/2 GET https://localhost:7290/Identity/Account/Login - - - 200 - text/html;+charset=utf-8 104.0502ms
2023-10-31 00:37:33.535 +01:00 [Information] Request starting HTTP/2 GET https://localhost:7290/_framework/aspnetcore-browser-refresh.js - -
2023-10-31 00:37:33.535 +01:00 [Information] Request finished HTTP/2 GET https://localhost:7290/_framework/aspnetcore-browser-refresh.js - - - 200 12342 application/javascript;+charset=utf-8 0.3453ms
2023-10-31 00:37:33.541 +01:00 [Information] Request starting HTTP/2 GET https://localhost:7290/_vs/browserLink - -
2023-10-31 00:37:33.546 +01:00 [Information] Request finished HTTP/2 GET https://localhost:7290/_vs/browserLink - - - 200 - text/javascript;+charset=UTF-8 4.9155ms
2023-10-31 00:37:34.945 +01:00 [Information] Request starting HTTP/2 POST https://localhost:7290/Identity/Account/Login application/x-www-form-urlencoded 260
2023-10-31 00:37:34.956 +01:00 [Information] "Identity.Application" was not authenticated. Failure message: "Unprotect ticket failed"
2023-10-31 00:37:34.956 +01:00 [Information] Executing endpoint '"/Account/Login"'
2023-10-31 00:37:34.957 +01:00 [Information] Route matched with "{page = \"/Account/Login\", area = \"Identity\", action = \"\", controller = \"\"}". Executing page "/Account/Login"
2023-10-31 00:37:34.987 +01:00 [Information] Executing handler method "Microsoft.AspNetCore.Identity.UI.V5.Pages.Account.Internal.LoginModel.OnPostAsync" - ModelState is Valid
2023-10-31 00:37:35.098 +01:00 [Information] Entity Framework Core "6.0.23" initialized '"ApplicationDbContext"' using provider '"Microsoft.EntityFrameworkCore.SqlServer":"6.0.23"' with options: "None"
2023-10-31 00:37:35.168 +01:00 [Information] AuthenticationScheme: "Identity.Application" signed in.
2023-10-31 00:37:35.170 +01:00 [Information] User logged in.
2023-10-31 00:37:35.171 +01:00 [Information] Executed handler method "OnPostAsync", returned result "Microsoft.AspNetCore.Mvc.LocalRedirectResult".
2023-10-31 00:37:35.174 +01:00 [Information] Executing LocalRedirectResult, redirecting to "/".
2023-10-31 00:37:35.174 +01:00 [Information] Executed page "/Account/Login" in 217.3542ms
2023-10-31 00:37:35.174 +01:00 [Information] Executed endpoint '"/Account/Login"'
2023-10-31 00:37:35.175 +01:00 [Information] Request finished HTTP/2 POST https://localhost:7290/Identity/Account/Login application/x-www-form-urlencoded 260 - 302 0 - 229.6149ms
2023-10-31 00:37:35.179 +01:00 [Information] Request starting HTTP/2 GET https://localhost:7290/ - -
2023-10-31 00:37:35.183 +01:00 [Information] Executing endpoint '"Forum.Controllers.HomeController.Index (Forum)"'
2023-10-31 00:37:35.183 +01:00 [Information] Route matched with "{action = \"Index\", controller = \"Home\", page = \"\", area = \"\"}". Executing controller action with signature "Microsoft.AspNetCore.Mvc.IActionResult Index()" on controller "Forum.Controllers.HomeController" ("Forum").
2023-10-31 00:37:35.183 +01:00 [Information] Executing ViewResult, running view "Index".
2023-10-31 00:37:35.192 +01:00 [Information] Executed ViewResult - view "Index" executed in 9.2767ms.
2023-10-31 00:37:35.192 +01:00 [Information] Executed action "Forum.Controllers.HomeController.Index (Forum)" in 9.585ms
2023-10-31 00:37:35.193 +01:00 [Information] Executed endpoint '"Forum.Controllers.HomeController.Index (Forum)"'
2023-10-31 00:37:35.194 +01:00 [Information] Request finished HTTP/2 GET https://localhost:7290/ - - - 200 - text/html;+charset=utf-8 15.4692ms
2023-10-31 00:37:35.206 +01:00 [Information] Request starting HTTP/2 GET https://localhost:7290/_vs/browserLink - -
2023-10-31 00:37:35.208 +01:00 [Information] Request starting HTTP/2 GET https://localhost:7290/_framework/aspnetcore-browser-refresh.js - -
2023-10-31 00:37:35.208 +01:00 [Information] Request finished HTTP/2 GET https://localhost:7290/_framework/aspnetcore-browser-refresh.js - - - 200 12342 application/javascript;+charset=utf-8 0.3391ms
2023-10-31 00:37:35.209 +01:00 [Information] Request finished HTTP/2 GET https://localhost:7290/_vs/browserLink - - - 200 - text/javascript;+charset=UTF-8 2.8244ms
2023-10-31 00:37:36.857 +01:00 [Information] Request starting HTTP/2 GET https://localhost:7290/Questions - -
2023-10-31 00:37:36.859 +01:00 [Information] Executing endpoint '"Forum.Controllers.QuestionsController.Index (Forum)"'
2023-10-31 00:37:36.860 +01:00 [Information] Route matched with "{action = \"Index\", controller = \"Questions\", page = \"\", area = \"\"}". Executing controller action with signature "System.Threading.Tasks.Task`1[Microsoft.AspNetCore.Mvc.IActionResult] Index()" on controller "Forum.Controllers.QuestionsController" ("Forum").
2023-10-31 00:37:36.861 +01:00 [Information] Entity Framework Core "6.0.23" initialized '"ApplicationDbContext"' using provider '"Microsoft.EntityFrameworkCore.SqlServer":"6.0.23"' with options: "None"
2023-10-31 00:37:36.877 +01:00 [Information] Executing ViewResult, running view "Index".
2023-10-31 00:37:36.883 +01:00 [Information] Executed ViewResult - view "Index" executed in 6.0685ms.
2023-10-31 00:37:36.884 +01:00 [Information] Executed action "Forum.Controllers.QuestionsController.Index (Forum)" in 23.792ms
2023-10-31 00:37:36.884 +01:00 [Information] Executed endpoint '"Forum.Controllers.QuestionsController.Index (Forum)"'
2023-10-31 00:37:36.886 +01:00 [Information] Request finished HTTP/2 GET https://localhost:7290/Questions - - - 200 - text/html;+charset=utf-8 28.5344ms
2023-10-31 00:37:36.904 +01:00 [Information] Request starting HTTP/2 GET https://localhost:7290/_vs/browserLink - -
2023-10-31 00:37:36.910 +01:00 [Information] Request starting HTTP/2 GET https://localhost:7290/_framework/aspnetcore-browser-refresh.js - -
2023-10-31 00:37:36.910 +01:00 [Information] Request finished HTTP/2 GET https://localhost:7290/_vs/browserLink - - - 200 - text/javascript;+charset=UTF-8 6.6615ms
2023-10-31 00:37:36.910 +01:00 [Information] Request finished HTTP/2 GET https://localhost:7290/_framework/aspnetcore-browser-refresh.js - - - 200 12342 application/javascript;+charset=utf-8 0.8170ms
2023-10-31 00:37:38.356 +01:00 [Information] Request starting HTTP/2 GET https://localhost:7290/Questions/Details/2 - -
2023-10-31 00:37:38.362 +01:00 [Information] Executing endpoint '"Forum.Controllers.QuestionsController.Details (Forum)"'
2023-10-31 00:37:38.362 +01:00 [Information] Route matched with "{action = \"Details\", controller = \"Questions\", page = \"\", area = \"\"}". Executing controller action with signature "System.Threading.Tasks.Task`1[Microsoft.AspNetCore.Mvc.IActionResult] Details(System.Nullable`1[System.Int32])" on controller "Forum.Controllers.QuestionsController" ("Forum").
2023-10-31 00:37:38.364 +01:00 [Information] Entity Framework Core "6.0.23" initialized '"ApplicationDbContext"' using provider '"Microsoft.EntityFrameworkCore.SqlServer":"6.0.23"' with options: "None"
2023-10-31 00:37:38.377 +01:00 [Information] Executing ViewResult, running view "Details".
2023-10-31 00:37:38.384 +01:00 [Information] Executed ViewResult - view "Details" executed in 7.3521ms.
2023-10-31 00:37:38.385 +01:00 [Information] Executed action "Forum.Controllers.QuestionsController.Details (Forum)" in 22.2911ms
2023-10-31 00:37:38.385 +01:00 [Information] Executed endpoint '"Forum.Controllers.QuestionsController.Details (Forum)"'
2023-10-31 00:37:38.387 +01:00 [Information] Request finished HTTP/2 GET https://localhost:7290/Questions/Details/2 - - - 200 - text/html;+charset=utf-8 30.9780ms
2023-10-31 00:37:38.403 +01:00 [Information] Request starting HTTP/2 GET https://localhost:7290/_vs/browserLink - -
2023-10-31 00:37:38.410 +01:00 [Information] Request starting HTTP/2 GET https://localhost:7290/_framework/aspnetcore-browser-refresh.js - -
2023-10-31 00:37:38.412 +01:00 [Information] Request finished HTTP/2 GET https://localhost:7290/_vs/browserLink - - - 200 - text/javascript;+charset=UTF-8 9.3978ms
2023-10-31 00:37:38.412 +01:00 [Information] Request finished HTTP/2 GET https://localhost:7290/_framework/aspnetcore-browser-refresh.js - - - 200 12342 application/javascript;+charset=utf-8 2.1039ms
2023-10-31 00:37:45.204 +01:00 [Information] Request starting HTTP/2 POST https://localhost:7290/Questions/AddAnswer application/x-www-form-urlencoded 306
2023-10-31 00:37:45.213 +01:00 [Information] Executing endpoint '"Forum.Controllers.QuestionsController.AddAnswer (Forum)"'
2023-10-31 00:37:45.227 +01:00 [Information] Route matched with "{action = \"AddAnswer\", controller = \"Questions\", page = \"\", area = \"\"}". Executing controller action with signature "System.Threading.Tasks.Task`1[Microsoft.AspNetCore.Mvc.IActionResult] AddAnswer(Forum.Models.Answer)" on controller "Forum.Controllers.QuestionsController" ("Forum").
2023-10-31 00:37:45.231 +01:00 [Information] Entity Framework Core "6.0.23" initialized '"ApplicationDbContext"' using provider '"Microsoft.EntityFrameworkCore.SqlServer":"6.0.23"' with options: "None"
2023-10-31 00:37:45.461 +01:00 [Information] Executing RedirectResult, redirecting to "/Questions/Details/2".
2023-10-31 00:37:45.461 +01:00 [Information] Executed action "Forum.Controllers.QuestionsController.AddAnswer (Forum)" in 234.1904ms
2023-10-31 00:37:45.461 +01:00 [Information] Executed endpoint '"Forum.Controllers.QuestionsController.AddAnswer (Forum)"'
2023-10-31 00:37:45.462 +01:00 [Information] Request finished HTTP/2 POST https://localhost:7290/Questions/AddAnswer application/x-www-form-urlencoded 306 - 302 0 - 257.7601ms
2023-10-31 00:37:45.465 +01:00 [Information] Request starting HTTP/2 GET https://localhost:7290/Questions/Details/2 - -
2023-10-31 00:37:45.466 +01:00 [Information] Executing endpoint '"Forum.Controllers.QuestionsController.Details (Forum)"'
2023-10-31 00:37:45.467 +01:00 [Information] Route matched with "{action = \"Details\", controller = \"Questions\", page = \"\", area = \"\"}". Executing controller action with signature "System.Threading.Tasks.Task`1[Microsoft.AspNetCore.Mvc.IActionResult] Details(System.Nullable`1[System.Int32])" on controller "Forum.Controllers.QuestionsController" ("Forum").
2023-10-31 00:37:45.467 +01:00 [Information] Entity Framework Core "6.0.23" initialized '"ApplicationDbContext"' using provider '"Microsoft.EntityFrameworkCore.SqlServer":"6.0.23"' with options: "None"
2023-10-31 00:37:45.481 +01:00 [Information] Executing ViewResult, running view "Details".
2023-10-31 00:37:45.487 +01:00 [Information] Executed ViewResult - view "Details" executed in 5.6975ms.
2023-10-31 00:37:45.487 +01:00 [Information] Executed action "Forum.Controllers.QuestionsController.Details (Forum)" in 20.7802ms
2023-10-31 00:37:45.487 +01:00 [Information] Executed endpoint '"Forum.Controllers.QuestionsController.Details (Forum)"'
2023-10-31 00:37:45.490 +01:00 [Information] Request finished HTTP/2 GET https://localhost:7290/Questions/Details/2 - - - 200 - text/html;+charset=utf-8 24.6599ms
2023-10-31 00:37:45.503 +01:00 [Information] Request starting HTTP/2 GET https://localhost:7290/_vs/browserLink - -
2023-10-31 00:37:45.504 +01:00 [Information] Request starting HTTP/2 GET https://localhost:7290/_framework/aspnetcore-browser-refresh.js - -
2023-10-31 00:37:45.505 +01:00 [Information] Request finished HTTP/2 GET https://localhost:7290/_framework/aspnetcore-browser-refresh.js - - - 200 12342 application/javascript;+charset=utf-8 0.5514ms
2023-10-31 00:37:45.507 +01:00 [Information] Request finished HTTP/2 GET https://localhost:7290/_vs/browserLink - - - 200 - text/javascript;+charset=UTF-8 4.2719ms
2023-10-31 00:38:09.139 +01:00 [Information] Request starting HTTP/2 GET https://localhost:7290/ - -
2023-10-31 00:38:09.142 +01:00 [Information] Executing endpoint '"Forum.Controllers.HomeController.Index (Forum)"'
2023-10-31 00:38:09.142 +01:00 [Information] Route matched with "{action = \"Index\", controller = \"Home\", page = \"\", area = \"\"}". Executing controller action with signature "Microsoft.AspNetCore.Mvc.IActionResult Index()" on controller "Forum.Controllers.HomeController" ("Forum").
2023-10-31 00:38:09.142 +01:00 [Information] Executing ViewResult, running view "Index".
2023-10-31 00:38:09.147 +01:00 [Information] Executed ViewResult - view "Index" executed in 4.8767ms.
2023-10-31 00:38:09.147 +01:00 [Information] Executed action "Forum.Controllers.HomeController.Index (Forum)" in 5.3878ms
2023-10-31 00:38:09.147 +01:00 [Information] Executed endpoint '"Forum.Controllers.HomeController.Index (Forum)"'
2023-10-31 00:38:09.150 +01:00 [Information] Request finished HTTP/2 GET https://localhost:7290/ - - - 200 - text/html;+charset=utf-8 10.5896ms
2023-10-31 00:38:09.156 +01:00 [Information] Request starting HTTP/2 GET https://localhost:7290/lib/bootstrap/dist/css/bootstrap.min.css - -
2023-10-31 00:38:09.157 +01:00 [Information] The file "/lib/bootstrap/dist/css/bootstrap.min.css" was not modified
2023-10-31 00:38:09.158 +01:00 [Information] Request finished HTTP/2 GET https://localhost:7290/lib/bootstrap/dist/css/bootstrap.min.css - - - 304 - text/css 1.2096ms
2023-10-31 00:38:09.177 +01:00 [Information] Request starting HTTP/2 GET https://localhost:7290/_framework/aspnetcore-browser-refresh.js - -
2023-10-31 00:38:09.178 +01:00 [Information] Request finished HTTP/2 GET https://localhost:7290/_framework/aspnetcore-browser-refresh.js - - - 200 12342 application/javascript;+charset=utf-8 0.3709ms
2023-10-31 00:38:09.178 +01:00 [Information] Request starting HTTP/2 GET https://localhost:7290/lib/bootstrap/dist/js/bootstrap.bundle.min.js - -
2023-10-31 00:38:09.178 +01:00 [Information] Request starting HTTP/2 GET https://localhost:7290/lib/jquery/dist/jquery.min.js - -
2023-10-31 00:38:09.178 +01:00 [Information] Request starting HTTP/2 GET https://localhost:7290/js/site.js?v=4q1jwFhaPaZgr8WAUSrux6hAuh0XDg9kPS3xIVq36I0 - -
2023-10-31 00:38:09.178 +01:00 [Information] The file "/lib/bootstrap/dist/js/bootstrap.bundle.min.js" was not modified
2023-10-31 00:38:09.178 +01:00 [Information] The file "/lib/jquery/dist/jquery.min.js" was not modified
2023-10-31 00:38:09.178 +01:00 [Information] The file "/js/site.js" was not modified
2023-10-31 00:38:09.179 +01:00 [Information] Request starting HTTP/2 GET https://localhost:7290/_vs/browserLink - -
2023-10-31 00:38:09.179 +01:00 [Information] Request finished HTTP/2 GET https://localhost:7290/lib/jquery/dist/jquery.min.js - - - 304 - application/javascript 0.6043ms
2023-10-31 00:38:09.179 +01:00 [Information] Request finished HTTP/2 GET https://localhost:7290/js/site.js?v=4q1jwFhaPaZgr8WAUSrux6hAuh0XDg9kPS3xIVq36I0 - - - 304 - application/javascript 0.3397ms
2023-10-31 00:38:09.179 +01:00 [Information] Request finished HTTP/2 GET https://localhost:7290/lib/bootstrap/dist/js/bootstrap.bundle.min.js - - - 304 - application/javascript 0.5486ms
2023-10-31 00:38:09.189 +01:00 [Information] Request finished HTTP/2 GET https://localhost:7290/_vs/browserLink - - - 200 - text/javascript;+charset=UTF-8 10.3743ms
2023-10-31 00:38:11.124 +01:00 [Information] Request starting HTTP/2 POST https://localhost:7290/Identity/Account/Logout?returnUrl=%2F application/x-www-form-urlencoded 225
2023-10-31 00:38:11.127 +01:00 [Information] Executing endpoint '"/Account/Logout"'
2023-10-31 00:38:11.133 +01:00 [Information] Route matched with "{page = \"/Account/Logout\", area = \"Identity\", action = \"\", controller = \"\"}". Executing page "/Account/Logout"
2023-10-31 00:38:11.147 +01:00 [Information] Executing handler method "Microsoft.AspNetCore.Identity.UI.V5.Pages.Account.Internal.LogoutModel.OnPost" - ModelState is Valid
2023-10-31 00:38:11.150 +01:00 [Information] AuthenticationScheme: "Identity.Application" signed out.
2023-10-31 00:38:11.151 +01:00 [Information] AuthenticationScheme: "Identity.External" signed out.
2023-10-31 00:38:11.151 +01:00 [Information] AuthenticationScheme: "Identity.TwoFactorUserId" signed out.
2023-10-31 00:38:11.151 +01:00 [Information] User logged out.
2023-10-31 00:38:11.151 +01:00 [Information] Executed handler method "OnPost", returned result "Microsoft.AspNetCore.Mvc.LocalRedirectResult".
2023-10-31 00:38:11.152 +01:00 [Information] Executing LocalRedirectResult, redirecting to "/".
2023-10-31 00:38:11.152 +01:00 [Information] Executed page "/Account/Logout" in 18.3096ms
2023-10-31 00:38:11.152 +01:00 [Information] Executed endpoint '"/Account/Logout"'
2023-10-31 00:38:11.152 +01:00 [Information] Request finished HTTP/2 POST https://localhost:7290/Identity/Account/Logout?returnUrl=%2F application/x-www-form-urlencoded 225 - 302 0 - 27.6828ms
2023-10-31 00:38:11.156 +01:00 [Information] Request starting HTTP/2 GET https://localhost:7290/ - -
2023-10-31 00:38:11.157 +01:00 [Information] Executing endpoint '"Forum.Controllers.HomeController.Index (Forum)"'
2023-10-31 00:38:11.158 +01:00 [Information] Route matched with "{action = \"Index\", controller = \"Home\", page = \"\", area = \"\"}". Executing controller action with signature "Microsoft.AspNetCore.Mvc.IActionResult Index()" on controller "Forum.Controllers.HomeController" ("Forum").
2023-10-31 00:38:11.158 +01:00 [Information] Executing ViewResult, running view "Index".
2023-10-31 00:38:11.163 +01:00 [Information] Executed ViewResult - view "Index" executed in 5.4249ms.
2023-10-31 00:38:11.163 +01:00 [Information] Executed action "Forum.Controllers.HomeController.Index (Forum)" in 5.7642ms
2023-10-31 00:38:11.164 +01:00 [Information] Executed endpoint '"Forum.Controllers.HomeController.Index (Forum)"'
2023-10-31 00:38:11.166 +01:00 [Information] Request finished HTTP/2 GET https://localhost:7290/ - - - 200 - text/html;+charset=utf-8 9.4401ms
2023-10-31 00:38:11.182 +01:00 [Information] Request starting HTTP/2 GET https://localhost:7290/_vs/browserLink - -
2023-10-31 00:38:11.183 +01:00 [Information] Request starting HTTP/2 GET https://localhost:7290/_framework/aspnetcore-browser-refresh.js - -
2023-10-31 00:38:11.183 +01:00 [Information] Request finished HTTP/2 GET https://localhost:7290/_framework/aspnetcore-browser-refresh.js - - - 200 12342 application/javascript;+charset=utf-8 0.2324ms
2023-10-31 00:38:11.186 +01:00 [Information] Request finished HTTP/2 GET https://localhost:7290/_vs/browserLink - - - 200 - text/javascript;+charset=UTF-8 3.8909ms
