2023-10-31 00:21:18.814 +01:00 [Information] User profile is available. Using '"C:\Users\harun\AppData\Local\ASP.NET\DataProtection-Keys"' as key repository and Windows DPAPI to encrypt keys at rest.
2023-10-31 00:21:19.009 +01:00 [Information] Now listening on: "https://localhost:7290"
2023-10-31 00:21:19.009 +01:00 [Information] Now listening on: "http://localhost:5152"
2023-10-31 00:21:19.014 +01:00 [Information] Application started. Press Ctrl+C to shut down.
2023-10-31 00:21:19.015 +01:00 [Information] Hosting environment: "Development"
2023-10-31 00:21:19.015 +01:00 [Information] Content root path: "C:\Users\harun\OneDrive\Masaüstü\Forum\Forum\"
2023-10-31 00:21:19.428 +01:00 [Information] Request starting HTTP/2 GET https://localhost:7290/Questions/Delete/4 - -
2023-10-31 00:21:19.628 +01:00 [Information] Executing endpoint '"Forum.Controllers.QuestionsController.Delete (Forum)"'
2023-10-31 00:21:19.651 +01:00 [Information] Route matched with "{action = \"Delete\", controller = \"Questions\", page = \"\", area = \"\"}". Executing controller action with signature "System.Threading.Tasks.Task`1[Microsoft.AspNetCore.Mvc.IActionResult] Delete(System.Nullable`1[System.Int32])" on controller "Forum.Controllers.QuestionsController" ("Forum").
2023-10-31 00:21:20.392 +01:00 [Information] Entity Framework Core "6.0.23" initialized '"ApplicationDbContext"' using provider '"Microsoft.EntityFrameworkCore.SqlServer":"6.0.23"' with options: "None"
2023-10-31 00:21:21.105 +01:00 [Information] Executing ViewResult, running view "Delete".
2023-10-31 00:21:21.264 +01:00 [Information] Executed ViewResult - view "Delete" executed in 155.9201ms.
2023-10-31 00:21:21.266 +01:00 [Information] Executed action "Forum.Controllers.QuestionsController.Delete (Forum)" in 1614.6832ms
2023-10-31 00:21:21.267 +01:00 [Information] Executed endpoint '"Forum.Controllers.QuestionsController.Delete (Forum)"'
2023-10-31 00:21:21.281 +01:00 [Information] Request starting HTTP/2 GET https://localhost:7290/css/site.css?v=xb4QVjUfIwH3AAdWsQq0Z8PTgD-LybR3L14bbNR4Xc0 - -
2023-10-31 00:21:21.281 +01:00 [Information] Request starting HTTP/2 GET https://localhost:7290/_framework/aspnetcore-browser-refresh.js - -
2023-10-31 00:21:21.281 +01:00 [Information] Request starting HTTP/2 GET https://localhost:7290/Forum.styles.css?v=WLrVMYiZoeVtYvtsR1KO9jHv7jJpDgGkNNRPzibFmBk - -
2023-10-31 00:21:21.285 +01:00 [Information] The file "/Forum.styles.css" was not modified
2023-10-31 00:21:21.285 +01:00 [Information] Request finished HTTP/2 GET https://localhost:7290/_framework/aspnetcore-browser-refresh.js - - - 200 12342 application/javascript;+charset=utf-8 3.4377ms
2023-10-31 00:21:21.285 +01:00 [Information] The file "/css/site.css" was not modified
2023-10-31 00:21:21.285 +01:00 [Information] Request finished HTTP/2 GET https://localhost:7290/Forum.styles.css?v=WLrVMYiZoeVtYvtsR1KO9jHv7jJpDgGkNNRPzibFmBk - - - 304 - text/css 4.3396ms
2023-10-31 00:21:21.285 +01:00 [Information] Request finished HTTP/2 GET https://localhost:7290/css/site.css?v=xb4QVjUfIwH3AAdWsQq0Z8PTgD-LybR3L14bbNR4Xc0 - - - 304 - text/css 4.2933ms
2023-10-31 00:21:21.286 +01:00 [Information] Request finished HTTP/2 GET https://localhost:7290/Questions/Delete/4 - - - 200 - text/html;+charset=utf-8 1861.9006ms
2023-10-31 00:21:21.290 +01:00 [Information] Request starting HTTP/2 GET https://localhost:7290/_vs/browserLink - -
2023-10-31 00:21:21.301 +01:00 [Information] Request finished HTTP/2 GET https://localhost:7290/_vs/browserLink - - - 200 - text/javascript;+charset=UTF-8 10.7686ms
2023-10-31 00:21:44.140 +01:00 [Information] Request starting HTTP/2 POST https://localhost:7290/Identity/Account/Logout?returnUrl=%2F application/x-www-form-urlencoded 225
2023-10-31 00:21:44.149 +01:00 [Information] Executing endpoint '"/Account/Logout"'
2023-10-31 00:21:44.169 +01:00 [Information] Route matched with "{page = \"/Account/Logout\", area = \"Identity\", action = \"\", controller = \"\"}". Executing page "/Account/Logout"
2023-10-31 00:21:44.206 +01:00 [Information] Executing handler method "Microsoft.AspNetCore.Identity.UI.V5.Pages.Account.Internal.LogoutModel.OnPost" - ModelState is Valid
2023-10-31 00:21:44.212 +01:00 [Information] AuthenticationScheme: "Identity.Application" signed out.
2023-10-31 00:21:44.213 +01:00 [Information] AuthenticationScheme: "Identity.External" signed out.
2023-10-31 00:21:44.213 +01:00 [Information] AuthenticationScheme: "Identity.TwoFactorUserId" signed out.
2023-10-31 00:21:44.213 +01:00 [Information] User logged out.
2023-10-31 00:21:44.214 +01:00 [Information] Executed handler method "OnPost", returned result "Microsoft.AspNetCore.Mvc.LocalRedirectResult".
2023-10-31 00:21:44.214 +01:00 [Information] Executing LocalRedirectResult, redirecting to "/".
2023-10-31 00:21:44.214 +01:00 [Information] Executed page "/Account/Logout" in 44.5332ms
2023-10-31 00:21:44.214 +01:00 [Information] Executed endpoint '"/Account/Logout"'
2023-10-31 00:21:44.215 +01:00 [Information] Request finished HTTP/2 POST https://localhost:7290/Identity/Account/Logout?returnUrl=%2F application/x-www-form-urlencoded 225 - 302 0 - 75.0317ms
2023-10-31 00:21:44.219 +01:00 [Information] Request starting HTTP/2 GET https://localhost:7290/ - -
2023-10-31 00:21:44.221 +01:00 [Information] Executing endpoint '"Forum.Controllers.HomeController.Index (Forum)"'
2023-10-31 00:21:44.223 +01:00 [Information] Route matched with "{action = \"Index\", controller = \"Home\", page = \"\", area = \"\"}". Executing controller action with signature "Microsoft.AspNetCore.Mvc.IActionResult Index()" on controller "Forum.Controllers.HomeController" ("Forum").
2023-10-31 00:21:44.225 +01:00 [Information] Executing ViewResult, running view "Index".
2023-10-31 00:21:44.247 +01:00 [Information] Executed ViewResult - view "Index" executed in 22.902ms.
2023-10-31 00:21:44.247 +01:00 [Information] Executed action "Forum.Controllers.HomeController.Index (Forum)" in 24.0893ms
2023-10-31 00:21:44.247 +01:00 [Information] Executed endpoint '"Forum.Controllers.HomeController.Index (Forum)"'
2023-10-31 00:21:44.250 +01:00 [Information] Request finished HTTP/2 GET https://localhost:7290/ - - - 200 - text/html;+charset=utf-8 30.6930ms
2023-10-31 00:21:44.263 +01:00 [Information] Request starting HTTP/2 GET https://localhost:7290/images/frm1.jpg - -
2023-10-31 00:21:44.264 +01:00 [Information] The file "/images/frm1.jpg" was not modified
2023-10-31 00:21:44.264 +01:00 [Information] Request starting HTTP/2 GET https://localhost:7290/images/frm2.jpg - -
2023-10-31 00:21:44.264 +01:00 [Information] Request finished HTTP/2 GET https://localhost:7290/images/frm1.jpg - - - 304 - image/jpeg 1.0149ms
2023-10-31 00:21:44.264 +01:00 [Information] The file "/images/frm2.jpg" was not modified
2023-10-31 00:21:44.264 +01:00 [Information] Request finished HTTP/2 GET https://localhost:7290/images/frm2.jpg - - - 304 - image/jpeg 0.6798ms
2023-10-31 00:21:44.272 +01:00 [Information] Request starting HTTP/2 GET https://localhost:7290/_framework/aspnetcore-browser-refresh.js - -
2023-10-31 00:21:44.272 +01:00 [Information] Request starting HTTP/2 GET https://localhost:7290/images/ans1.jpg - -
2023-10-31 00:21:44.272 +01:00 [Information] The file "/images/ans1.jpg" was not modified
2023-10-31 00:21:44.272 +01:00 [Information] Request finished HTTP/2 GET https://localhost:7290/images/ans1.jpg - - - 304 - image/jpeg 0.7139ms
2023-10-31 00:21:44.273 +01:00 [Information] Request finished HTTP/2 GET https://localhost:7290/_framework/aspnetcore-browser-refresh.js - - - 200 12342 application/javascript;+charset=utf-8 0.7778ms
2023-10-31 00:21:44.273 +01:00 [Information] Request starting HTTP/2 GET https://localhost:7290/images/ans2.jpg - -
2023-10-31 00:21:44.273 +01:00 [Information] Request starting HTTP/2 GET https://localhost:7290/images/ans3.jpg - -
2023-10-31 00:21:44.273 +01:00 [Information] Request starting HTTP/2 GET https://localhost:7290/_vs/browserLink - -
2023-10-31 00:21:44.273 +01:00 [Information] The file "/images/ans2.jpg" was not modified
2023-10-31 00:21:44.273 +01:00 [Information] The file "/images/ans3.jpg" was not modified
2023-10-31 00:21:44.273 +01:00 [Information] Request finished HTTP/2 GET https://localhost:7290/images/ans2.jpg - - - 304 - image/jpeg 0.4601ms
2023-10-31 00:21:44.273 +01:00 [Information] Request finished HTTP/2 GET https://localhost:7290/images/ans3.jpg - - - 304 - image/jpeg 0.6118ms
2023-10-31 00:21:44.276 +01:00 [Information] Request finished HTTP/2 GET https://localhost:7290/_vs/browserLink - - - 200 - text/javascript;+charset=UTF-8 3.1740ms
2023-10-31 00:21:45.694 +01:00 [Information] Request starting HTTP/2 GET https://localhost:7290/Questions - -
2023-10-31 00:21:45.696 +01:00 [Information] Executing endpoint '"Forum.Controllers.QuestionsController.Index (Forum)"'
2023-10-31 00:21:45.702 +01:00 [Information] Route matched with "{action = \"Index\", controller = \"Questions\", page = \"\", area = \"\"}". Executing controller action with signature "System.Threading.Tasks.Task`1[Microsoft.AspNetCore.Mvc.IActionResult] Index()" on controller "Forum.Controllers.QuestionsController" ("Forum").
2023-10-31 00:21:45.709 +01:00 [Information] Entity Framework Core "6.0.23" initialized '"ApplicationDbContext"' using provider '"Microsoft.EntityFrameworkCore.SqlServer":"6.0.23"' with options: "None"
2023-10-31 00:21:45.864 +01:00 [Information] Executing ViewResult, running view "Index".
2023-10-31 00:21:45.882 +01:00 [Information] Executed ViewResult - view "Index" executed in 18.9109ms.
2023-10-31 00:21:45.883 +01:00 [Information] Executed action "Forum.Controllers.QuestionsController.Index (Forum)" in 180.7299ms
2023-10-31 00:21:45.883 +01:00 [Information] Executed endpoint '"Forum.Controllers.QuestionsController.Index (Forum)"'
2023-10-31 00:21:45.885 +01:00 [Information] Request finished HTTP/2 GET https://localhost:7290/Questions - - - 200 - text/html;+charset=utf-8 190.8259ms
2023-10-31 00:21:45.895 +01:00 [Information] Request starting HTTP/2 GET https://localhost:7290/_vs/browserLink - -
2023-10-31 00:21:45.896 +01:00 [Information] Request starting HTTP/2 GET https://localhost:7290/_framework/aspnetcore-browser-refresh.js - -
2023-10-31 00:21:45.896 +01:00 [Information] Request finished HTTP/2 GET https://localhost:7290/_framework/aspnetcore-browser-refresh.js - - - 200 12342 application/javascript;+charset=utf-8 0.3092ms
2023-10-31 00:21:45.898 +01:00 [Information] Request finished HTTP/2 GET https://localhost:7290/_vs/browserLink - - - 200 - text/javascript;+charset=UTF-8 3.0746ms
2023-10-31 00:21:47.718 +01:00 [Information] Request starting HTTP/2 GET https://localhost:7290/Questions/Details/2 - -
2023-10-31 00:21:47.723 +01:00 [Information] Executing endpoint '"Forum.Controllers.QuestionsController.Details (Forum)"'
2023-10-31 00:21:47.731 +01:00 [Information] Route matched with "{action = \"Details\", controller = \"Questions\", page = \"\", area = \"\"}". Executing controller action with signature "System.Threading.Tasks.Task`1[Microsoft.AspNetCore.Mvc.IActionResult] Details(System.Nullable`1[System.Int32])" on controller "Forum.Controllers.QuestionsController" ("Forum").
2023-10-31 00:21:47.810 +01:00 [Information] Entity Framework Core "6.0.23" initialized '"ApplicationDbContext"' using provider '"Microsoft.EntityFrameworkCore.SqlServer":"6.0.23"' with options: "None"
2023-10-31 00:21:47.859 +01:00 [Information] Executing ViewResult, running view "Details".
2023-10-31 00:21:47.868 +01:00 [Information] Executed ViewResult - view "Details" executed in 9.5432ms.
2023-10-31 00:21:47.868 +01:00 [Information] Executed action "Forum.Controllers.QuestionsController.Details (Forum)" in 137.2016ms
2023-10-31 00:21:47.868 +01:00 [Information] Executed endpoint '"Forum.Controllers.QuestionsController.Details (Forum)"'
2023-10-31 00:21:47.869 +01:00 [Information] Request finished HTTP/2 GET https://localhost:7290/Questions/Details/2 - - - 200 - text/html;+charset=utf-8 151.2951ms
2023-10-31 00:21:47.883 +01:00 [Information] Request starting HTTP/2 GET https://localhost:7290/_vs/browserLink - -
2023-10-31 00:21:47.883 +01:00 [Information] Request starting HTTP/2 GET https://localhost:7290/_framework/aspnetcore-browser-refresh.js - -
2023-10-31 00:21:47.884 +01:00 [Information] Request finished HTTP/2 GET https://localhost:7290/_framework/aspnetcore-browser-refresh.js - - - 200 12342 application/javascript;+charset=utf-8 0.4375ms
2023-10-31 00:21:47.886 +01:00 [Information] Request finished HTTP/2 GET https://localhost:7290/_vs/browserLink - - - 200 - text/javascript;+charset=UTF-8 3.4008ms
2023-10-31 00:21:51.210 +01:00 [Information] Request starting HTTP/2 GET https://localhost:7290/_framework/aspnetcore-browser-refresh.js - -
2023-10-31 00:21:51.210 +01:00 [Information] Request finished HTTP/2 GET https://localhost:7290/_framework/aspnetcore-browser-refresh.js - - - 200 12342 application/javascript;+charset=utf-8 0.2775ms
2023-10-31 00:21:53.003 +01:00 [Information] Request starting HTTP/2 GET https://localhost:7290/Questions/Edit/2 - -
2023-10-31 00:21:53.005 +01:00 [Information] Authorization failed. "These requirements were not met:
DenyAnonymousAuthorizationRequirement: Requires an authenticated user."
2023-10-31 00:21:53.007 +01:00 [Information] AuthenticationScheme: "Identity.Application" was challenged.
2023-10-31 00:21:53.007 +01:00 [Information] Request finished HTTP/2 GET https://localhost:7290/Questions/Edit/2 - - - 302 0 - 3.2349ms
2023-10-31 00:21:53.009 +01:00 [Information] Request starting HTTP/2 GET https://localhost:7290/Identity/Account/Login?ReturnUrl=%2FQuestions%2FEdit%2F2 - -
2023-10-31 00:21:53.013 +01:00 [Information] Executing endpoint '"/Account/Login"'
2023-10-31 00:21:53.022 +01:00 [Information] Route matched with "{page = \"/Account/Login\", area = \"Identity\", action = \"\", controller = \"\"}". Executing page "/Account/Login"
2023-10-31 00:21:53.024 +01:00 [Information] Executing handler method "Microsoft.AspNetCore.Identity.UI.V5.Pages.Account.Internal.LoginModel.OnGetAsync" - ModelState is Valid
2023-10-31 00:21:53.026 +01:00 [Information] AuthenticationScheme: "Identity.External" signed out.
2023-10-31 00:21:53.027 +01:00 [Information] Executed handler method "OnGetAsync", returned result "".
2023-10-31 00:21:53.034 +01:00 [Information] Executing an implicit handler method - ModelState is Valid
2023-10-31 00:21:53.035 +01:00 [Information] Executed an implicit handler method, returned result "Microsoft.AspNetCore.Mvc.RazorPages.PageResult".
2023-10-31 00:21:53.066 +01:00 [Information] Executed page "/Account/Login" in 44.0086ms
2023-10-31 00:21:53.066 +01:00 [Information] Executed endpoint '"/Account/Login"'
2023-10-31 00:21:53.068 +01:00 [Information] Request finished HTTP/2 GET https://localhost:7290/Identity/Account/Login?ReturnUrl=%2FQuestions%2FEdit%2F2 - - - 200 - text/html;+charset=utf-8 58.8031ms
2023-10-31 00:21:53.076 +01:00 [Information] Request starting HTTP/2 GET https://localhost:7290/Identity/lib/jquery-validation/dist/jquery.validate.js - -
2023-10-31 00:21:53.077 +01:00 [Information] Request starting HTTP/2 GET https://localhost:7290/Identity/lib/jquery-validation-unobtrusive/jquery.validate.unobtrusive.js - -
2023-10-31 00:21:53.077 +01:00 [Information] Request starting HTTP/2 GET https://localhost:7290/_framework/aspnetcore-browser-refresh.js - -
2023-10-31 00:21:53.077 +01:00 [Information] Request finished HTTP/2 GET https://localhost:7290/_framework/aspnetcore-browser-refresh.js - - - 200 12342 application/javascript;+charset=utf-8 0.3297ms
2023-10-31 00:21:53.085 +01:00 [Information] Request starting HTTP/2 GET https://localhost:7290/_vs/browserLink - -
2023-10-31 00:21:53.089 +01:00 [Information] Request finished HTTP/2 GET https://localhost:7290/_vs/browserLink - - - 200 - text/javascript;+charset=UTF-8 4.3365ms
2023-10-31 00:21:53.115 +01:00 [Information] Sending file. Request path: '"/Identity/lib/jquery-validation-unobtrusive/jquery.validate.unobtrusive.js"'. Physical path: '"C:\Users\harun\.nuget\packages\microsoft.aspnetcore.identity.ui\6.0.21\staticwebassets\V5\lib\jquery-validation-unobtrusive\jquery.validate.unobtrusive.js"'
2023-10-31 00:21:53.117 +01:00 [Information] Request finished HTTP/2 GET https://localhost:7290/Identity/lib/jquery-validation-unobtrusive/jquery.validate.unobtrusive.js - - - 200 19366 application/javascript 38.1548ms
2023-10-31 00:21:53.126 +01:00 [Information] Sending file. Request path: '"/Identity/lib/jquery-validation/dist/jquery.validate.js"'. Physical path: '"C:\Users\harun\.nuget\packages\microsoft.aspnetcore.identity.ui\6.0.21\staticwebassets\V5\lib\jquery-validation\dist\jquery.validate.js"'
2023-10-31 00:21:53.126 +01:00 [Information] Request finished HTTP/2 GET https://localhost:7290/Identity/lib/jquery-validation/dist/jquery.validate.js - - - 200 48676 application/javascript 49.9166ms
2023-10-31 00:21:56.133 +01:00 [Information] Request starting HTTP/2 GET https://localhost:7290/_framework/aspnetcore-browser-refresh.js - -
2023-10-31 00:21:56.133 +01:00 [Information] Request finished HTTP/2 GET https://localhost:7290/_framework/aspnetcore-browser-refresh.js - - - 200 12342 application/javascript;+charset=utf-8 0.4994ms
2023-10-31 00:21:58.062 +01:00 [Information] Request starting HTTP/2 GET https://localhost:7290/Questions/Delete/2 - -
2023-10-31 00:21:58.064 +01:00 [Information] Authorization failed. "These requirements were not met:
DenyAnonymousAuthorizationRequirement: Requires an authenticated user."
2023-10-31 00:21:58.064 +01:00 [Information] AuthenticationScheme: "Identity.Application" was challenged.
2023-10-31 00:21:58.065 +01:00 [Information] Request finished HTTP/2 GET https://localhost:7290/Questions/Delete/2 - - - 302 0 - 2.4223ms
2023-10-31 00:21:58.070 +01:00 [Information] Request starting HTTP/2 GET https://localhost:7290/Identity/Account/Login?ReturnUrl=%2FQuestions%2FDelete%2F2 - -
2023-10-31 00:21:58.071 +01:00 [Information] Executing endpoint '"/Account/Login"'
2023-10-31 00:21:58.072 +01:00 [Information] Route matched with "{page = \"/Account/Login\", area = \"Identity\", action = \"\", controller = \"\"}". Executing page "/Account/Login"
2023-10-31 00:21:58.073 +01:00 [Information] Executing handler method "Microsoft.AspNetCore.Identity.UI.V5.Pages.Account.Internal.LoginModel.OnGetAsync" - ModelState is Valid
2023-10-31 00:21:58.073 +01:00 [Information] AuthenticationScheme: "Identity.External" signed out.
2023-10-31 00:21:58.073 +01:00 [Information] Executed handler method "OnGetAsync", returned result "".
2023-10-31 00:21:58.073 +01:00 [Information] Executing an implicit handler method - ModelState is Valid
2023-10-31 00:21:58.073 +01:00 [Information] Executed an implicit handler method, returned result "Microsoft.AspNetCore.Mvc.RazorPages.PageResult".
2023-10-31 00:21:58.081 +01:00 [Information] Executed page "/Account/Login" in 9.0638ms
2023-10-31 00:21:58.081 +01:00 [Information] Executed endpoint '"/Account/Login"'
2023-10-31 00:21:58.084 +01:00 [Information] Request finished HTTP/2 GET https://localhost:7290/Identity/Account/Login?ReturnUrl=%2FQuestions%2FDelete%2F2 - - - 200 - text/html;+charset=utf-8 13.4856ms
2023-10-31 00:21:58.099 +01:00 [Information] Request starting HTTP/2 GET https://localhost:7290/_vs/browserLink - -
2023-10-31 00:21:58.099 +01:00 [Information] Request starting HTTP/2 GET https://localhost:7290/_framework/aspnetcore-browser-refresh.js - -
2023-10-31 00:21:58.100 +01:00 [Information] Request finished HTTP/2 GET https://localhost:7290/_framework/aspnetcore-browser-refresh.js - - - 200 12342 application/javascript;+charset=utf-8 0.4503ms
2023-10-31 00:21:58.103 +01:00 [Information] Request finished HTTP/2 GET https://localhost:7290/_vs/browserLink - - - 200 - text/javascript;+charset=UTF-8 4.4962ms
2023-10-31 00:22:00.236 +01:00 [Information] Request starting HTTP/2 GET https://localhost:7290/_framework/aspnetcore-browser-refresh.js - -
2023-10-31 00:22:00.236 +01:00 [Information] Request finished HTTP/2 GET https://localhost:7290/_framework/aspnetcore-browser-refresh.js - - - 200 12342 application/javascript;+charset=utf-8 0.4641ms
2023-10-31 00:22:06.385 +01:00 [Information] Request starting HTTP/2 GET https://localhost:7290/Identity/Account/Register - -
2023-10-31 00:22:06.386 +01:00 [Information] Executing endpoint '"/Account/Register"'
2023-10-31 00:22:06.400 +01:00 [Information] Route matched with "{page = \"/Account/Register\", area = \"Identity\", action = \"\", controller = \"\"}". Executing page "/Account/Register"
2023-10-31 00:22:06.402 +01:00 [Information] Executing handler method "Microsoft.AspNetCore.Identity.UI.V5.Pages.Account.Internal.RegisterModel.OnGetAsync" - ModelState is Valid
2023-10-31 00:22:06.404 +01:00 [Information] Executed handler method "OnGetAsync", returned result "".
2023-10-31 00:22:06.404 +01:00 [Information] Executing an implicit handler method - ModelState is Valid
2023-10-31 00:22:06.404 +01:00 [Information] Executed an implicit handler method, returned result "Microsoft.AspNetCore.Mvc.RazorPages.PageResult".
2023-10-31 00:22:06.427 +01:00 [Information] Executed page "/Account/Register" in 26.3794ms
2023-10-31 00:22:06.427 +01:00 [Information] Executed endpoint '"/Account/Register"'
2023-10-31 00:22:06.429 +01:00 [Information] Request finished HTTP/2 GET https://localhost:7290/Identity/Account/Register - - - 200 - text/html;+charset=utf-8 44.1414ms
2023-10-31 00:22:06.442 +01:00 [Information] Request starting HTTP/2 GET https://localhost:7290/_vs/browserLink - -
2023-10-31 00:22:06.443 +01:00 [Information] Request starting HTTP/2 GET https://localhost:7290/_framework/aspnetcore-browser-refresh.js - -
2023-10-31 00:22:06.443 +01:00 [Information] Request finished HTTP/2 GET https://localhost:7290/_framework/aspnetcore-browser-refresh.js - - - 200 12342 application/javascript;+charset=utf-8 0.2687ms
2023-10-31 00:22:06.445 +01:00 [Information] Request finished HTTP/2 GET https://localhost:7290/_vs/browserLink - - - 200 - text/javascript;+charset=UTF-8 2.7311ms
2023-10-31 00:22:53.033 +01:00 [Information] Request starting HTTP/2 GET https://localhost:7290/ - -
2023-10-31 00:22:53.035 +01:00 [Information] Executing endpoint '"Forum.Controllers.HomeController.Index (Forum)"'
2023-10-31 00:22:53.035 +01:00 [Information] Route matched with "{action = \"Index\", controller = \"Home\", page = \"\", area = \"\"}". Executing controller action with signature "Microsoft.AspNetCore.Mvc.IActionResult Index()" on controller "Forum.Controllers.HomeController" ("Forum").
2023-10-31 00:22:53.036 +01:00 [Information] Executing ViewResult, running view "Index".
2023-10-31 00:22:53.043 +01:00 [Information] Executed ViewResult - view "Index" executed in 7.233ms.
2023-10-31 00:22:53.043 +01:00 [Information] Executed action "Forum.Controllers.HomeController.Index (Forum)" in 8.1352ms
2023-10-31 00:22:53.043 +01:00 [Information] Executed endpoint '"Forum.Controllers.HomeController.Index (Forum)"'
2023-10-31 00:22:53.047 +01:00 [Information] Request finished HTTP/2 GET https://localhost:7290/ - - - 200 - text/html;+charset=utf-8 13.9298ms
2023-10-31 00:22:53.075 +01:00 [Information] Request starting HTTP/2 GET https://localhost:7290/_framework/aspnetcore-browser-refresh.js - -
2023-10-31 00:22:53.076 +01:00 [Information] Request finished HTTP/2 GET https://localhost:7290/_framework/aspnetcore-browser-refresh.js - - - 200 12342 application/javascript;+charset=utf-8 0.4957ms
2023-10-31 00:22:53.076 +01:00 [Information] Request starting HTTP/2 GET https://localhost:7290/_vs/browserLink - -
2023-10-31 00:22:53.081 +01:00 [Information] Request finished HTTP/2 GET https://localhost:7290/_vs/browserLink - - - 200 - text/javascript;+charset=UTF-8 4.3398ms
2023-10-31 00:25:02.869 +01:00 [Information] Request starting HTTP/2 GET https://localhost:7290/ - -
2023-10-31 00:25:02.871 +01:00 [Information] Executing endpoint '"Forum.Controllers.HomeController.Index (Forum)"'
2023-10-31 00:25:02.871 +01:00 [Information] Route matched with "{action = \"Index\", controller = \"Home\", page = \"\", area = \"\"}". Executing controller action with signature "Microsoft.AspNetCore.Mvc.IActionResult Index()" on controller "Forum.Controllers.HomeController" ("Forum").
2023-10-31 00:25:02.872 +01:00 [Information] Executing ViewResult, running view "Index".
2023-10-31 00:25:02.878 +01:00 [Information] Executed ViewResult - view "Index" executed in 6.1759ms.
2023-10-31 00:25:02.878 +01:00 [Information] Executed action "Forum.Controllers.HomeController.Index (Forum)" in 6.632ms
2023-10-31 00:25:02.878 +01:00 [Information] Executed endpoint '"Forum.Controllers.HomeController.Index (Forum)"'
2023-10-31 00:25:02.880 +01:00 [Information] Request finished HTTP/2 GET https://localhost:7290/ - - - 200 - text/html;+charset=utf-8 10.1989ms
2023-10-31 00:25:02.890 +01:00 [Information] Request starting HTTP/2 GET https://localhost:7290/_vs/browserLink - -
2023-10-31 00:25:02.890 +01:00 [Information] Request starting HTTP/2 GET https://localhost:7290/_framework/aspnetcore-browser-refresh.js - -
2023-10-31 00:25:02.890 +01:00 [Information] Request finished HTTP/2 GET https://localhost:7290/_framework/aspnetcore-browser-refresh.js - - - 200 12342 application/javascript;+charset=utf-8 0.4200ms
2023-10-31 00:25:02.893 +01:00 [Information] Request finished HTTP/2 GET https://localhost:7290/_vs/browserLink - - - 200 - text/javascript;+charset=UTF-8 3.1003ms
2023-10-31 00:25:28.967 +01:00 [Information] Request starting HTTP/2 GET https://localhost:7290/Questions - -
2023-10-31 00:25:28.969 +01:00 [Information] Executing endpoint '"Forum.Controllers.QuestionsController.Index (Forum)"'
2023-10-31 00:25:28.969 +01:00 [Information] Route matched with "{action = \"Index\", controller = \"Questions\", page = \"\", area = \"\"}". Executing controller action with signature "System.Threading.Tasks.Task`1[Microsoft.AspNetCore.Mvc.IActionResult] Index()" on controller "Forum.Controllers.QuestionsController" ("Forum").
2023-10-31 00:25:28.973 +01:00 [Information] Entity Framework Core "6.0.23" initialized '"ApplicationDbContext"' using provider '"Microsoft.EntityFrameworkCore.SqlServer":"6.0.23"' with options: "None"
2023-10-31 00:25:29.004 +01:00 [Information] Executing ViewResult, running view "Index".
2023-10-31 00:25:29.009 +01:00 [Information] Executed ViewResult - view "Index" executed in 5.4763ms.
2023-10-31 00:25:29.009 +01:00 [Information] Executed action "Forum.Controllers.QuestionsController.Index (Forum)" in 39.8383ms
2023-10-31 00:25:29.010 +01:00 [Information] Executed endpoint '"Forum.Controllers.QuestionsController.Index (Forum)"'
2023-10-31 00:25:29.011 +01:00 [Information] Request finished HTTP/2 GET https://localhost:7290/Questions - - - 200 - text/html;+charset=utf-8 44.2406ms
2023-10-31 00:25:29.028 +01:00 [Information] Request starting HTTP/2 GET https://localhost:7290/_vs/browserLink - -
2023-10-31 00:25:29.029 +01:00 [Information] Request starting HTTP/2 GET https://localhost:7290/_framework/aspnetcore-browser-refresh.js - -
2023-10-31 00:25:29.029 +01:00 [Information] Request finished HTTP/2 GET https://localhost:7290/_framework/aspnetcore-browser-refresh.js - - - 200 12342 application/javascript;+charset=utf-8 0.5235ms
2023-10-31 00:25:29.033 +01:00 [Information] Request finished HTTP/2 GET https://localhost:7290/_vs/browserLink - - - 200 - text/javascript;+charset=UTF-8 5.3375ms
