2023-10-31 00:44:28.418 +01:00 [Information] User profile is available. Using '"C:\Users\harun\AppData\Local\ASP.NET\DataProtection-Keys"' as key repository and Windows DPAPI to encrypt keys at rest.
2023-10-31 00:44:28.749 +01:00 [Information] Now listening on: "https://localhost:7290"
2023-10-31 00:44:28.750 +01:00 [Information] Now listening on: "http://localhost:5152"
2023-10-31 00:44:28.753 +01:00 [Information] Application started. Press Ctrl+C to shut down.
2023-10-31 00:44:28.753 +01:00 [Information] Hosting environment: "Development"
2023-10-31 00:44:28.753 +01:00 [Information] Content root path: "C:\Users\harun\OneDrive\Masaüstü\Forum\Forum\"
2023-10-31 00:44:29.788 +01:00 [Information] Request starting HTTP/2 GET https://localhost:7290/ - -
2023-10-31 00:44:29.988 +01:00 [Information] Executing endpoint '"Forum.Controllers.HomeController.Index (Forum)"'
2023-10-31 00:44:30.058 +01:00 [Information] Route matched with "{action = \"Index\", controller = \"Home\", page = \"\", area = \"\"}". Executing controller action with signature "Microsoft.AspNetCore.Mvc.IActionResult Index()" on controller "Forum.Controllers.HomeController" ("Forum").
2023-10-31 00:44:30.085 +01:00 [Information] Executing ViewResult, running view "Index".
2023-10-31 00:44:30.982 +01:00 [Information] Executed ViewResult - view "Index" executed in 901.1215ms.
2023-10-31 00:44:30.985 +01:00 [Information] Executed action "Forum.Controllers.HomeController.Index (Forum)" in 925.7654ms
2023-10-31 00:44:30.986 +01:00 [Information] Executed endpoint '"Forum.Controllers.HomeController.Index (Forum)"'
2023-10-31 00:44:31.050 +01:00 [Information] Request finished HTTP/2 GET https://localhost:7290/ - - - 200 - text/html;+charset=utf-8 1266.6111ms
2023-10-31 00:44:31.119 +01:00 [Information] Request starting HTTP/2 GET https://localhost:7290/_framework/aspnetcore-browser-refresh.js - -
2023-10-31 00:44:31.119 +01:00 [Information] Request starting HTTP/2 GET https://localhost:7290/_vs/browserLink - -
2023-10-31 00:44:31.123 +01:00 [Information] Request finished HTTP/2 GET https://localhost:7290/_framework/aspnetcore-browser-refresh.js - - - 200 12342 application/javascript;+charset=utf-8 4.9237ms
2023-10-31 00:44:31.230 +01:00 [Information] Request starting HTTP/2 GET https://localhost:7290/css/site.css?v=xb4QVjUfIwH3AAdWsQq0Z8PTgD-LybR3L14bbNR4Xc0 - -
2023-10-31 00:44:31.269 +01:00 [Information] The file "/css/site.css" was not modified
2023-10-31 00:44:31.270 +01:00 [Information] Request finished HTTP/2 GET https://localhost:7290/css/site.css?v=xb4QVjUfIwH3AAdWsQq0Z8PTgD-LybR3L14bbNR4Xc0 - - - 304 - text/css 40.3975ms
2023-10-31 00:44:31.368 +01:00 [Information] Request finished HTTP/2 GET https://localhost:7290/_vs/browserLink - - - 200 - text/javascript;+charset=UTF-8 249.0692ms
2023-10-31 00:45:06.577 +01:00 [Information] Request starting HTTP/2 GET https://localhost:7290/Identity/Account/Register - -
2023-10-31 00:45:06.582 +01:00 [Information] Executing endpoint '"/Account/Register"'
2023-10-31 00:45:06.616 +01:00 [Information] Route matched with "{page = \"/Account/Register\", area = \"Identity\", action = \"\", controller = \"\"}". Executing page "/Account/Register"
2023-10-31 00:45:06.637 +01:00 [Information] Executing handler method "Microsoft.AspNetCore.Identity.UI.V5.Pages.Account.Internal.RegisterModel.OnGetAsync" - ModelState is Valid
2023-10-31 00:45:06.639 +01:00 [Information] Executed handler method "OnGetAsync", returned result "".
2023-10-31 00:45:06.642 +01:00 [Information] Executing an implicit handler method - ModelState is Valid
2023-10-31 00:45:06.643 +01:00 [Information] Executed an implicit handler method, returned result "Microsoft.AspNetCore.Mvc.RazorPages.PageResult".
2023-10-31 00:45:06.687 +01:00 [Information] Executed page "/Account/Register" in 70.5496ms
2023-10-31 00:45:06.687 +01:00 [Information] Executed endpoint '"/Account/Register"'
2023-10-31 00:45:06.689 +01:00 [Information] Request finished HTTP/2 GET https://localhost:7290/Identity/Account/Register - - - 200 - text/html;+charset=utf-8 112.3784ms
2023-10-31 00:45:06.705 +01:00 [Information] Request starting HTTP/2 GET https://localhost:7290/_framework/aspnetcore-browser-refresh.js - -
2023-10-31 00:45:06.706 +01:00 [Information] Request finished HTTP/2 GET https://localhost:7290/_framework/aspnetcore-browser-refresh.js - - - 200 12342 application/javascript;+charset=utf-8 0.6655ms
2023-10-31 00:45:06.710 +01:00 [Information] Request starting HTTP/2 GET https://localhost:7290/_vs/browserLink - -
2023-10-31 00:45:06.714 +01:00 [Information] Request finished HTTP/2 GET https://localhost:7290/_vs/browserLink - - - 200 - text/javascript;+charset=UTF-8 3.8412ms
2023-10-31 00:45:18.301 +01:00 [Information] Request starting HTTP/2 GET https://localhost:7290/Identity/Account/Login - -
2023-10-31 00:45:18.312 +01:00 [Information] Executing endpoint '"/Account/Login"'
2023-10-31 00:45:18.319 +01:00 [Information] Route matched with "{page = \"/Account/Login\", area = \"Identity\", action = \"\", controller = \"\"}". Executing page "/Account/Login"
2023-10-31 00:45:18.328 +01:00 [Information] Executing handler method "Microsoft.AspNetCore.Identity.UI.V5.Pages.Account.Internal.LoginModel.OnGetAsync" - ModelState is Valid
2023-10-31 00:45:18.334 +01:00 [Information] AuthenticationScheme: "Identity.External" signed out.
2023-10-31 00:45:18.334 +01:00 [Information] Executed handler method "OnGetAsync", returned result "".
2023-10-31 00:45:18.334 +01:00 [Information] Executing an implicit handler method - ModelState is Valid
2023-10-31 00:45:18.334 +01:00 [Information] Executed an implicit handler method, returned result "Microsoft.AspNetCore.Mvc.RazorPages.PageResult".
2023-10-31 00:45:18.355 +01:00 [Information] Executed page "/Account/Login" in 35.7234ms
2023-10-31 00:45:18.355 +01:00 [Information] Executed endpoint '"/Account/Login"'
2023-10-31 00:45:18.357 +01:00 [Information] Request finished HTTP/2 GET https://localhost:7290/Identity/Account/Login - - - 200 - text/html;+charset=utf-8 55.8962ms
2023-10-31 00:45:18.370 +01:00 [Information] Request starting HTTP/2 GET https://localhost:7290/_vs/browserLink - -
2023-10-31 00:45:18.371 +01:00 [Information] Request starting HTTP/2 GET https://localhost:7290/_framework/aspnetcore-browser-refresh.js - -
2023-10-31 00:45:18.371 +01:00 [Information] Request finished HTTP/2 GET https://localhost:7290/_framework/aspnetcore-browser-refresh.js - - - 200 12342 application/javascript;+charset=utf-8 0.4129ms
2023-10-31 00:45:18.374 +01:00 [Information] Request finished HTTP/2 GET https://localhost:7290/_vs/browserLink - - - 200 - text/javascript;+charset=UTF-8 3.8727ms
2023-10-31 00:45:23.311 +01:00 [Information] Request starting HTTP/2 POST https://localhost:7290/Identity/Account/Login application/x-www-form-urlencoded 260
2023-10-31 00:45:23.312 +01:00 [Information] Executing endpoint '"/Account/Login"'
2023-10-31 00:45:23.313 +01:00 [Information] Route matched with "{page = \"/Account/Login\", area = \"Identity\", action = \"\", controller = \"\"}". Executing page "/Account/Login"
2023-10-31 00:45:23.329 +01:00 [Information] Executing handler method "Microsoft.AspNetCore.Identity.UI.V5.Pages.Account.Internal.LoginModel.OnPostAsync" - ModelState is Valid
2023-10-31 00:45:24.090 +01:00 [Information] Entity Framework Core "6.0.23" initialized '"ApplicationDbContext"' using provider '"Microsoft.EntityFrameworkCore.SqlServer":"6.0.23"' with options: "None"
2023-10-31 00:45:24.821 +01:00 [Information] AuthenticationScheme: "Identity.Application" signed in.
2023-10-31 00:45:24.822 +01:00 [Information] User logged in.
2023-10-31 00:45:24.823 +01:00 [Information] Executed handler method "OnPostAsync", returned result "Microsoft.AspNetCore.Mvc.LocalRedirectResult".
2023-10-31 00:45:24.824 +01:00 [Information] Executing LocalRedirectResult, redirecting to "/".
2023-10-31 00:45:24.824 +01:00 [Information] Executed page "/Account/Login" in 1511.0652ms
2023-10-31 00:45:24.824 +01:00 [Information] Executed endpoint '"/Account/Login"'
2023-10-31 00:45:24.827 +01:00 [Information] Request finished HTTP/2 POST https://localhost:7290/Identity/Account/Login application/x-www-form-urlencoded 260 - 302 0 - 1515.9851ms
2023-10-31 00:45:24.828 +01:00 [Information] Request starting HTTP/2 GET https://localhost:7290/ - -
2023-10-31 00:45:24.830 +01:00 [Information] Executing endpoint '"Forum.Controllers.HomeController.Index (Forum)"'
2023-10-31 00:45:24.830 +01:00 [Information] Route matched with "{action = \"Index\", controller = \"Home\", page = \"\", area = \"\"}". Executing controller action with signature "Microsoft.AspNetCore.Mvc.IActionResult Index()" on controller "Forum.Controllers.HomeController" ("Forum").
2023-10-31 00:45:24.831 +01:00 [Information] Executing ViewResult, running view "Index".
2023-10-31 00:45:24.836 +01:00 [Information] Executed ViewResult - view "Index" executed in 5.0572ms.
2023-10-31 00:45:24.836 +01:00 [Information] Executed action "Forum.Controllers.HomeController.Index (Forum)" in 5.4713ms
2023-10-31 00:45:24.836 +01:00 [Information] Executed endpoint '"Forum.Controllers.HomeController.Index (Forum)"'
2023-10-31 00:45:24.837 +01:00 [Information] Request finished HTTP/2 GET https://localhost:7290/ - - - 200 - text/html;+charset=utf-8 9.4704ms
2023-10-31 00:45:24.848 +01:00 [Information] Request starting HTTP/2 GET https://localhost:7290/_vs/browserLink - -
2023-10-31 00:45:24.850 +01:00 [Information] Request starting HTTP/2 GET https://localhost:7290/_framework/aspnetcore-browser-refresh.js - -
2023-10-31 00:45:24.851 +01:00 [Information] Request finished HTTP/2 GET https://localhost:7290/_framework/aspnetcore-browser-refresh.js - - - 200 12342 application/javascript;+charset=utf-8 0.4022ms
2023-10-31 00:45:24.852 +01:00 [Information] Request finished HTTP/2 GET https://localhost:7290/_vs/browserLink - - - 200 - text/javascript;+charset=UTF-8 3.5457ms
2023-10-31 00:45:36.973 +01:00 [Information] Request starting HTTP/2 POST https://localhost:7290/Identity/Account/Logout?returnUrl=%2F application/x-www-form-urlencoded 225
2023-10-31 00:45:36.977 +01:00 [Information] Executing endpoint '"/Account/Logout"'
2023-10-31 00:45:36.982 +01:00 [Information] Route matched with "{page = \"/Account/Logout\", area = \"Identity\", action = \"\", controller = \"\"}". Executing page "/Account/Logout"
2023-10-31 00:45:36.992 +01:00 [Information] Executing handler method "Microsoft.AspNetCore.Identity.UI.V5.Pages.Account.Internal.LogoutModel.OnPost" - ModelState is Valid
2023-10-31 00:45:36.995 +01:00 [Information] AuthenticationScheme: "Identity.Application" signed out.
2023-10-31 00:45:36.995 +01:00 [Information] AuthenticationScheme: "Identity.External" signed out.
2023-10-31 00:45:36.996 +01:00 [Information] AuthenticationScheme: "Identity.TwoFactorUserId" signed out.
2023-10-31 00:45:36.997 +01:00 [Information] User logged out.
2023-10-31 00:45:36.997 +01:00 [Information] Executed handler method "OnPost", returned result "Microsoft.AspNetCore.Mvc.LocalRedirectResult".
2023-10-31 00:45:36.997 +01:00 [Information] Executing LocalRedirectResult, redirecting to "/".
2023-10-31 00:45:36.998 +01:00 [Information] Executed page "/Account/Logout" in 15.1154ms
2023-10-31 00:45:36.998 +01:00 [Information] Executed endpoint '"/Account/Logout"'
2023-10-31 00:45:36.998 +01:00 [Information] Request finished HTTP/2 POST https://localhost:7290/Identity/Account/Logout?returnUrl=%2F application/x-www-form-urlencoded 225 - 302 0 - 25.0583ms
2023-10-31 00:45:37.000 +01:00 [Information] Request starting HTTP/2 GET https://localhost:7290/ - -
2023-10-31 00:45:37.001 +01:00 [Information] Executing endpoint '"Forum.Controllers.HomeController.Index (Forum)"'
2023-10-31 00:45:37.001 +01:00 [Information] Route matched with "{action = \"Index\", controller = \"Home\", page = \"\", area = \"\"}". Executing controller action with signature "Microsoft.AspNetCore.Mvc.IActionResult Index()" on controller "Forum.Controllers.HomeController" ("Forum").
2023-10-31 00:45:37.002 +01:00 [Information] Executing ViewResult, running view "Index".
2023-10-31 00:45:37.007 +01:00 [Information] Executed ViewResult - view "Index" executed in 6.2044ms.
2023-10-31 00:45:37.008 +01:00 [Information] Executed action "Forum.Controllers.HomeController.Index (Forum)" in 6.5701ms
2023-10-31 00:45:37.008 +01:00 [Information] Executed endpoint '"Forum.Controllers.HomeController.Index (Forum)"'
2023-10-31 00:45:37.010 +01:00 [Information] Request finished HTTP/2 GET https://localhost:7290/ - - - 200 - text/html;+charset=utf-8 9.8177ms
2023-10-31 00:45:37.025 +01:00 [Information] Request starting HTTP/2 GET https://localhost:7290/_vs/browserLink - -
2023-10-31 00:45:37.025 +01:00 [Information] Request starting HTTP/2 GET https://localhost:7290/_framework/aspnetcore-browser-refresh.js - -
2023-10-31 00:45:37.026 +01:00 [Information] Request finished HTTP/2 GET https://localhost:7290/_framework/aspnetcore-browser-refresh.js - - - 200 12342 application/javascript;+charset=utf-8 0.2928ms
2023-10-31 00:45:37.029 +01:00 [Information] Request finished HTTP/2 GET https://localhost:7290/_vs/browserLink - - - 200 - text/javascript;+charset=UTF-8 3.5495ms
2023-10-31 00:45:38.674 +01:00 [Information] Request starting HTTP/2 GET https://localhost:7290/Questions - -
2023-10-31 00:45:38.675 +01:00 [Information] Executing endpoint '"Forum.Controllers.QuestionsController.Index (Forum)"'
2023-10-31 00:45:38.684 +01:00 [Information] Route matched with "{action = \"Index\", controller = \"Questions\", page = \"\", area = \"\"}". Executing controller action with signature "System.Threading.Tasks.Task`1[Microsoft.AspNetCore.Mvc.IActionResult] Index()" on controller "Forum.Controllers.QuestionsController" ("Forum").
2023-10-31 00:45:38.738 +01:00 [Information] Entity Framework Core "6.0.23" initialized '"ApplicationDbContext"' using provider '"Microsoft.EntityFrameworkCore.SqlServer":"6.0.23"' with options: "None"
2023-10-31 00:45:38.869 +01:00 [Information] Executing ViewResult, running view "Index".
2023-10-31 00:45:38.877 +01:00 [Information] Executed ViewResult - view "Index" executed in 9.0815ms.
2023-10-31 00:45:38.877 +01:00 [Information] Executed action "Forum.Controllers.QuestionsController.Index (Forum)" in 193.503ms
2023-10-31 00:45:38.877 +01:00 [Information] Executed endpoint '"Forum.Controllers.QuestionsController.Index (Forum)"'
2023-10-31 00:45:38.879 +01:00 [Information] Request finished HTTP/2 GET https://localhost:7290/Questions - - - 200 - text/html;+charset=utf-8 204.9766ms
2023-10-31 00:45:38.889 +01:00 [Information] Request starting HTTP/2 GET https://localhost:7290/_vs/browserLink - -
2023-10-31 00:45:38.890 +01:00 [Information] Request starting HTTP/2 GET https://localhost:7290/_framework/aspnetcore-browser-refresh.js - -
2023-10-31 00:45:38.891 +01:00 [Information] Request finished HTTP/2 GET https://localhost:7290/_framework/aspnetcore-browser-refresh.js - - - 200 12342 application/javascript;+charset=utf-8 0.2633ms
2023-10-31 00:45:38.893 +01:00 [Information] Request finished HTTP/2 GET https://localhost:7290/_vs/browserLink - - - 200 - text/javascript;+charset=UTF-8 4.0193ms
2023-10-31 00:45:46.623 +01:00 [Information] Request starting HTTP/2 GET https://localhost:7290/Questions/Details/2 - -
2023-10-31 00:45:46.624 +01:00 [Information] Executing endpoint '"Forum.Controllers.QuestionsController.Details (Forum)"'
2023-10-31 00:45:46.629 +01:00 [Information] Route matched with "{action = \"Details\", controller = \"Questions\", page = \"\", area = \"\"}". Executing controller action with signature "System.Threading.Tasks.Task`1[Microsoft.AspNetCore.Mvc.IActionResult] Details(System.Nullable`1[System.Int32])" on controller "Forum.Controllers.QuestionsController" ("Forum").
2023-10-31 00:45:46.645 +01:00 [Information] Entity Framework Core "6.0.23" initialized '"ApplicationDbContext"' using provider '"Microsoft.EntityFrameworkCore.SqlServer":"6.0.23"' with options: "None"
2023-10-31 00:45:46.711 +01:00 [Information] Executing ViewResult, running view "Details".
2023-10-31 00:45:46.718 +01:00 [Information] Executed ViewResult - view "Details" executed in 7.2377ms.
2023-10-31 00:45:46.718 +01:00 [Information] Executed action "Forum.Controllers.QuestionsController.Details (Forum)" in 88.9934ms
2023-10-31 00:45:46.718 +01:00 [Information] Executed endpoint '"Forum.Controllers.QuestionsController.Details (Forum)"'
2023-10-31 00:45:46.719 +01:00 [Information] Request finished HTTP/2 GET https://localhost:7290/Questions/Details/2 - - - 200 - text/html;+charset=utf-8 96.2126ms
2023-10-31 00:45:46.733 +01:00 [Information] Request starting HTTP/2 GET https://localhost:7290/Forum.styles.css?v=WLrVMYiZoeVtYvtsR1KO9jHv7jJpDgGkNNRPzibFmBk - -
2023-10-31 00:45:46.734 +01:00 [Information] The file "/Forum.styles.css" was not modified
2023-10-31 00:45:46.735 +01:00 [Information] Request finished HTTP/2 GET https://localhost:7290/Forum.styles.css?v=WLrVMYiZoeVtYvtsR1KO9jHv7jJpDgGkNNRPzibFmBk - - - 304 - text/css 1.7492ms
2023-10-31 00:45:46.735 +01:00 [Information] Request starting HTTP/2 GET https://localhost:7290/_framework/aspnetcore-browser-refresh.js - -
2023-10-31 00:45:46.736 +01:00 [Information] Request starting HTTP/2 GET https://localhost:7290/_vs/browserLink - -
2023-10-31 00:45:46.736 +01:00 [Information] Request finished HTTP/2 GET https://localhost:7290/_framework/aspnetcore-browser-refresh.js - - - 200 12342 application/javascript;+charset=utf-8 0.3167ms
2023-10-31 00:45:46.741 +01:00 [Information] Request finished HTTP/2 GET https://localhost:7290/_vs/browserLink - - - 200 - text/javascript;+charset=UTF-8 4.8776ms
