2023-11-10 20:45:34.210 +01:00 [Information] User profile is available. Using '"C:\Users\nacig\AppData\Local\ASP.NET\DataProtection-Keys"' as key repository and Windows DPAPI to encrypt keys at rest.
2023-11-10 20:45:35.802 +01:00 [Information] Now listening on: "https://localhost:7290"
2023-11-10 20:45:35.807 +01:00 [Information] Now listening on: "http://localhost:5152"
2023-11-10 20:45:35.838 +01:00 [Information] Application started. Press Ctrl+C to shut down.
2023-11-10 20:45:35.844 +01:00 [Information] Hosting environment: "Development"
2023-11-10 20:45:35.849 +01:00 [Information] Content root path: "C:\Users\nacig\Desktop\ASPNET\Forum\Forum\"
2023-11-10 20:45:46.750 +01:00 [Information] Request starting HTTP/2 GET https://localhost:7290/ - -
2023-11-10 20:45:47.196 +01:00 [Information] Executing endpoint '"Forum.Controllers.HomeController.Index (Forum)"'
2023-11-10 20:45:47.391 +01:00 [Information] Route matched with "{action = \"Index\", controller = \"Home\", page = \"\", area = \"\"}". Executing controller action with signature "Microsoft.AspNetCore.Mvc.IActionResult Index()" on controller "Forum.Controllers.HomeController" ("Forum").
2023-11-10 20:45:47.450 +01:00 [Information] Executing ViewResult, running view "Index".
2023-11-10 20:45:50.085 +01:00 [Information] Executed ViewResult - view "Index" executed in 2635.179ms.
2023-11-10 20:45:50.121 +01:00 [Information] Executed action "Forum.Controllers.HomeController.Index (Forum)" in 2727.3048ms
2023-11-10 20:45:50.125 +01:00 [Information] Executed endpoint '"Forum.Controllers.HomeController.Index (Forum)"'
2023-11-10 20:45:50.355 +01:00 [Information] Request finished HTTP/2 GET https://localhost:7290/ - - - 200 - text/html;+charset=utf-8 3624.5857ms
2023-11-10 20:45:50.691 +01:00 [Information] Request starting HTTP/2 GET https://localhost:7290/_vs/browserLink - -
2023-11-10 20:45:50.691 +01:00 [Information] Request starting HTTP/2 GET https://localhost:7290/lib/jquery-validation-unobtrusive/jquery.validate.unobtrusive.js - -
2023-11-10 20:45:50.691 +01:00 [Information] Request starting HTTP/2 GET https://localhost:7290/_framework/aspnetcore-browser-refresh.js - -
2023-11-10 20:45:50.691 +01:00 [Information] Request starting HTTP/2 GET https://localhost:7290/lib/jquery-validate/jquery.validate.js - -
2023-11-10 20:45:50.731 +01:00 [Information] Request finished HTTP/2 GET https://localhost:7290/_framework/aspnetcore-browser-refresh.js - - - 200 12342 application/javascript;+charset=utf-8 40.0400ms
2023-11-10 20:45:50.806 +01:00 [Information] Request finished HTTP/2 GET https://localhost:7290/_vs/browserLink - - - 200 - text/javascript;+charset=UTF-8 116.0103ms
2023-11-10 20:45:50.829 +01:00 [Information] Sending file. Request path: '"/lib/jquery-validation-unobtrusive/jquery.validate.unobtrusive.js"'. Physical path: '"C:\Users\nacig\Desktop\ASPNET\Forum\Forum\wwwroot\lib\jquery-validation-unobtrusive\jquery.validate.unobtrusive.js"'
2023-11-10 20:45:50.829 +01:00 [Information] Sending file. Request path: '"/lib/jquery-validate/jquery.validate.js"'. Physical path: '"C:\Users\nacig\Desktop\ASPNET\Forum\Forum\wwwroot\lib\jquery-validate\jquery.validate.js"'
2023-11-10 20:45:50.829 +01:00 [Information] Request finished HTTP/2 GET https://localhost:7290/lib/jquery-validation-unobtrusive/jquery.validate.unobtrusive.js - - - 200 19820 application/javascript 138.9888ms
2023-11-10 20:45:50.829 +01:00 [Information] Request finished HTTP/2 GET https://localhost:7290/lib/jquery-validate/jquery.validate.js - - - 200 52142 application/javascript 139.0563ms
2023-11-10 20:46:12.351 +01:00 [Information] Request starting HTTP/2 GET https://localhost:7290/Questions - -
2023-11-10 20:46:12.363 +01:00 [Information] Executing endpoint '"Forum.Controllers.QuestionsController.Index (Forum)"'
2023-11-10 20:46:12.402 +01:00 [Information] Route matched with "{action = \"Index\", controller = \"Questions\", page = \"\", area = \"\"}". Executing controller action with signature "System.Threading.Tasks.Task`1[Microsoft.AspNetCore.Mvc.IActionResult] Index()" on controller "Forum.Controllers.QuestionsController" ("Forum").
2023-11-10 20:46:16.331 +01:00 [Information] Entity Framework Core "6.0.23" initialized '"ApplicationDbContext"' using provider '"Microsoft.EntityFrameworkCore.Sqlite":"6.0.23"' with options: "None"
2023-11-10 20:46:20.130 +01:00 [Information] Executing ViewResult, running view "Index".
2023-11-10 20:46:20.231 +01:00 [Information] Executed ViewResult - view "Index" executed in 104.5629ms.
2023-11-10 20:46:20.232 +01:00 [Information] Executed action "Forum.Controllers.QuestionsController.Index (Forum)" in 7830.1144ms
2023-11-10 20:46:20.233 +01:00 [Information] Executed endpoint '"Forum.Controllers.QuestionsController.Index (Forum)"'
2023-11-10 20:46:20.269 +01:00 [Information] Request finished HTTP/2 GET https://localhost:7290/Questions - - - 200 - text/html;+charset=utf-8 7918.5706ms
2023-11-10 20:46:20.324 +01:00 [Information] Request starting HTTP/2 GET https://localhost:7290/_framework/aspnetcore-browser-refresh.js - -
2023-11-10 20:46:20.325 +01:00 [Information] Request starting HTTP/2 GET https://localhost:7290/_vs/browserLink - -
2023-11-10 20:46:20.327 +01:00 [Information] Request finished HTTP/2 GET https://localhost:7290/_framework/aspnetcore-browser-refresh.js - - - 200 12342 application/javascript;+charset=utf-8 2.3568ms
2023-11-10 20:46:20.368 +01:00 [Information] Request finished HTTP/2 GET https://localhost:7290/_vs/browserLink - - - 200 - text/javascript;+charset=UTF-8 43.0086ms
2023-11-10 20:46:55.385 +01:00 [Information] Request starting HTTP/2 GET https://localhost:7290/Identity/Account/Login - -
2023-11-10 20:46:55.414 +01:00 [Information] Executing endpoint '"/Account/Login"'
2023-11-10 20:46:55.496 +01:00 [Information] Route matched with "{page = \"/Account/Login\", area = \"Identity\", action = \"\", controller = \"\"}". Executing page "/Account/Login"
2023-11-10 20:46:55.621 +01:00 [Information] Executing handler method "Microsoft.AspNetCore.Identity.UI.V5.Pages.Account.Internal.LoginModel.OnGetAsync" - ModelState is Valid
2023-11-10 20:46:55.658 +01:00 [Information] AuthenticationScheme: "Identity.External" signed out.
2023-11-10 20:46:55.663 +01:00 [Information] Executed handler method "OnGetAsync", returned result "".
2023-11-10 20:46:55.679 +01:00 [Information] Executing an implicit handler method - ModelState is Valid
2023-11-10 20:46:55.680 +01:00 [Information] Executed an implicit handler method, returned result "Microsoft.AspNetCore.Mvc.RazorPages.PageResult".
2023-11-10 20:46:56.010 +01:00 [Information] Executed page "/Account/Login" in 512.9819ms
2023-11-10 20:46:56.010 +01:00 [Information] Executed endpoint '"/Account/Login"'
2023-11-10 20:46:56.026 +01:00 [Information] Request finished HTTP/2 GET https://localhost:7290/Identity/Account/Login - - - 200 - text/html;+charset=utf-8 640.6800ms
2023-11-10 20:46:56.070 +01:00 [Information] Request starting HTTP/2 GET https://localhost:7290/lib/jquery-validate/jquery.validate.js - -
2023-11-10 20:46:56.071 +01:00 [Information] Request starting HTTP/2 GET https://localhost:7290/lib/jquery-validation-unobtrusive/jquery.validate.unobtrusive.js - -
2023-11-10 20:46:56.078 +01:00 [Information] Request starting HTTP/2 GET https://localhost:7290/_framework/aspnetcore-browser-refresh.js - -
2023-11-10 20:46:56.079 +01:00 [Information] Request finished HTTP/2 GET https://localhost:7290/_framework/aspnetcore-browser-refresh.js - - - 200 12342 application/javascript;+charset=utf-8 2.0001ms
2023-11-10 20:46:56.147 +01:00 [Information] Request starting HTTP/2 GET https://localhost:7290/_vs/browserLink - -
2023-11-10 20:46:56.152 +01:00 [Information] The file "/lib/jquery-validate/jquery.validate.js" was not modified
2023-11-10 20:46:56.152 +01:00 [Information] The file "/lib/jquery-validation-unobtrusive/jquery.validate.unobtrusive.js" was not modified
2023-11-10 20:46:56.153 +01:00 [Information] Request finished HTTP/2 GET https://localhost:7290/lib/jquery-validation-unobtrusive/jquery.validate.unobtrusive.js - - - 304 - application/javascript 81.5871ms
2023-11-10 20:46:56.153 +01:00 [Information] Request finished HTTP/2 GET https://localhost:7290/lib/jquery-validate/jquery.validate.js - - - 304 - application/javascript 83.2154ms
2023-11-10 20:46:56.164 +01:00 [Information] Request finished HTTP/2 GET https://localhost:7290/_vs/browserLink - - - 200 - text/javascript;+charset=UTF-8 16.9754ms
2023-11-10 20:46:57.826 +01:00 [Information] Request starting HTTP/2 POST https://localhost:7290/Identity/Account/Login application/x-www-form-urlencoded 253
2023-11-10 20:46:57.851 +01:00 [Information] Executing endpoint '"/Account/Login"'
2023-11-10 20:46:57.851 +01:00 [Information] Route matched with "{page = \"/Account/Login\", area = \"Identity\", action = \"\", controller = \"\"}". Executing page "/Account/Login"
2023-11-10 20:46:57.950 +01:00 [Information] Executing handler method "Microsoft.AspNetCore.Identity.UI.V5.Pages.Account.Internal.LoginModel.OnPostAsync" - ModelState is Valid
2023-11-10 20:46:58.024 +01:00 [Information] Entity Framework Core "6.0.23" initialized '"ApplicationDbContext"' using provider '"Microsoft.EntityFrameworkCore.Sqlite":"6.0.23"' with options: "None"
2023-11-10 20:46:59.002 +01:00 [Information] AuthenticationScheme: "Identity.Application" signed in.
2023-11-10 20:46:59.004 +01:00 [Information] User logged in.
2023-11-10 20:46:59.008 +01:00 [Information] Executed handler method "OnPostAsync", returned result "Microsoft.AspNetCore.Mvc.LocalRedirectResult".
2023-11-10 20:46:59.010 +01:00 [Information] Executing LocalRedirectResult, redirecting to "/".
2023-11-10 20:46:59.011 +01:00 [Information] Executed page "/Account/Login" in 1158.9752ms
2023-11-10 20:46:59.011 +01:00 [Information] Executed endpoint '"/Account/Login"'
2023-11-10 20:46:59.012 +01:00 [Information] Request finished HTTP/2 POST https://localhost:7290/Identity/Account/Login application/x-www-form-urlencoded 253 - 302 0 - 1186.6189ms
2023-11-10 20:46:59.027 +01:00 [Information] Request starting HTTP/2 GET https://localhost:7290/ - -
2023-11-10 20:46:59.044 +01:00 [Information] Executing endpoint '"Forum.Controllers.HomeController.Index (Forum)"'
2023-11-10 20:46:59.044 +01:00 [Information] Route matched with "{action = \"Index\", controller = \"Home\", page = \"\", area = \"\"}". Executing controller action with signature "Microsoft.AspNetCore.Mvc.IActionResult Index()" on controller "Forum.Controllers.HomeController" ("Forum").
2023-11-10 20:46:59.045 +01:00 [Information] Executing ViewResult, running view "Index".
2023-11-10 20:46:59.083 +01:00 [Information] Executed ViewResult - view "Index" executed in 38.4689ms.
2023-11-10 20:46:59.084 +01:00 [Information] Executed action "Forum.Controllers.HomeController.Index (Forum)" in 39.1714ms
2023-11-10 20:46:59.084 +01:00 [Information] Executed endpoint '"Forum.Controllers.HomeController.Index (Forum)"'
2023-11-10 20:46:59.091 +01:00 [Information] Request finished HTTP/2 GET https://localhost:7290/ - - - 200 - text/html;+charset=utf-8 64.3351ms
2023-11-10 20:46:59.231 +01:00 [Information] Request starting HTTP/2 GET https://localhost:7290/_framework/aspnetcore-browser-refresh.js - -
2023-11-10 20:46:59.232 +01:00 [Information] Request finished HTTP/2 GET https://localhost:7290/_framework/aspnetcore-browser-refresh.js - - - 200 12342 application/javascript;+charset=utf-8 1.4451ms
2023-11-10 20:46:59.236 +01:00 [Information] Request starting HTTP/2 GET https://localhost:7290/_vs/browserLink - -
2023-11-10 20:46:59.259 +01:00 [Information] Request finished HTTP/2 GET https://localhost:7290/_vs/browserLink - - - 200 - text/javascript;+charset=UTF-8 22.5228ms
2023-11-10 20:47:02.464 +01:00 [Information] Request starting HTTP/2 GET https://localhost:7290/Questions/Create - -
2023-11-10 20:47:02.500 +01:00 [Information] Executing endpoint '"Forum.Controllers.QuestionsController.Create (Forum)"'
2023-11-10 20:47:02.503 +01:00 [Information] Route matched with "{action = \"Create\", controller = \"Questions\", page = \"\", area = \"\"}". Executing controller action with signature "Microsoft.AspNetCore.Mvc.IActionResult Create()" on controller "Forum.Controllers.QuestionsController" ("Forum").
2023-11-10 20:47:02.506 +01:00 [Information] Executing ViewResult, running view "Create".
2023-11-10 20:47:02.604 +01:00 [Information] Executed ViewResult - view "Create" executed in 100.0875ms.
2023-11-10 20:47:02.605 +01:00 [Information] Executed action "Forum.Controllers.QuestionsController.Create (Forum)" in 101.4956ms
2023-11-10 20:47:02.606 +01:00 [Information] Executed endpoint '"Forum.Controllers.QuestionsController.Create (Forum)"'
2023-11-10 20:47:02.624 +01:00 [Information] Request finished HTTP/2 GET https://localhost:7290/Questions/Create - - - 200 - text/html;+charset=utf-8 160.1269ms
2023-11-10 20:47:02.665 +01:00 [Information] Request starting HTTP/2 GET https://localhost:7290/_framework/aspnetcore-browser-refresh.js - -
2023-11-10 20:47:02.666 +01:00 [Information] Request finished HTTP/2 GET https://localhost:7290/_framework/aspnetcore-browser-refresh.js - - - 200 12342 application/javascript;+charset=utf-8 1.4990ms
2023-11-10 20:47:02.752 +01:00 [Information] Request starting HTTP/2 GET https://localhost:7290/_vs/browserLink - -
2023-11-10 20:47:02.772 +01:00 [Information] Request finished HTTP/2 GET https://localhost:7290/_vs/browserLink - - - 200 - text/javascript;+charset=UTF-8 19.5427ms
2023-11-10 20:47:22.991 +01:00 [Information] Request starting HTTP/2 GET https://localhost:7290/Questions - -
2023-11-10 20:47:23.003 +01:00 [Information] Executing endpoint '"Forum.Controllers.QuestionsController.Index (Forum)"'
2023-11-10 20:47:23.004 +01:00 [Information] Route matched with "{action = \"Index\", controller = \"Questions\", page = \"\", area = \"\"}". Executing controller action with signature "System.Threading.Tasks.Task`1[Microsoft.AspNetCore.Mvc.IActionResult] Index()" on controller "Forum.Controllers.QuestionsController" ("Forum").
2023-11-10 20:47:23.185 +01:00 [Information] Entity Framework Core "6.0.23" initialized '"ApplicationDbContext"' using provider '"Microsoft.EntityFrameworkCore.Sqlite":"6.0.23"' with options: "None"
2023-11-10 20:47:23.208 +01:00 [Information] Executing ViewResult, running view "Index".
2023-11-10 20:47:23.239 +01:00 [Information] Executed ViewResult - view "Index" executed in 30.9078ms.
2023-11-10 20:47:23.239 +01:00 [Information] Executed action "Forum.Controllers.QuestionsController.Index (Forum)" in 235.0634ms
2023-11-10 20:47:23.239 +01:00 [Information] Executed endpoint '"Forum.Controllers.QuestionsController.Index (Forum)"'
2023-11-10 20:47:23.246 +01:00 [Information] Request finished HTTP/2 GET https://localhost:7290/Questions - - - 200 - text/html;+charset=utf-8 257.4967ms
2023-11-10 20:47:23.321 +01:00 [Information] Request starting HTTP/2 GET https://localhost:7290/_framework/aspnetcore-browser-refresh.js - -
2023-11-10 20:47:23.322 +01:00 [Information] Request starting HTTP/2 GET https://localhost:7290/_vs/browserLink - -
2023-11-10 20:47:23.323 +01:00 [Information] Request finished HTTP/2 GET https://localhost:7290/_framework/aspnetcore-browser-refresh.js - - - 200 12342 application/javascript;+charset=utf-8 2.3246ms
2023-11-10 20:47:23.336 +01:00 [Information] Request finished HTTP/2 GET https://localhost:7290/_vs/browserLink - - - 200 - text/javascript;+charset=UTF-8 16.0102ms
