2023-11-10 18:20:57.866 +01:00 [Information] User profile is available. Using '"C:\Users\nacig\AppData\Local\ASP.NET\DataProtection-Keys"' as key repository and Windows DPAPI to encrypt keys at rest.
2023-11-10 18:21:04.986 +01:00 [Information] Now listening on: "https://localhost:7290"
2023-11-10 18:21:04.992 +01:00 [Information] Now listening on: "http://localhost:5152"
2023-11-10 18:21:05.035 +01:00 [Information] Application started. Press Ctrl+C to shut down.
2023-11-10 18:21:05.044 +01:00 [Information] Hosting environment: "Development"
2023-11-10 18:21:05.052 +01:00 [Information] Content root path: "C:\Users\nacig\Desktop\ASPNET\Forum\Forum\"
2023-11-10 18:21:19.385 +01:00 [Information] Request starting HTTP/2 GET https://localhost:7290/ - -
2023-11-10 18:21:20.065 +01:00 [Information] Executing endpoint '"Forum.Controllers.HomeController.Index (Forum)"'
2023-11-10 18:21:21.140 +01:00 [Information] Route matched with "{action = \"Index\", controller = \"Home\", page = \"\", area = \"\"}". Executing controller action with signature "Microsoft.AspNetCore.Mvc.IActionResult Index()" on controller "Forum.Controllers.HomeController" ("Forum").
2023-11-10 18:21:21.210 +01:00 [Information] Executing ViewResult, running view "Index".
2023-11-10 18:21:25.644 +01:00 [Information] Executed ViewResult - view "Index" executed in 4444.0575ms.
2023-11-10 18:21:25.675 +01:00 [Information] Executed action "Forum.Controllers.HomeController.Index (Forum)" in 4531.8754ms
2023-11-10 18:21:25.680 +01:00 [Information] Executed endpoint '"Forum.Controllers.HomeController.Index (Forum)"'
2023-11-10 18:21:25.945 +01:00 [Information] Request starting HTTP/2 GET https://localhost:7290/css/site.css?v=xb4QVjUfIwH3AAdWsQq0Z8PTgD-LybR3L14bbNR4Xc0 - -
2023-11-10 18:21:25.947 +01:00 [Information] Request starting HTTP/2 GET https://localhost:7290/images/frm2.jpg - -
2023-11-10 18:21:25.948 +01:00 [Information] Request starting HTTP/2 GET https://localhost:7290/Forum.styles.css?v=WLrVMYiZoeVtYvtsR1KO9jHv7jJpDgGkNNRPzibFmBk - -
2023-11-10 18:21:25.948 +01:00 [Information] Request starting HTTP/2 GET https://localhost:7290/images/frm1.jpg - -
2023-11-10 18:21:25.950 +01:00 [Information] Request starting HTTP/2 GET https://localhost:7290/lib/bootstrap/dist/css/bootstrap.min.css - -
2023-11-10 18:21:25.970 +01:00 [Information] Request finished HTTP/2 GET https://localhost:7290/ - - - 200 - text/html;+charset=utf-8 6608.6406ms
2023-11-10 18:21:26.046 +01:00 [Information] The file "/images/frm2.jpg" was not modified
2023-11-10 18:21:26.046 +01:00 [Information] The file "/images/frm1.jpg" was not modified
2023-11-10 18:21:26.046 +01:00 [Information] The file "/css/site.css" was not modified
2023-11-10 18:21:26.046 +01:00 [Information] The file "/lib/bootstrap/dist/css/bootstrap.min.css" was not modified
2023-11-10 18:21:26.047 +01:00 [Information] The file "/Forum.styles.css" was not modified
2023-11-10 18:21:26.050 +01:00 [Information] Request finished HTTP/2 GET https://localhost:7290/css/site.css?v=xb4QVjUfIwH3AAdWsQq0Z8PTgD-LybR3L14bbNR4Xc0 - - - 304 - text/css 104.3953ms
2023-11-10 18:21:26.050 +01:00 [Information] Request finished HTTP/2 GET https://localhost:7290/images/frm2.jpg - - - 304 - image/jpeg 102.4304ms
2023-11-10 18:21:26.050 +01:00 [Information] Request finished HTTP/2 GET https://localhost:7290/lib/bootstrap/dist/css/bootstrap.min.css - - - 304 - text/css 100.3274ms
2023-11-10 18:21:26.050 +01:00 [Information] Request finished HTTP/2 GET https://localhost:7290/images/frm1.jpg - - - 304 - image/jpeg 101.5940ms
2023-11-10 18:21:26.050 +01:00 [Information] Request finished HTTP/2 GET https://localhost:7290/Forum.styles.css?v=WLrVMYiZoeVtYvtsR1KO9jHv7jJpDgGkNNRPzibFmBk - - - 304 - text/css 104.2969ms
2023-11-10 18:21:26.289 +01:00 [Information] Request starting HTTP/2 GET https://localhost:7290/_framework/aspnetcore-browser-refresh.js - -
2023-11-10 18:21:26.290 +01:00 [Information] Request starting HTTP/2 GET https://localhost:7290/images/ans3.jpg - -
2023-11-10 18:21:26.291 +01:00 [Information] Request starting HTTP/2 GET https://localhost:7290/images/ans2.jpg - -
2023-11-10 18:21:26.293 +01:00 [Information] Request starting HTTP/2 GET https://localhost:7290/js/site.js?v=4q1jwFhaPaZgr8WAUSrux6hAuh0XDg9kPS3xIVq36I0 - -
2023-11-10 18:21:26.293 +01:00 [Information] The file "/images/ans3.jpg" was not modified
2023-11-10 18:21:26.293 +01:00 [Information] Request starting HTTP/2 GET https://localhost:7290/lib/bootstrap/dist/js/bootstrap.bundle.min.js - -
2023-11-10 18:21:26.294 +01:00 [Information] Request finished HTTP/2 GET https://localhost:7290/images/ans3.jpg - - - 304 - image/jpeg 4.6656ms
2023-11-10 18:21:26.294 +01:00 [Information] Request starting HTTP/2 GET https://localhost:7290/_vs/browserLink - -
2023-11-10 18:21:26.294 +01:00 [Information] The file "/js/site.js" was not modified
2023-11-10 18:21:26.293 +01:00 [Information] Request starting HTTP/2 GET https://localhost:7290/images/ans1.jpg - -
2023-11-10 18:21:26.295 +01:00 [Information] Request starting HTTP/2 GET https://localhost:7290/lib/jquery/dist/jquery.min.js - -
2023-11-10 18:21:26.296 +01:00 [Information] The file "/images/ans1.jpg" was not modified
2023-11-10 18:21:26.296 +01:00 [Information] Request finished HTTP/2 GET https://localhost:7290/images/ans1.jpg - - - 304 - image/jpeg 8.6407ms
2023-11-10 18:21:26.299 +01:00 [Information] The file "/lib/jquery/dist/jquery.min.js" was not modified
2023-11-10 18:21:26.299 +01:00 [Information] Request finished HTTP/2 GET https://localhost:7290/lib/jquery/dist/jquery.min.js - - - 304 - application/javascript 13.0459ms
2023-11-10 18:21:26.300 +01:00 [Information] The file "/lib/bootstrap/dist/js/bootstrap.bundle.min.js" was not modified
2023-11-10 18:21:26.303 +01:00 [Information] The file "/images/ans2.jpg" was not modified
2023-11-10 18:21:26.305 +01:00 [Information] Request finished HTTP/2 GET https://localhost:7290/js/site.js?v=4q1jwFhaPaZgr8WAUSrux6hAuh0XDg9kPS3xIVq36I0 - - - 304 - application/javascript 12.6440ms
2023-11-10 18:21:26.305 +01:00 [Information] Request finished HTTP/2 GET https://localhost:7290/lib/bootstrap/dist/js/bootstrap.bundle.min.js - - - 304 - application/javascript 11.1348ms
2023-11-10 18:21:26.306 +01:00 [Information] Request finished HTTP/2 GET https://localhost:7290/images/ans2.jpg - - - 304 - image/jpeg 13.3750ms
2023-11-10 18:21:26.334 +01:00 [Information] Request finished HTTP/2 GET https://localhost:7290/_framework/aspnetcore-browser-refresh.js - - - 200 12342 application/javascript;+charset=utf-8 45.2755ms
2023-11-10 18:21:26.474 +01:00 [Information] Request finished HTTP/2 GET https://localhost:7290/_vs/browserLink - - - 200 - text/javascript;+charset=UTF-8 179.6119ms
2023-11-10 18:21:29.401 +01:00 [Information] Request starting HTTP/2 GET https://localhost:7290/favicon.ico - -
2023-11-10 18:21:29.451 +01:00 [Information] Sending file. Request path: '"/favicon.ico"'. Physical path: '"C:\Users\nacig\Desktop\ASPNET\Forum\Forum\wwwroot\favicon.ico"'
2023-11-10 18:21:29.452 +01:00 [Information] Request finished HTTP/2 GET https://localhost:7290/favicon.ico - - - 200 5430 image/x-icon 50.4284ms
2023-11-10 18:21:52.552 +01:00 [Information] Request starting HTTP/2 GET https://localhost:7290/Questions - -
2023-11-10 18:21:52.659 +01:00 [Information] Executing endpoint '"Forum.Controllers.QuestionsController.Index (Forum)"'
2023-11-10 18:21:52.737 +01:00 [Information] Route matched with "{action = \"Index\", controller = \"Questions\", page = \"\", area = \"\"}". Executing controller action with signature "System.Threading.Tasks.Task`1[Microsoft.AspNetCore.Mvc.IActionResult] Index()" on controller "Forum.Controllers.QuestionsController" ("Forum").
2023-11-10 18:21:57.141 +01:00 [Information] Entity Framework Core "6.0.23" initialized '"ApplicationDbContext"' using provider '"Microsoft.EntityFrameworkCore.Sqlite":"6.0.23"' with options: "None"
2023-11-10 18:22:02.791 +01:00 [Information] Executing ViewResult, running view "Index".
2023-11-10 18:22:03.027 +01:00 [Information] Executed ViewResult - view "Index" executed in 241.3137ms.
2023-11-10 18:22:03.027 +01:00 [Information] Executed action "Forum.Controllers.QuestionsController.Index (Forum)" in 10290.0528ms
2023-11-10 18:22:03.028 +01:00 [Information] Executed endpoint '"Forum.Controllers.QuestionsController.Index (Forum)"'
2023-11-10 18:22:03.301 +01:00 [Information] Request starting HTTP/2 GET https://localhost:7290/_framework/aspnetcore-browser-refresh.js - -
2023-11-10 18:22:03.302 +01:00 [Information] Request finished HTTP/2 GET https://localhost:7290/_framework/aspnetcore-browser-refresh.js - - - 200 12342 application/javascript;+charset=utf-8 1.0625ms
2023-11-10 18:22:03.323 +01:00 [Information] Request finished HTTP/2 GET https://localhost:7290/Questions - - - 200 - text/html;+charset=utf-8 10771.0344ms
2023-11-10 18:22:03.371 +01:00 [Information] Request starting HTTP/2 GET https://localhost:7290/_vs/browserLink - -
2023-11-10 18:22:03.396 +01:00 [Information] Request finished HTTP/2 GET https://localhost:7290/_vs/browserLink - - - 200 - text/javascript;+charset=UTF-8 25.4570ms
2023-11-10 18:22:26.706 +01:00 [Information] Request starting HTTP/2 GET https://localhost:7290/Questions/Create - -
2023-11-10 18:22:26.764 +01:00 [Information] Authorization failed. "These requirements were not met:
DenyAnonymousAuthorizationRequirement: Requires an authenticated user."
2023-11-10 18:22:26.781 +01:00 [Information] AuthenticationScheme: "Identity.Application" was challenged.
2023-11-10 18:22:26.783 +01:00 [Information] Request finished HTTP/2 GET https://localhost:7290/Questions/Create - - - 302 0 - 77.1725ms
2023-11-10 18:22:26.800 +01:00 [Information] Request starting HTTP/2 GET https://localhost:7290/Identity/Account/Login?ReturnUrl=%2FQuestions%2FCreate - -
2023-11-10 18:22:26.803 +01:00 [Information] Executing endpoint '"/Account/Login"'
2023-11-10 18:22:26.895 +01:00 [Information] Route matched with "{page = \"/Account/Login\", area = \"Identity\", action = \"\", controller = \"\"}". Executing page "/Account/Login"
2023-11-10 18:22:27.057 +01:00 [Information] Executing handler method "Microsoft.AspNetCore.Identity.UI.V5.Pages.Account.Internal.LoginModel.OnGetAsync" - ModelState is Valid
2023-11-10 18:22:27.101 +01:00 [Information] AuthenticationScheme: "Identity.External" signed out.
2023-11-10 18:22:27.108 +01:00 [Information] Executed handler method "OnGetAsync", returned result "".
2023-11-10 18:22:27.133 +01:00 [Information] Executing an implicit handler method - ModelState is Valid
2023-11-10 18:22:27.134 +01:00 [Information] Executed an implicit handler method, returned result "Microsoft.AspNetCore.Mvc.RazorPages.PageResult".
2023-11-10 18:22:27.568 +01:00 [Information] Executed page "/Account/Login" in 671.5109ms
2023-11-10 18:22:27.568 +01:00 [Information] Executed endpoint '"/Account/Login"'
2023-11-10 18:22:27.576 +01:00 [Information] Request finished HTTP/2 GET https://localhost:7290/Identity/Account/Login?ReturnUrl=%2FQuestions%2FCreate - - - 200 - text/html;+charset=utf-8 776.9823ms
2023-11-10 18:22:27.624 +01:00 [Information] Request starting HTTP/2 GET https://localhost:7290/_framework/aspnetcore-browser-refresh.js - -
2023-11-10 18:22:27.624 +01:00 [Information] Request starting HTTP/2 GET https://localhost:7290/Identity/lib/jquery-validation/dist/jquery.validate.js - -
2023-11-10 18:22:27.625 +01:00 [Information] Request starting HTTP/2 GET https://localhost:7290/Identity/lib/jquery-validation-unobtrusive/jquery.validate.unobtrusive.js - -
2023-11-10 18:22:27.625 +01:00 [Information] Request finished HTTP/2 GET https://localhost:7290/_framework/aspnetcore-browser-refresh.js - - - 200 12342 application/javascript;+charset=utf-8 1.8149ms
2023-11-10 18:22:27.629 +01:00 [Information] The file "/Identity/lib/jquery-validation-unobtrusive/jquery.validate.unobtrusive.js" was not modified
2023-11-10 18:22:27.629 +01:00 [Information] Request finished HTTP/2 GET https://localhost:7290/Identity/lib/jquery-validation-unobtrusive/jquery.validate.unobtrusive.js - - - 304 - application/javascript 4.9045ms
2023-11-10 18:22:27.630 +01:00 [Information] The file "/Identity/lib/jquery-validation/dist/jquery.validate.js" was not modified
2023-11-10 18:22:27.630 +01:00 [Information] Request finished HTTP/2 GET https://localhost:7290/Identity/lib/jquery-validation/dist/jquery.validate.js - - - 304 - application/javascript 6.2488ms
2023-11-10 18:22:27.690 +01:00 [Information] Request starting HTTP/2 GET https://localhost:7290/_vs/browserLink - -
2023-11-10 18:22:27.705 +01:00 [Information] Request finished HTTP/2 GET https://localhost:7290/_vs/browserLink - - - 200 - text/javascript;+charset=UTF-8 14.7633ms
2023-11-10 18:22:30.601 +01:00 [Information] Request starting HTTP/2 POST https://localhost:7290/Identity/Account/Login?ReturnUrl=%2FQuestions%2FCreate application/x-www-form-urlencoded 253
2023-11-10 18:22:30.630 +01:00 [Information] Executing endpoint '"/Account/Login"'
2023-11-10 18:22:30.631 +01:00 [Information] Route matched with "{page = \"/Account/Login\", area = \"Identity\", action = \"\", controller = \"\"}". Executing page "/Account/Login"
2023-11-10 18:22:30.739 +01:00 [Information] Executing handler method "Microsoft.AspNetCore.Identity.UI.V5.Pages.Account.Internal.LoginModel.OnPostAsync" - ModelState is Valid
2023-11-10 18:22:31.072 +01:00 [Information] Entity Framework Core "6.0.23" initialized '"ApplicationDbContext"' using provider '"Microsoft.EntityFrameworkCore.Sqlite":"6.0.23"' with options: "None"
2023-11-10 18:22:31.784 +01:00 [Information] AuthenticationScheme: "Identity.Application" signed in.
2023-11-10 18:22:31.786 +01:00 [Information] User logged in.
2023-11-10 18:22:31.793 +01:00 [Information] Executed handler method "OnPostAsync", returned result "Microsoft.AspNetCore.Mvc.LocalRedirectResult".
2023-11-10 18:22:31.795 +01:00 [Information] Executing LocalRedirectResult, redirecting to "/Questions/Create".
2023-11-10 18:22:31.796 +01:00 [Information] Executed page "/Account/Login" in 1164.5871ms
2023-11-10 18:22:31.796 +01:00 [Information] Executed endpoint '"/Account/Login"'
2023-11-10 18:22:31.797 +01:00 [Information] Request finished HTTP/2 POST https://localhost:7290/Identity/Account/Login?ReturnUrl=%2FQuestions%2FCreate application/x-www-form-urlencoded 253 - 302 0 - 1195.7676ms
2023-11-10 18:22:31.813 +01:00 [Information] Request starting HTTP/2 GET https://localhost:7290/Questions/Create - -
2023-11-10 18:22:31.838 +01:00 [Information] Executing endpoint '"Forum.Controllers.QuestionsController.Create (Forum)"'
2023-11-10 18:22:31.842 +01:00 [Information] Route matched with "{action = \"Create\", controller = \"Questions\", page = \"\", area = \"\"}". Executing controller action with signature "Microsoft.AspNetCore.Mvc.IActionResult Create()" on controller "Forum.Controllers.QuestionsController" ("Forum").
2023-11-10 18:22:31.845 +01:00 [Information] Executing ViewResult, running view "Create".
2023-11-10 18:22:32.002 +01:00 [Information] Executed ViewResult - view "Create" executed in 159.1835ms.
2023-11-10 18:22:32.003 +01:00 [Information] Executed action "Forum.Controllers.QuestionsController.Create (Forum)" in 160.5547ms
2023-11-10 18:22:32.003 +01:00 [Information] Executed endpoint '"Forum.Controllers.QuestionsController.Create (Forum)"'
2023-11-10 18:22:32.018 +01:00 [Information] Request finished HTTP/2 GET https://localhost:7290/Questions/Create - - - 200 - text/html;+charset=utf-8 205.8824ms
2023-11-10 18:22:32.056 +01:00 [Information] Request starting HTTP/2 GET https://localhost:7290/_framework/aspnetcore-browser-refresh.js - -
2023-11-10 18:22:32.057 +01:00 [Information] Request finished HTTP/2 GET https://localhost:7290/_framework/aspnetcore-browser-refresh.js - - - 200 12342 application/javascript;+charset=utf-8 1.4512ms
2023-11-10 18:22:32.061 +01:00 [Information] Request starting HTTP/2 GET https://localhost:7290/lib/jquery-validation/dist/jquery.validate.min.js - -
2023-11-10 18:22:32.061 +01:00 [Information] Request starting HTTP/2 GET https://localhost:7290/lib/jquery-validation-unobtrusive/jquery.validate.unobtrusive.min.js - -
2023-11-10 18:22:32.234 +01:00 [Information] Request starting HTTP/2 GET https://localhost:7290/_vs/browserLink - -
2023-11-10 18:22:32.235 +01:00 [Information] The file "/lib/jquery-validation/dist/jquery.validate.min.js" was not modified
2023-11-10 18:22:32.307 +01:00 [Information] Request finished HTTP/2 GET https://localhost:7290/lib/jquery-validation/dist/jquery.validate.min.js - - - 304 - application/javascript 246.5305ms
2023-11-10 18:22:32.311 +01:00 [Information] The file "/lib/jquery-validation-unobtrusive/jquery.validate.unobtrusive.min.js" was not modified
2023-11-10 18:22:32.350 +01:00 [Information] Request finished HTTP/2 GET https://localhost:7290/lib/jquery-validation-unobtrusive/jquery.validate.unobtrusive.min.js - - - 304 - application/javascript 289.7669ms
2023-11-10 18:22:32.370 +01:00 [Information] Request finished HTTP/2 GET https://localhost:7290/_vs/browserLink - - - 200 - text/javascript;+charset=UTF-8 136.2593ms
2023-11-10 18:22:52.234 +01:00 [Information] Request starting HTTP/2 POST https://localhost:7290/Questions/Create application/x-www-form-urlencoded 308
2023-11-10 18:22:52.242 +01:00 [Information] Executing endpoint '"Forum.Controllers.QuestionsController.Create (Forum)"'
2023-11-10 18:22:52.287 +01:00 [Information] Route matched with "{action = \"Create\", controller = \"Questions\", page = \"\", area = \"\"}". Executing controller action with signature "System.Threading.Tasks.Task`1[Microsoft.AspNetCore.Mvc.IActionResult] Create(Forum.Models.Question)" on controller "Forum.Controllers.QuestionsController" ("Forum").
2023-11-10 18:22:52.551 +01:00 [Information] Entity Framework Core "6.0.23" initialized '"ApplicationDbContext"' using provider '"Microsoft.EntityFrameworkCore.Sqlite":"6.0.23"' with options: "None"
2023-11-10 18:22:53.538 +01:00 [Information] Executing RedirectResult, redirecting to "/Questions".
2023-11-10 18:22:53.539 +01:00 [Information] Executed action "Forum.Controllers.QuestionsController.Create (Forum)" in 1251.6717ms
2023-11-10 18:22:53.539 +01:00 [Information] Executed endpoint '"Forum.Controllers.QuestionsController.Create (Forum)"'
2023-11-10 18:22:53.540 +01:00 [Information] Request finished HTTP/2 POST https://localhost:7290/Questions/Create application/x-www-form-urlencoded 308 - 302 0 - 1306.2495ms
2023-11-10 18:22:53.554 +01:00 [Information] Request starting HTTP/2 GET https://localhost:7290/Questions - -
2023-11-10 18:22:53.560 +01:00 [Information] Executing endpoint '"Forum.Controllers.QuestionsController.Index (Forum)"'
2023-11-10 18:22:53.561 +01:00 [Information] Route matched with "{action = \"Index\", controller = \"Questions\", page = \"\", area = \"\"}". Executing controller action with signature "System.Threading.Tasks.Task`1[Microsoft.AspNetCore.Mvc.IActionResult] Index()" on controller "Forum.Controllers.QuestionsController" ("Forum").
2023-11-10 18:22:53.577 +01:00 [Information] Entity Framework Core "6.0.23" initialized '"ApplicationDbContext"' using provider '"Microsoft.EntityFrameworkCore.Sqlite":"6.0.23"' with options: "None"
2023-11-10 18:22:53.607 +01:00 [Information] Executing ViewResult, running view "Index".
2023-11-10 18:22:53.643 +01:00 [Information] Executed ViewResult - view "Index" executed in 35.1384ms.
2023-11-10 18:22:53.643 +01:00 [Information] Executed action "Forum.Controllers.QuestionsController.Index (Forum)" in 82.1962ms
2023-11-10 18:22:53.643 +01:00 [Information] Executed endpoint '"Forum.Controllers.QuestionsController.Index (Forum)"'
2023-11-10 18:22:53.653 +01:00 [Information] Request finished HTTP/2 GET https://localhost:7290/Questions - - - 200 - text/html;+charset=utf-8 99.8920ms
2023-11-10 18:22:53.687 +01:00 [Information] Request starting HTTP/2 GET https://localhost:7290/_framework/aspnetcore-browser-refresh.js - -
2023-11-10 18:22:53.688 +01:00 [Information] Request starting HTTP/2 GET https://localhost:7290/_vs/browserLink - -
2023-11-10 18:22:53.688 +01:00 [Information] Request finished HTTP/2 GET https://localhost:7290/_framework/aspnetcore-browser-refresh.js - - - 200 12342 application/javascript;+charset=utf-8 1.8697ms
2023-11-10 18:22:53.721 +01:00 [Information] Request finished HTTP/2 GET https://localhost:7290/_vs/browserLink - - - 200 - text/javascript;+charset=UTF-8 33.0507ms
