2023-10-31 00:27:42.748 +01:00 [Information] User profile is available. Using '"C:\Users\harun\AppData\Local\ASP.NET\DataProtection-Keys"' as key repository and Windows DPAPI to encrypt keys at rest.
2023-10-31 00:27:42.943 +01:00 [Information] Now listening on: "https://localhost:7290"
2023-10-31 00:27:42.943 +01:00 [Information] Now listening on: "http://localhost:5152"
2023-10-31 00:27:42.947 +01:00 [Information] Application started. Press Ctrl+C to shut down.
2023-10-31 00:27:42.947 +01:00 [Information] Hosting environment: "Development"
2023-10-31 00:27:42.947 +01:00 [Information] Content root path: "C:\Users\harun\OneDrive\Masaüstü\Forum\Forum\"
2023-10-31 00:27:43.268 +01:00 [Information] Request starting HTTP/2 GET https://localhost:7290/Questions - -
2023-10-31 00:27:43.325 +01:00 [Information] Executing endpoint '"Forum.Controllers.QuestionsController.Index (Forum)"'
2023-10-31 00:27:43.355 +01:00 [Information] Route matched with "{action = \"Index\", controller = \"Questions\", page = \"\", area = \"\"}". Executing controller action with signature "System.Threading.Tasks.Task`1[Microsoft.AspNetCore.Mvc.IActionResult] Index()" on controller "Forum.Controllers.QuestionsController" ("Forum").
2023-10-31 00:27:44.216 +01:00 [Information] Entity Framework Core "6.0.23" initialized '"ApplicationDbContext"' using provider '"Microsoft.EntityFrameworkCore.SqlServer":"6.0.23"' with options: "None"
2023-10-31 00:27:44.957 +01:00 [Information] Executing ViewResult, running view "Index".
2023-10-31 00:27:45.094 +01:00 [Information] Executed ViewResult - view "Index" executed in 134.9311ms.
2023-10-31 00:27:45.096 +01:00 [Information] Executed action "Forum.Controllers.QuestionsController.Index (Forum)" in 1740.655ms
2023-10-31 00:27:45.096 +01:00 [Information] Executed endpoint '"Forum.Controllers.QuestionsController.Index (Forum)"'
2023-10-31 00:27:45.111 +01:00 [Information] Request starting HTTP/2 GET https://localhost:7290/lib/jquery/dist/jquery.min.js - -
2023-10-31 00:27:45.111 +01:00 [Information] Request starting HTTP/2 GET https://localhost:7290/lib/bootstrap/dist/css/bootstrap.min.css - -
2023-10-31 00:27:45.111 +01:00 [Information] Request starting HTTP/2 GET https://localhost:7290/css/site.css?v=xb4QVjUfIwH3AAdWsQq0Z8PTgD-LybR3L14bbNR4Xc0 - -
2023-10-31 00:27:45.113 +01:00 [Information] Request finished HTTP/2 GET https://localhost:7290/Questions - - - 200 - text/html;+charset=utf-8 1848.6203ms
2023-10-31 00:27:45.115 +01:00 [Information] The file "/lib/jquery/dist/jquery.min.js" was not modified
2023-10-31 00:27:45.115 +01:00 [Information] The file "/css/site.css" was not modified
2023-10-31 00:27:45.115 +01:00 [Information] The file "/lib/bootstrap/dist/css/bootstrap.min.css" was not modified
2023-10-31 00:27:45.115 +01:00 [Information] Request finished HTTP/2 GET https://localhost:7290/css/site.css?v=xb4QVjUfIwH3AAdWsQq0Z8PTgD-LybR3L14bbNR4Xc0 - - - 304 - text/css 4.7422ms
2023-10-31 00:27:45.115 +01:00 [Information] Request finished HTTP/2 GET https://localhost:7290/lib/jquery/dist/jquery.min.js - - - 304 - application/javascript 4.7425ms
2023-10-31 00:27:45.115 +01:00 [Information] Request finished HTTP/2 GET https://localhost:7290/lib/bootstrap/dist/css/bootstrap.min.css - - - 304 - text/css 4.7435ms
2023-10-31 00:27:45.124 +01:00 [Information] Request starting HTTP/2 GET https://localhost:7290/_framework/aspnetcore-browser-refresh.js - -
2023-10-31 00:27:45.124 +01:00 [Information] Request starting HTTP/2 GET https://localhost:7290/lib/bootstrap/dist/js/bootstrap.bundle.min.js - -
2023-10-31 00:27:45.124 +01:00 [Information] Request starting HTTP/2 GET https://localhost:7290/js/site.js?v=4q1jwFhaPaZgr8WAUSrux6hAuh0XDg9kPS3xIVq36I0 - -
2023-10-31 00:27:45.125 +01:00 [Information] The file "/lib/bootstrap/dist/js/bootstrap.bundle.min.js" was not modified
2023-10-31 00:27:45.125 +01:00 [Information] The file "/js/site.js" was not modified
2023-10-31 00:27:45.125 +01:00 [Information] Request finished HTTP/2 GET https://localhost:7290/lib/bootstrap/dist/js/bootstrap.bundle.min.js - - - 304 - application/javascript 1.0551ms
2023-10-31 00:27:45.125 +01:00 [Information] Request finished HTTP/2 GET https://localhost:7290/js/site.js?v=4q1jwFhaPaZgr8WAUSrux6hAuh0XDg9kPS3xIVq36I0 - - - 304 - application/javascript 0.7141ms
2023-10-31 00:27:45.127 +01:00 [Information] Request finished HTTP/2 GET https://localhost:7290/_framework/aspnetcore-browser-refresh.js - - - 200 12342 application/javascript;+charset=utf-8 2.8192ms
2023-10-31 00:27:45.128 +01:00 [Information] Request starting HTTP/2 GET https://localhost:7290/_vs/browserLink - -
2023-10-31 00:27:45.138 +01:00 [Information] Request finished HTTP/2 GET https://localhost:7290/_vs/browserLink - - - 200 - text/javascript;+charset=UTF-8 9.6481ms
2023-10-31 00:27:45.187 +01:00 [Information] Request starting HTTP/2 GET https://localhost:7290/favicon.ico - -
2023-10-31 00:27:45.187 +01:00 [Information] The file "/favicon.ico" was not modified
2023-10-31 00:27:45.188 +01:00 [Information] Request finished HTTP/2 GET https://localhost:7290/favicon.ico - - - 304 - image/x-icon 0.7605ms
2023-10-31 00:28:00.580 +01:00 [Information] Request starting HTTP/2 GET https://localhost:7290/Identity/Account/Login - -
2023-10-31 00:28:00.585 +01:00 [Information] Executing endpoint '"/Account/Login"'
2023-10-31 00:28:00.632 +01:00 [Information] Route matched with "{page = \"/Account/Login\", area = \"Identity\", action = \"\", controller = \"\"}". Executing page "/Account/Login"
2023-10-31 00:28:00.652 +01:00 [Information] Executing handler method "Microsoft.AspNetCore.Identity.UI.V5.Pages.Account.Internal.LoginModel.OnGetAsync" - ModelState is Valid
2023-10-31 00:28:00.656 +01:00 [Information] AuthenticationScheme: "Identity.External" signed out.
2023-10-31 00:28:00.657 +01:00 [Information] Executed handler method "OnGetAsync", returned result "".
2023-10-31 00:28:00.661 +01:00 [Information] Executing an implicit handler method - ModelState is Valid
2023-10-31 00:28:00.662 +01:00 [Information] Executed an implicit handler method, returned result "Microsoft.AspNetCore.Mvc.RazorPages.PageResult".
2023-10-31 00:28:00.705 +01:00 [Information] Executed page "/Account/Login" in 72.0509ms
2023-10-31 00:28:00.705 +01:00 [Information] Executed endpoint '"/Account/Login"'
2023-10-31 00:28:00.707 +01:00 [Information] Request finished HTTP/2 GET https://localhost:7290/Identity/Account/Login - - - 200 - text/html;+charset=utf-8 126.2681ms
2023-10-31 00:28:00.719 +01:00 [Information] Request starting HTTP/2 GET https://localhost:7290/_framework/aspnetcore-browser-refresh.js - -
2023-10-31 00:28:00.719 +01:00 [Information] Request finished HTTP/2 GET https://localhost:7290/_framework/aspnetcore-browser-refresh.js - - - 200 12342 application/javascript;+charset=utf-8 0.3782ms
2023-10-31 00:28:00.723 +01:00 [Information] Request starting HTTP/2 GET https://localhost:7290/_vs/browserLink - -
2023-10-31 00:28:00.726 +01:00 [Information] Request finished HTTP/2 GET https://localhost:7290/_vs/browserLink - - - 200 - text/javascript;+charset=UTF-8 3.5163ms
2023-10-31 00:28:02.233 +01:00 [Information] Request starting HTTP/2 POST https://localhost:7290/Identity/Account/Login application/x-www-form-urlencoded 260
2023-10-31 00:28:02.244 +01:00 [Information] Executing endpoint '"/Account/Login"'
2023-10-31 00:28:02.245 +01:00 [Information] Route matched with "{page = \"/Account/Login\", area = \"Identity\", action = \"\", controller = \"\"}". Executing page "/Account/Login"
2023-10-31 00:28:02.289 +01:00 [Information] Executing handler method "Microsoft.AspNetCore.Identity.UI.V5.Pages.Account.Internal.LoginModel.OnPostAsync" - ModelState is Valid
2023-10-31 00:28:02.299 +01:00 [Information] Entity Framework Core "6.0.23" initialized '"ApplicationDbContext"' using provider '"Microsoft.EntityFrameworkCore.SqlServer":"6.0.23"' with options: "None"
2023-10-31 00:28:02.467 +01:00 [Information] AuthenticationScheme: "Identity.Application" signed in.
2023-10-31 00:28:02.468 +01:00 [Information] User logged in.
2023-10-31 00:28:02.469 +01:00 [Information] Executed handler method "OnPostAsync", returned result "Microsoft.AspNetCore.Mvc.LocalRedirectResult".
2023-10-31 00:28:02.470 +01:00 [Information] Executing LocalRedirectResult, redirecting to "/".
2023-10-31 00:28:02.470 +01:00 [Information] Executed page "/Account/Login" in 224.9948ms
2023-10-31 00:28:02.470 +01:00 [Information] Executed endpoint '"/Account/Login"'
2023-10-31 00:28:02.471 +01:00 [Information] Request finished HTTP/2 POST https://localhost:7290/Identity/Account/Login application/x-www-form-urlencoded 260 - 302 0 - 237.2708ms
2023-10-31 00:28:02.475 +01:00 [Information] Request starting HTTP/2 GET https://localhost:7290/ - -
2023-10-31 00:28:02.478 +01:00 [Information] Executing endpoint '"Forum.Controllers.HomeController.Index (Forum)"'
2023-10-31 00:28:02.479 +01:00 [Information] Route matched with "{action = \"Index\", controller = \"Home\", page = \"\", area = \"\"}". Executing controller action with signature "Microsoft.AspNetCore.Mvc.IActionResult Index()" on controller "Forum.Controllers.HomeController" ("Forum").
2023-10-31 00:28:02.480 +01:00 [Information] Executing ViewResult, running view "Index".
2023-10-31 00:28:02.489 +01:00 [Information] Executed ViewResult - view "Index" executed in 9.3258ms.
2023-10-31 00:28:02.489 +01:00 [Information] Executed action "Forum.Controllers.HomeController.Index (Forum)" in 10.021ms
2023-10-31 00:28:02.489 +01:00 [Information] Executed endpoint '"Forum.Controllers.HomeController.Index (Forum)"'
2023-10-31 00:28:02.490 +01:00 [Information] Request finished HTTP/2 GET https://localhost:7290/ - - - 200 - text/html;+charset=utf-8 14.9625ms
2023-10-31 00:28:02.507 +01:00 [Information] Request starting HTTP/2 GET https://localhost:7290/_framework/aspnetcore-browser-refresh.js - -
2023-10-31 00:28:02.508 +01:00 [Information] Request finished HTTP/2 GET https://localhost:7290/_framework/aspnetcore-browser-refresh.js - - - 200 12342 application/javascript;+charset=utf-8 0.2873ms
2023-10-31 00:28:02.508 +01:00 [Information] Request starting HTTP/2 GET https://localhost:7290/_vs/browserLink - -
2023-10-31 00:28:02.512 +01:00 [Information] Request finished HTTP/2 GET https://localhost:7290/_vs/browserLink - - - 200 - text/javascript;+charset=UTF-8 3.6775ms
2023-10-31 00:28:04.102 +01:00 [Information] Request starting HTTP/2 GET https://localhost:7290/Questions - -
2023-10-31 00:28:04.103 +01:00 [Information] Executing endpoint '"Forum.Controllers.QuestionsController.Index (Forum)"'
2023-10-31 00:28:04.103 +01:00 [Information] Route matched with "{action = \"Index\", controller = \"Questions\", page = \"\", area = \"\"}". Executing controller action with signature "System.Threading.Tasks.Task`1[Microsoft.AspNetCore.Mvc.IActionResult] Index()" on controller "Forum.Controllers.QuestionsController" ("Forum").
2023-10-31 00:28:04.172 +01:00 [Information] Entity Framework Core "6.0.23" initialized '"ApplicationDbContext"' using provider '"Microsoft.EntityFrameworkCore.SqlServer":"6.0.23"' with options: "None"
2023-10-31 00:28:04.188 +01:00 [Information] Executing ViewResult, running view "Index".
2023-10-31 00:28:04.194 +01:00 [Information] Executed ViewResult - view "Index" executed in 6.1356ms.
2023-10-31 00:28:04.195 +01:00 [Information] Executed action "Forum.Controllers.QuestionsController.Index (Forum)" in 91.15ms
2023-10-31 00:28:04.195 +01:00 [Information] Executed endpoint '"Forum.Controllers.QuestionsController.Index (Forum)"'
2023-10-31 00:28:04.198 +01:00 [Information] Request finished HTTP/2 GET https://localhost:7290/Questions - - - 200 - text/html;+charset=utf-8 95.3221ms
2023-10-31 00:28:04.212 +01:00 [Information] Request starting HTTP/2 GET https://localhost:7290/_vs/browserLink - -
2023-10-31 00:28:04.213 +01:00 [Information] Request starting HTTP/2 GET https://localhost:7290/_framework/aspnetcore-browser-refresh.js - -
2023-10-31 00:28:04.214 +01:00 [Information] Request finished HTTP/2 GET https://localhost:7290/_framework/aspnetcore-browser-refresh.js - - - 200 12342 application/javascript;+charset=utf-8 0.4688ms
2023-10-31 00:28:04.219 +01:00 [Information] Request finished HTTP/2 GET https://localhost:7290/_vs/browserLink - - - 200 - text/javascript;+charset=UTF-8 6.7299ms
2023-10-31 00:28:06.136 +01:00 [Information] Request starting HTTP/2 GET https://localhost:7290/Questions/Details/4 - -
2023-10-31 00:28:06.140 +01:00 [Information] Executing endpoint '"Forum.Controllers.QuestionsController.Details (Forum)"'
2023-10-31 00:28:06.148 +01:00 [Information] Route matched with "{action = \"Details\", controller = \"Questions\", page = \"\", area = \"\"}". Executing controller action with signature "System.Threading.Tasks.Task`1[Microsoft.AspNetCore.Mvc.IActionResult] Details(System.Nullable`1[System.Int32])" on controller "Forum.Controllers.QuestionsController" ("Forum").
2023-10-31 00:28:06.153 +01:00 [Information] Entity Framework Core "6.0.23" initialized '"ApplicationDbContext"' using provider '"Microsoft.EntityFrameworkCore.SqlServer":"6.0.23"' with options: "None"
2023-10-31 00:28:06.234 +01:00 [Information] Executing ViewResult, running view "Details".
2023-10-31 00:28:06.252 +01:00 [Information] Executed ViewResult - view "Details" executed in 18.9497ms.
2023-10-31 00:28:06.252 +01:00 [Information] Executed action "Forum.Controllers.QuestionsController.Details (Forum)" in 103.9199ms
2023-10-31 00:28:06.252 +01:00 [Information] Executed endpoint '"Forum.Controllers.QuestionsController.Details (Forum)"'
2023-10-31 00:28:06.254 +01:00 [Information] Request finished HTTP/2 GET https://localhost:7290/Questions/Details/4 - - - 200 - text/html;+charset=utf-8 117.6499ms
2023-10-31 00:28:06.267 +01:00 [Information] Request starting HTTP/2 GET https://localhost:7290/_vs/browserLink - -
2023-10-31 00:28:06.267 +01:00 [Information] Request starting HTTP/2 GET https://localhost:7290/_framework/aspnetcore-browser-refresh.js - -
2023-10-31 00:28:06.267 +01:00 [Information] Request finished HTTP/2 GET https://localhost:7290/_framework/aspnetcore-browser-refresh.js - - - 200 12342 application/javascript;+charset=utf-8 0.2395ms
2023-10-31 00:28:06.270 +01:00 [Information] Request finished HTTP/2 GET https://localhost:7290/_vs/browserLink - - - 200 - text/javascript;+charset=UTF-8 2.7850ms
2023-10-31 00:28:10.992 +01:00 [Information] Request starting HTTP/2 POST https://localhost:7290/Questions/AddAnswer application/x-www-form-urlencoded 304
2023-10-31 00:28:11.005 +01:00 [Information] Executing endpoint '"Forum.Controllers.QuestionsController.AddAnswer (Forum)"'
2023-10-31 00:28:11.020 +01:00 [Information] Route matched with "{action = \"AddAnswer\", controller = \"Questions\", page = \"\", area = \"\"}". Executing controller action with signature "System.Threading.Tasks.Task`1[Microsoft.AspNetCore.Mvc.IActionResult] AddAnswer(Forum.Models.Answer)" on controller "Forum.Controllers.QuestionsController" ("Forum").
2023-10-31 00:28:11.025 +01:00 [Information] Executing RedirectResult, redirecting to "/Questions/Details/4".
2023-10-31 00:28:11.025 +01:00 [Information] Executed action "Forum.Controllers.QuestionsController.AddAnswer (Forum)" in 4.8556ms
2023-10-31 00:28:11.025 +01:00 [Information] Executed endpoint '"Forum.Controllers.QuestionsController.AddAnswer (Forum)"'
2023-10-31 00:28:11.025 +01:00 [Information] Request finished HTTP/2 POST https://localhost:7290/Questions/AddAnswer application/x-www-form-urlencoded 304 - 302 0 - 33.1498ms
2023-10-31 00:28:11.030 +01:00 [Information] Request starting HTTP/2 GET https://localhost:7290/Questions/Details/4 - -
2023-10-31 00:28:11.032 +01:00 [Information] Executing endpoint '"Forum.Controllers.QuestionsController.Details (Forum)"'
2023-10-31 00:28:11.032 +01:00 [Information] Route matched with "{action = \"Details\", controller = \"Questions\", page = \"\", area = \"\"}". Executing controller action with signature "System.Threading.Tasks.Task`1[Microsoft.AspNetCore.Mvc.IActionResult] Details(System.Nullable`1[System.Int32])" on controller "Forum.Controllers.QuestionsController" ("Forum").
2023-10-31 00:28:11.033 +01:00 [Information] Entity Framework Core "6.0.23" initialized '"ApplicationDbContext"' using provider '"Microsoft.EntityFrameworkCore.SqlServer":"6.0.23"' with options: "None"
2023-10-31 00:28:11.042 +01:00 [Information] Executing ViewResult, running view "Details".
2023-10-31 00:28:11.047 +01:00 [Information] Executed ViewResult - view "Details" executed in 5.0025ms.
2023-10-31 00:28:11.047 +01:00 [Information] Executed action "Forum.Controllers.QuestionsController.Details (Forum)" in 15.1061ms
2023-10-31 00:28:11.047 +01:00 [Information] Executed endpoint '"Forum.Controllers.QuestionsController.Details (Forum)"'
2023-10-31 00:28:11.050 +01:00 [Information] Request finished HTTP/2 GET https://localhost:7290/Questions/Details/4 - - - 200 - text/html;+charset=utf-8 19.8327ms
2023-10-31 00:28:11.063 +01:00 [Information] Request starting HTTP/2 GET https://localhost:7290/_vs/browserLink - -
2023-10-31 00:28:11.065 +01:00 [Information] Request starting HTTP/2 GET https://localhost:7290/_framework/aspnetcore-browser-refresh.js - -
2023-10-31 00:28:11.065 +01:00 [Information] Request finished HTTP/2 GET https://localhost:7290/_framework/aspnetcore-browser-refresh.js - - - 200 12342 application/javascript;+charset=utf-8 0.3333ms
2023-10-31 00:28:11.077 +01:00 [Information] Request finished HTTP/2 GET https://localhost:7290/_vs/browserLink - - - 200 - text/javascript;+charset=UTF-8 12.9809ms
